#
# There is insufficient memory for the Java Runtime Environment to continue.
# Native memory allocation (malloc) failed to allocate 32744 bytes. Error detail: Chunk::new
# Possible reasons:
#   The system is out of physical RAM or swap space
#   This process is running with CompressedOops enabled, and the Java Heap may be blocking the growth of the native heap
# Possible solutions:
#   Reduce memory load on the system
#   Increase physical memory or swap space
#   Check if swap backing store is full
#   Decrease Java heap size (-Xmx/-Xms)
#   Decrease number of Java threads
#   Decrease Java thread stack sizes (-Xss)
#   Set larger code cache with -XX:ReservedCodeCacheSize=
#   JVM is running with Zero Based Compressed Oops mode in which the Java heap is
#     placed in the first 32GB address space. The Java Heap base address is the
#     maximum limit for the native heap growth. Please use -XX:HeapBaseMinAddress
#     to set the Java Heap base and to place the Java Heap above 32GB virtual address.
# This output file may be truncated or incomplete.
#
#  Out of Memory Error (arena.cpp:150), pid=26396, tid=32472
#
# JRE version: Java(TM) SE Runtime Environment (22.0.2+9) (build 22.0.2+9-70)
# Java VM: Java HotSpot(TM) 64-Bit Server VM (22.0.2+9-70, mixed mode, sharing, tiered, compressed oops, compressed class ptrs, g1 gc, windows-amd64)
# No core dump will be written. Minidumps are not enabled by default on client versions of Windows
#

---------------  S U M M A R Y ------------

Command Line: -Dfile.encoding=UTF-8 --module-path=C:\Users\Zeeshan Akhtar\OneDrive\Documents\NetBeansProjects\AirlineManagementSystem\build\classes airlinemanagementsystem.BookFlight

Host: 12th Gen Intel(R) Core(TM) i5-1240P, 16 cores, 15G,  Windows 11 , 64 bit Build 22000 (10.0.22000.2538)
Time: Sat Aug 17 00:57:31 2024 India Standard Time elapsed time: 208865.541447 seconds (2d 10h 1m 5s)

---------------  T H R E A D  ---------------

Current thread (0x0000028e1e7db030):  JavaThread "C1 CompilerThread0" daemon [_thread_in_native, id=32472, stack(0x000000d677400000,0x000000d677500000) (1024K)]


Current CompileTask:
C1:208865541 1646   !   3       java.util.concurrent.ConcurrentHashMap::replaceNode (437 bytes)

Stack: [0x000000d677400000,0x000000d677500000]
Native frames: (J=compiled Java code, j=interpreted, Vv=VM code, C=native code)
V  [jvm.dll+0x6e26e9]  (no source info available)
V  [jvm.dll+0x875753]  (no source info available)
V  [jvm.dll+0x877b7e]  (no source info available)
V  [jvm.dll+0x878253]  (no source info available)
V  [jvm.dll+0x27fc86]  (no source info available)
V  [jvm.dll+0xc3d0f]  (no source info available)
V  [jvm.dll+0xc3f6b]  (no source info available)
V  [jvm.dll+0x13f1ce]  (no source info available)
V  [jvm.dll+0x13e697]  (no source info available)
V  [jvm.dll+0x19845a]  (no source info available)
V  [jvm.dll+0x1986f6]  (no source info available)
V  [jvm.dll+0x153e45]  (no source info available)
V  [jvm.dll+0x1535c3]  (no source info available)
V  [jvm.dll+0x1538a0]  (no source info available)
V  [jvm.dll+0x152c1d]  (no source info available)
V  [jvm.dll+0x154add]  (no source info available)
V  [jvm.dll+0x2568f3]  (no source info available)
V  [jvm.dll+0x254baa]  (no source info available)
V  [jvm.dll+0x3f57a6]  (no source info available)
V  [jvm.dll+0x81dc0b]  (no source info available)
V  [jvm.dll+0x6e0d85]  (no source info available)
C  [ucrtbase.dll+0x26c0c]  (no source info available)
C  [KERNEL32.DLL+0x153e0]  (no source info available)
C  [ntdll.dll+0x485b]  (no source info available)


---------------  P R O C E S S  ---------------

Threads class SMR info:
_java_thread_list=0x0000028e644a9dd0, length=16, elements={
0x0000028e1e7cda00, 0x0000028e1e7cf870, 0x0000028e1e7d28f0, 0x0000028e1e7d3760,
0x0000028e1e7d41c0, 0x0000028e1e7d6c30, 0x0000028e1e7da170, 0x0000028e1e7db030,
0x0000028e1e9fedf0, 0x0000028e1eb6d4d0, 0x0000028e1ecec4c0, 0x0000028e64008e30,
0x0000028e6400ff80, 0x0000028e6409ab30, 0x0000028e7ca9b600, 0x0000028e64505f90
}

Java Threads: ( => current thread )
  0x0000028e1e7cda00 JavaThread "Reference Handler"          daemon [_thread_blocked, id=38868, stack(0x000000d676d00000,0x000000d676e00000) (1024K)]
  0x0000028e1e7cf870 JavaThread "Finalizer"                  daemon [_thread_blocked, id=26696, stack(0x000000d676e00000,0x000000d676f00000) (1024K)]
  0x0000028e1e7d28f0 JavaThread "Signal Dispatcher"          daemon [_thread_blocked, id=32236, stack(0x000000d676f00000,0x000000d677000000) (1024K)]
  0x0000028e1e7d3760 JavaThread "Attach Listener"            daemon [_thread_blocked, id=22700, stack(0x000000d677000000,0x000000d677100000) (1024K)]
  0x0000028e1e7d41c0 JavaThread "Service Thread"             daemon [_thread_blocked, id=9120, stack(0x000000d677100000,0x000000d677200000) (1024K)]
  0x0000028e1e7d6c30 JavaThread "Monitor Deflation Thread"   daemon [_thread_blocked, id=33036, stack(0x000000d677200000,0x000000d677300000) (1024K)]
  0x0000028e1e7da170 JavaThread "C2 CompilerThread0"         daemon [_thread_blocked, id=14800, stack(0x000000d677300000,0x000000d677400000) (1024K)]
=>0x0000028e1e7db030 JavaThread "C1 CompilerThread0"         daemon [_thread_in_native, id=32472, stack(0x000000d677400000,0x000000d677500000) (1024K)]
  0x0000028e1e9fedf0 JavaThread "Common-Cleaner"             daemon [_thread_blocked, id=31504, stack(0x000000d677600000,0x000000d677700000) (1024K)]
  0x0000028e1eb6d4d0 JavaThread "Notification Thread"        daemon [_thread_blocked, id=28724, stack(0x000000d677a00000,0x000000d677b00000) (1024K)]
  0x0000028e1ecec4c0 JavaThread "Java2D Disposer"            daemon [_thread_blocked, id=38528, stack(0x000000d677b00000,0x000000d677c00000) (1024K)]
  0x0000028e64008e30 JavaThread "AWT-Shutdown"                      [_thread_blocked, id=5688, stack(0x000000d677c00000,0x000000d677d00000) (1024K)]
  0x0000028e6400ff80 JavaThread "AWT-Windows"                daemon [_thread_in_native, id=24252, stack(0x000000d677d00000,0x000000d677e00000) (1024K)]
  0x0000028e6409ab30 JavaThread "AWT-EventQueue-0"                  [_thread_in_vm, id=25196, stack(0x000000d678100000,0x000000d678200000) (1024K)]
  0x0000028e7ca9b600 JavaThread "DestroyJavaVM"                     [_thread_blocked, id=14316, stack(0x000000d676500000,0x000000d676600000) (1024K)]
  0x0000028e64505f90 JavaThread "TimerQueue"                 daemon [_thread_blocked, id=33676, stack(0x000000d678500000,0x000000d678600000) (1024K)]
Total: 16

Other Threads:
  0x0000028e1e7abb70 VMThread "VM Thread"                           [id=23836, stack(0x000000d676c00000,0x000000d676d00000) (1024K)]
  0x0000028e1e793a40 WatcherThread "VM Periodic Task Thread"        [id=25804, stack(0x000000d676b00000,0x000000d676c00000) (1024K)]
  0x0000028e7ed74bd0 WorkerThread "GC Thread#0"                     [id=8096, stack(0x000000d676600000,0x000000d676700000) (1024K)]
  0x0000028e64378ce0 WorkerThread "GC Thread#1"                     [id=45376, stack(0x000000d676300000,0x000000d676400000) (1024K)]
  0x0000028e64379090 WorkerThread "GC Thread#2"                     [id=45388, stack(0x000000d676400000,0x000000d676500000) (1024K)]
  0x0000028e64379440 WorkerThread "GC Thread#3"                     [id=45392, stack(0x000000d677500000,0x000000d677600000) (1024K)]
  0x0000028e643797f0 WorkerThread "GC Thread#4"                     [id=45396, stack(0x000000d677700000,0x000000d677800000) (1024K)]
  0x0000028e64379ba0 WorkerThread "GC Thread#5"                     [id=45400, stack(0x000000d677800000,0x000000d677900000) (1024K)]
  0x0000028e1eaff820 WorkerThread "GC Thread#6"                     [id=15788, stack(0x000000d677900000,0x000000d677a00000) (1024K)]
  0x0000028e6451c9c0 WorkerThread "GC Thread#7"                     [id=18644, stack(0x000000d677e00000,0x000000d677f00000) (1024K)]
  0x0000028e6451cd70 WorkerThread "GC Thread#8"                     [id=34144, stack(0x000000d677f00000,0x000000d678000000) (1024K)]
  0x0000028e6451d120 WorkerThread "GC Thread#9"                     [id=29836, stack(0x000000d678000000,0x000000d678100000) (1024K)]
  0x0000028e7ed856d0 ConcurrentGCThread "G1 Main Marker"            [id=31556, stack(0x000000d676700000,0x000000d676800000) (1024K)]
  0x0000028e7ed861e0 WorkerThread "G1 Conc#0"                       [id=17040, stack(0x000000d676800000,0x000000d676900000) (1024K)]
  0x0000028e1e668a40 ConcurrentGCThread "G1 Refine#0"               [id=15884, stack(0x000000d676900000,0x000000d676a00000) (1024K)]
  0x0000028e1e66a4e0 ConcurrentGCThread "G1 Service"                [id=15804, stack(0x000000d676a00000,0x000000d676b00000) (1024K)]
Total: 16

Threads with active compile tasks:
C1 CompilerThread0  208865698 1646   !   3       java.util.concurrent.ConcurrentHashMap::replaceNode (437 bytes)
Total: 1

VM state: not at safepoint (normal execution)

VM Mutex/Monitor currently owned by a thread: None

Heap address: 0x0000000704e00000, size: 4018 MB, Compressed Oops mode: Zero based, Oop shift amount: 3

CDS archive(s) mapped at: [0x0000028e1f000000-0x0000028e1fc60000-0x0000028e1fc60000), size 12976128, SharedBaseAddress: 0x0000028e1f000000, ArchiveRelocationMode: 1.
Compressed class space mapped at: 0x0000028e20000000-0x0000028e60000000, reserved size: 1073741824
Narrow klass base: 0x0000028e1f000000, Narrow klass shift: 0, Narrow klass range: 0x41000000

GC Precious Log:
 CardTable entry size: 512
 Card Set container configuration: InlinePtr #cards 4 size 8 Array Of Cards #cards 16 size 48 Howl #buckets 8 coarsen threshold 3686 Howl Bitmap #cards 512 size 80 coarsen threshold 460 Card regions per heap region 1 cards per card region 4096
 CPUs: 16 total, 16 available
 Memory: 16068M
 Large Page Support: Disabled
 NUMA Support: Disabled
 Compressed Oops: Enabled (Zero based)
 Heap Region Size: 2M
 Heap Min Capacity: 8M
 Heap Initial Capacity: 252M
 Heap Max Capacity: 4018M
 Pre-touch: Disabled
 Parallel Workers: 13
 Concurrent Workers: 3
 Concurrent Refinement Workers: 13
 Periodic GC: Disabled

Heap:
 garbage-first heap   total reserved 4114432K, committed 258048K, used 14961K [0x0000000704e00000, 0x0000000800000000)
  region size 2048K, 3 young (6144K), 2 survivors (4096K)
 Metaspace       used 9030K, committed 9216K, reserved 1114112K
  class space    used 976K, committed 1024K, reserved 1048576K

Heap Regions: E=young(eden), S=young(survivor), O=old, HS=humongous(starts), HC=humongous(continues), CS=collection set, F=free, TAMS=top-at-mark-start, PB=parsable bottom
|   0|0x0000000704e00000, 0x0000000705000000, 0x0000000705000000|100%|HS|  |TAMS 0x0000000704e00000| PB 0x0000000704e00000| Complete |  0
|   1|0x0000000705000000, 0x0000000705200000, 0x0000000705200000|100%|HC|  |TAMS 0x0000000705000000| PB 0x0000000705000000| Complete |  0
|   2|0x0000000705200000, 0x0000000705400000, 0x0000000705400000|100%|HC|  |TAMS 0x0000000705200000| PB 0x0000000705200000| Complete |  0
|   3|0x0000000705400000, 0x0000000705600000, 0x0000000705600000|100%|HC|  |TAMS 0x0000000705400000| PB 0x0000000705400000| Complete |  0
|   4|0x0000000705600000, 0x0000000705800000, 0x0000000705800000|100%| O|  |TAMS 0x0000000705600000| PB 0x0000000705600000| Untracked |  0
|   5|0x0000000705800000, 0x000000070589c410, 0x0000000705a00000| 30%| O|  |TAMS 0x0000000705800000| PB 0x0000000705800000| Untracked |  0
|   6|0x0000000705a00000, 0x0000000705a00000, 0x0000000705c00000|  0%| F|  |TAMS 0x0000000705a00000| PB 0x0000000705a00000| Untracked |  0
|   7|0x0000000705c00000, 0x0000000705c00000, 0x0000000705e00000|  0%| F|  |TAMS 0x0000000705c00000| PB 0x0000000705c00000| Untracked |  0
|   8|0x0000000705e00000, 0x0000000705e00000, 0x0000000706000000|  0%| F|  |TAMS 0x0000000705e00000| PB 0x0000000705e00000| Untracked |  0
|   9|0x0000000706000000, 0x0000000706000000, 0x0000000706200000|  0%| F|  |TAMS 0x0000000706000000| PB 0x0000000706000000| Untracked |  0
|  10|0x0000000706200000, 0x0000000706200000, 0x0000000706400000|  0%| F|  |TAMS 0x0000000706200000| PB 0x0000000706200000| Untracked |  0
|  11|0x0000000706400000, 0x0000000706400000, 0x0000000706600000|  0%| F|  |TAMS 0x0000000706400000| PB 0x0000000706400000| Untracked |  0
|  12|0x0000000706600000, 0x0000000706600000, 0x0000000706800000|  0%| F|  |TAMS 0x0000000706600000| PB 0x0000000706600000| Untracked |  0
|  13|0x0000000706800000, 0x0000000706800000, 0x0000000706a00000|  0%| F|  |TAMS 0x0000000706800000| PB 0x0000000706800000| Untracked |  0
|  14|0x0000000706a00000, 0x0000000706a00000, 0x0000000706c00000|  0%| F|  |TAMS 0x0000000706a00000| PB 0x0000000706a00000| Untracked |  0
|  15|0x0000000706c00000, 0x0000000706c00000, 0x0000000706e00000|  0%| F|  |TAMS 0x0000000706c00000| PB 0x0000000706c00000| Untracked |  0
|  16|0x0000000706e00000, 0x0000000706e00000, 0x0000000707000000|  0%| F|  |TAMS 0x0000000706e00000| PB 0x0000000706e00000| Untracked |  0
|  17|0x0000000707000000, 0x0000000707000000, 0x0000000707200000|  0%| F|  |TAMS 0x0000000707000000| PB 0x0000000707000000| Untracked |  0
|  18|0x0000000707200000, 0x0000000707200000, 0x0000000707400000|  0%| F|  |TAMS 0x0000000707200000| PB 0x0000000707200000| Untracked |  0
|  19|0x0000000707400000, 0x0000000707400000, 0x0000000707600000|  0%| F|  |TAMS 0x0000000707400000| PB 0x0000000707400000| Untracked |  0
|  20|0x0000000707600000, 0x0000000707600000, 0x0000000707800000|  0%| F|  |TAMS 0x0000000707600000| PB 0x0000000707600000| Untracked |  0
|  21|0x0000000707800000, 0x0000000707800000, 0x0000000707a00000|  0%| F|  |TAMS 0x0000000707800000| PB 0x0000000707800000| Untracked |  0
|  22|0x0000000707a00000, 0x0000000707a00000, 0x0000000707c00000|  0%| F|  |TAMS 0x0000000707a00000| PB 0x0000000707a00000| Untracked |  0
|  23|0x0000000707c00000, 0x0000000707c00000, 0x0000000707e00000|  0%| F|  |TAMS 0x0000000707c00000| PB 0x0000000707c00000| Untracked |  0
|  24|0x0000000707e00000, 0x0000000707e00000, 0x0000000708000000|  0%| F|  |TAMS 0x0000000707e00000| PB 0x0000000707e00000| Untracked |  0
|  25|0x0000000708000000, 0x0000000708000000, 0x0000000708200000|  0%| F|  |TAMS 0x0000000708000000| PB 0x0000000708000000| Untracked |  0
|  26|0x0000000708200000, 0x0000000708200000, 0x0000000708400000|  0%| F|  |TAMS 0x0000000708200000| PB 0x0000000708200000| Untracked |  0
|  27|0x0000000708400000, 0x0000000708400000, 0x0000000708600000|  0%| F|  |TAMS 0x0000000708400000| PB 0x0000000708400000| Untracked |  0
|  28|0x0000000708600000, 0x0000000708600000, 0x0000000708800000|  0%| F|  |TAMS 0x0000000708600000| PB 0x0000000708600000| Untracked |  0
|  29|0x0000000708800000, 0x0000000708800000, 0x0000000708a00000|  0%| F|  |TAMS 0x0000000708800000| PB 0x0000000708800000| Untracked |  0
|  30|0x0000000708a00000, 0x0000000708a00000, 0x0000000708c00000|  0%| F|  |TAMS 0x0000000708a00000| PB 0x0000000708a00000| Untracked |  0
|  31|0x0000000708c00000, 0x0000000708c00000, 0x0000000708e00000|  0%| F|  |TAMS 0x0000000708c00000| PB 0x0000000708c00000| Untracked |  0
|  32|0x0000000708e00000, 0x0000000708e00000, 0x0000000709000000|  0%| F|  |TAMS 0x0000000708e00000| PB 0x0000000708e00000| Untracked |  0
|  33|0x0000000709000000, 0x0000000709000000, 0x0000000709200000|  0%| F|  |TAMS 0x0000000709000000| PB 0x0000000709000000| Untracked |  0
|  34|0x0000000709200000, 0x0000000709200000, 0x0000000709400000|  0%| F|  |TAMS 0x0000000709200000| PB 0x0000000709200000| Untracked |  0
|  35|0x0000000709400000, 0x0000000709400000, 0x0000000709600000|  0%| F|  |TAMS 0x0000000709400000| PB 0x0000000709400000| Untracked |  0
|  36|0x0000000709600000, 0x0000000709600000, 0x0000000709800000|  0%| F|  |TAMS 0x0000000709600000| PB 0x0000000709600000| Untracked |  0
|  37|0x0000000709800000, 0x0000000709800000, 0x0000000709a00000|  0%| F|  |TAMS 0x0000000709800000| PB 0x0000000709800000| Untracked |  0
|  38|0x0000000709a00000, 0x0000000709a00000, 0x0000000709c00000|  0%| F|  |TAMS 0x0000000709a00000| PB 0x0000000709a00000| Untracked |  0
|  39|0x0000000709c00000, 0x0000000709c00000, 0x0000000709e00000|  0%| F|  |TAMS 0x0000000709c00000| PB 0x0000000709c00000| Untracked |  0
|  40|0x0000000709e00000, 0x0000000709e00000, 0x000000070a000000|  0%| F|  |TAMS 0x0000000709e00000| PB 0x0000000709e00000| Untracked |  0
|  41|0x000000070a000000, 0x000000070a000000, 0x000000070a200000|  0%| F|  |TAMS 0x000000070a000000| PB 0x000000070a000000| Untracked |  0
|  42|0x000000070a200000, 0x000000070a200000, 0x000000070a400000|  0%| F|  |TAMS 0x000000070a200000| PB 0x000000070a200000| Untracked |  0
|  43|0x000000070a400000, 0x000000070a400000, 0x000000070a600000|  0%| F|  |TAMS 0x000000070a400000| PB 0x000000070a400000| Untracked |  0
|  44|0x000000070a600000, 0x000000070a600000, 0x000000070a800000|  0%| F|  |TAMS 0x000000070a600000| PB 0x000000070a600000| Untracked |  0
|  45|0x000000070a800000, 0x000000070a800000, 0x000000070aa00000|  0%| F|  |TAMS 0x000000070a800000| PB 0x000000070a800000| Untracked |  0
|  46|0x000000070aa00000, 0x000000070aa00000, 0x000000070ac00000|  0%| F|  |TAMS 0x000000070aa00000| PB 0x000000070aa00000| Untracked |  0
|  47|0x000000070ac00000, 0x000000070ac00000, 0x000000070ae00000|  0%| F|  |TAMS 0x000000070ac00000| PB 0x000000070ac00000| Untracked |  0
|  48|0x000000070ae00000, 0x000000070ae00000, 0x000000070b000000|  0%| F|  |TAMS 0x000000070ae00000| PB 0x000000070ae00000| Untracked |  0
|  49|0x000000070b000000, 0x000000070b000000, 0x000000070b200000|  0%| F|  |TAMS 0x000000070b000000| PB 0x000000070b000000| Untracked |  0
|  50|0x000000070b200000, 0x000000070b200000, 0x000000070b400000|  0%| F|  |TAMS 0x000000070b200000| PB 0x000000070b200000| Untracked |  0
|  51|0x000000070b400000, 0x000000070b400000, 0x000000070b600000|  0%| F|  |TAMS 0x000000070b400000| PB 0x000000070b400000| Untracked |  0
|  52|0x000000070b600000, 0x000000070b600000, 0x000000070b800000|  0%| F|  |TAMS 0x000000070b600000| PB 0x000000070b600000| Untracked |  0
|  53|0x000000070b800000, 0x000000070b800000, 0x000000070ba00000|  0%| F|  |TAMS 0x000000070b800000| PB 0x000000070b800000| Untracked |  0
|  54|0x000000070ba00000, 0x000000070ba00000, 0x000000070bc00000|  0%| F|  |TAMS 0x000000070ba00000| PB 0x000000070ba00000| Untracked |  0
|  55|0x000000070bc00000, 0x000000070bc00000, 0x000000070be00000|  0%| F|  |TAMS 0x000000070bc00000| PB 0x000000070bc00000| Untracked |  0
|  56|0x000000070be00000, 0x000000070be00000, 0x000000070c000000|  0%| F|  |TAMS 0x000000070be00000| PB 0x000000070be00000| Untracked |  0
|  57|0x000000070c000000, 0x000000070c000000, 0x000000070c200000|  0%| F|  |TAMS 0x000000070c000000| PB 0x000000070c000000| Untracked |  0
|  58|0x000000070c200000, 0x000000070c200000, 0x000000070c400000|  0%| F|  |TAMS 0x000000070c200000| PB 0x000000070c200000| Untracked |  0
|  59|0x000000070c400000, 0x000000070c400000, 0x000000070c600000|  0%| F|  |TAMS 0x000000070c400000| PB 0x000000070c400000| Untracked |  0
|  60|0x000000070c600000, 0x000000070c600000, 0x000000070c800000|  0%| F|  |TAMS 0x000000070c600000| PB 0x000000070c600000| Untracked |  0
|  61|0x000000070c800000, 0x000000070c800000, 0x000000070ca00000|  0%| F|  |TAMS 0x000000070c800000| PB 0x000000070c800000| Untracked |  0
|  62|0x000000070ca00000, 0x000000070ca00000, 0x000000070cc00000|  0%| F|  |TAMS 0x000000070ca00000| PB 0x000000070ca00000| Untracked |  0
|  63|0x000000070cc00000, 0x000000070cc00000, 0x000000070ce00000|  0%| F|  |TAMS 0x000000070cc00000| PB 0x000000070cc00000| Untracked |  0
|  64|0x000000070ce00000, 0x000000070ce00000, 0x000000070d000000|  0%| F|  |TAMS 0x000000070ce00000| PB 0x000000070ce00000| Untracked |  0
|  65|0x000000070d000000, 0x000000070d000000, 0x000000070d200000|  0%| F|  |TAMS 0x000000070d000000| PB 0x000000070d000000| Untracked |  0
|  66|0x000000070d200000, 0x000000070d200000, 0x000000070d400000|  0%| F|  |TAMS 0x000000070d200000| PB 0x000000070d200000| Untracked |  0
|  67|0x000000070d400000, 0x000000070d400000, 0x000000070d600000|  0%| F|  |TAMS 0x000000070d400000| PB 0x000000070d400000| Untracked |  0
|  68|0x000000070d600000, 0x000000070d600000, 0x000000070d800000|  0%| F|  |TAMS 0x000000070d600000| PB 0x000000070d600000| Untracked |  0
|  69|0x000000070d800000, 0x000000070d800000, 0x000000070da00000|  0%| F|  |TAMS 0x000000070d800000| PB 0x000000070d800000| Untracked |  0
|  70|0x000000070da00000, 0x000000070da00000, 0x000000070dc00000|  0%| F|  |TAMS 0x000000070da00000| PB 0x000000070da00000| Untracked |  0
|  71|0x000000070dc00000, 0x000000070dc00000, 0x000000070de00000|  0%| F|  |TAMS 0x000000070dc00000| PB 0x000000070dc00000| Untracked |  0
|  72|0x000000070de00000, 0x000000070de00000, 0x000000070e000000|  0%| F|  |TAMS 0x000000070de00000| PB 0x000000070de00000| Untracked |  0
|  73|0x000000070e000000, 0x000000070e000000, 0x000000070e200000|  0%| F|  |TAMS 0x000000070e000000| PB 0x000000070e000000| Untracked |  0
|  74|0x000000070e200000, 0x000000070e200000, 0x000000070e400000|  0%| F|  |TAMS 0x000000070e200000| PB 0x000000070e200000| Untracked |  0
|  75|0x000000070e400000, 0x000000070e400000, 0x000000070e600000|  0%| F|  |TAMS 0x000000070e400000| PB 0x000000070e400000| Untracked |  0
|  76|0x000000070e600000, 0x000000070e600000, 0x000000070e800000|  0%| F|  |TAMS 0x000000070e600000| PB 0x000000070e600000| Untracked |  0
|  77|0x000000070e800000, 0x000000070e800000, 0x000000070ea00000|  0%| F|  |TAMS 0x000000070e800000| PB 0x000000070e800000| Untracked |  0
|  78|0x000000070ea00000, 0x000000070ea00000, 0x000000070ec00000|  0%| F|  |TAMS 0x000000070ea00000| PB 0x000000070ea00000| Untracked |  0
|  79|0x000000070ec00000, 0x000000070ec00000, 0x000000070ee00000|  0%| F|  |TAMS 0x000000070ec00000| PB 0x000000070ec00000| Untracked |  0
|  80|0x000000070ee00000, 0x000000070ee00000, 0x000000070f000000|  0%| F|  |TAMS 0x000000070ee00000| PB 0x000000070ee00000| Untracked |  0
|  81|0x000000070f000000, 0x000000070f000000, 0x000000070f200000|  0%| F|  |TAMS 0x000000070f000000| PB 0x000000070f000000| Untracked |  0
|  82|0x000000070f200000, 0x000000070f200000, 0x000000070f400000|  0%| F|  |TAMS 0x000000070f200000| PB 0x000000070f200000| Untracked |  0
|  83|0x000000070f400000, 0x000000070f400000, 0x000000070f600000|  0%| F|  |TAMS 0x000000070f400000| PB 0x000000070f400000| Untracked |  0
|  84|0x000000070f600000, 0x000000070f600000, 0x000000070f800000|  0%| F|  |TAMS 0x000000070f600000| PB 0x000000070f600000| Untracked |  0
|  85|0x000000070f800000, 0x000000070f800000, 0x000000070fa00000|  0%| F|  |TAMS 0x000000070f800000| PB 0x000000070f800000| Untracked |  0
|  86|0x000000070fa00000, 0x000000070fa00000, 0x000000070fc00000|  0%| F|  |TAMS 0x000000070fa00000| PB 0x000000070fa00000| Untracked |  0
|  87|0x000000070fc00000, 0x000000070fc00000, 0x000000070fe00000|  0%| F|  |TAMS 0x000000070fc00000| PB 0x000000070fc00000| Untracked |  0
|  88|0x000000070fe00000, 0x000000070fe00000, 0x0000000710000000|  0%| F|  |TAMS 0x000000070fe00000| PB 0x000000070fe00000| Untracked |  0
|  89|0x0000000710000000, 0x0000000710000000, 0x0000000710200000|  0%| F|  |TAMS 0x0000000710000000| PB 0x0000000710000000| Untracked |  0
|  90|0x0000000710200000, 0x0000000710200000, 0x0000000710400000|  0%| F|  |TAMS 0x0000000710200000| PB 0x0000000710200000| Untracked |  0
|  91|0x0000000710400000, 0x0000000710400000, 0x0000000710600000|  0%| F|  |TAMS 0x0000000710400000| PB 0x0000000710400000| Untracked |  0
|  92|0x0000000710600000, 0x0000000710600000, 0x0000000710800000|  0%| F|  |TAMS 0x0000000710600000| PB 0x0000000710600000| Untracked |  0
|  93|0x0000000710800000, 0x0000000710800000, 0x0000000710a00000|  0%| F|  |TAMS 0x0000000710800000| PB 0x0000000710800000| Untracked |  0
|  94|0x0000000710a00000, 0x0000000710a00000, 0x0000000710c00000|  0%| F|  |TAMS 0x0000000710a00000| PB 0x0000000710a00000| Untracked |  0
|  95|0x0000000710c00000, 0x0000000710c00000, 0x0000000710e00000|  0%| F|  |TAMS 0x0000000710c00000| PB 0x0000000710c00000| Untracked |  0
|  96|0x0000000710e00000, 0x0000000710e00000, 0x0000000711000000|  0%| F|  |TAMS 0x0000000710e00000| PB 0x0000000710e00000| Untracked |  0
|  97|0x0000000711000000, 0x0000000711000000, 0x0000000711200000|  0%| F|  |TAMS 0x0000000711000000| PB 0x0000000711000000| Untracked |  0
|  98|0x0000000711200000, 0x0000000711200000, 0x0000000711400000|  0%| F|  |TAMS 0x0000000711200000| PB 0x0000000711200000| Untracked |  0
|  99|0x0000000711400000, 0x0000000711400000, 0x0000000711600000|  0%| F|  |TAMS 0x0000000711400000| PB 0x0000000711400000| Untracked |  0
| 100|0x0000000711600000, 0x0000000711600000, 0x0000000711800000|  0%| F|  |TAMS 0x0000000711600000| PB 0x0000000711600000| Untracked |  0
| 101|0x0000000711800000, 0x0000000711800000, 0x0000000711a00000|  0%| F|  |TAMS 0x0000000711800000| PB 0x0000000711800000| Untracked |  0
| 102|0x0000000711a00000, 0x0000000711a00000, 0x0000000711c00000|  0%| F|  |TAMS 0x0000000711a00000| PB 0x0000000711a00000| Untracked |  0
| 103|0x0000000711c00000, 0x0000000711c00000, 0x0000000711e00000|  0%| F|  |TAMS 0x0000000711c00000| PB 0x0000000711c00000| Untracked |  0
| 104|0x0000000711e00000, 0x0000000711e00000, 0x0000000712000000|  0%| F|  |TAMS 0x0000000711e00000| PB 0x0000000711e00000| Untracked |  0
| 105|0x0000000712000000, 0x0000000712000000, 0x0000000712200000|  0%| F|  |TAMS 0x0000000712000000| PB 0x0000000712000000| Untracked |  0
| 106|0x0000000712200000, 0x0000000712200000, 0x0000000712400000|  0%| F|  |TAMS 0x0000000712200000| PB 0x0000000712200000| Untracked |  0
| 107|0x0000000712400000, 0x0000000712400000, 0x0000000712600000|  0%| F|  |TAMS 0x0000000712400000| PB 0x0000000712400000| Untracked |  0
| 108|0x0000000712600000, 0x0000000712600000, 0x0000000712800000|  0%| F|  |TAMS 0x0000000712600000| PB 0x0000000712600000| Untracked |  0
| 109|0x0000000712800000, 0x0000000712800000, 0x0000000712a00000|  0%| F|  |TAMS 0x0000000712800000| PB 0x0000000712800000| Untracked |  0
| 110|0x0000000712a00000, 0x0000000712a00000, 0x0000000712c00000|  0%| F|  |TAMS 0x0000000712a00000| PB 0x0000000712a00000| Untracked |  0
| 111|0x0000000712c00000, 0x0000000712c00000, 0x0000000712e00000|  0%| F|  |TAMS 0x0000000712c00000| PB 0x0000000712c00000| Untracked |  0
| 112|0x0000000712e00000, 0x0000000713000000, 0x0000000713000000|100%| S|CS|TAMS 0x0000000712e00000| PB 0x0000000712e00000| Complete |  0
| 113|0x0000000713000000, 0x0000000713200000, 0x0000000713200000|100%| S|CS|TAMS 0x0000000713000000| PB 0x0000000713000000| Complete |  0
| 114|0x0000000713200000, 0x0000000713200000, 0x0000000713400000|  0%| F|  |TAMS 0x0000000713200000| PB 0x0000000713200000| Untracked |  0
| 115|0x0000000713400000, 0x0000000713400000, 0x0000000713600000|  0%| F|  |TAMS 0x0000000713400000| PB 0x0000000713400000| Untracked |  0
| 116|0x0000000713600000, 0x0000000713600000, 0x0000000713800000|  0%| F|  |TAMS 0x0000000713600000| PB 0x0000000713600000| Untracked |  0
| 117|0x0000000713800000, 0x0000000713800000, 0x0000000713a00000|  0%| F|  |TAMS 0x0000000713800000| PB 0x0000000713800000| Untracked |  0
| 118|0x0000000713a00000, 0x0000000713a00000, 0x0000000713c00000|  0%| F|  |TAMS 0x0000000713a00000| PB 0x0000000713a00000| Untracked |  0
| 119|0x0000000713c00000, 0x0000000713c00000, 0x0000000713e00000|  0%| F|  |TAMS 0x0000000713c00000| PB 0x0000000713c00000| Untracked |  0
| 120|0x0000000713e00000, 0x0000000713e00000, 0x0000000714000000|  0%| F|  |TAMS 0x0000000713e00000| PB 0x0000000713e00000| Untracked |  0
| 121|0x0000000714000000, 0x0000000714000000, 0x0000000714200000|  0%| F|  |TAMS 0x0000000714000000| PB 0x0000000714000000| Untracked |  0
| 122|0x0000000714200000, 0x0000000714200000, 0x0000000714400000|  0%| F|  |TAMS 0x0000000714200000| PB 0x0000000714200000| Untracked |  0
| 123|0x0000000714400000, 0x0000000714400000, 0x0000000714600000|  0%| F|  |TAMS 0x0000000714400000| PB 0x0000000714400000| Untracked |  0
| 124|0x0000000714600000, 0x0000000714600000, 0x0000000714800000|  0%| F|  |TAMS 0x0000000714600000| PB 0x0000000714600000| Untracked |  0
| 125|0x0000000714800000, 0x00000007149380f0, 0x0000000714a00000| 60%| E|  |TAMS 0x0000000714800000| PB 0x0000000714800000| Complete |  0

Card table byte_map: [0x0000028e17290000,0x0000028e17a70000] _byte_map_base: 0x0000028e13a69000

Marking Bits: (CMBitMap*) 0x0000028e7ed752e0
 Bits: [0x0000028e17a70000, 0x0000028e1b938000)

Polling page: 0x0000028e7cc80000

Metaspace:

Usage:
  Non-class:      7.87 MB used.
      Class:    976.48 KB used.
       Both:      8.82 MB used.

Virtual space:
  Non-class space:       64.00 MB reserved,       8.00 MB ( 12%) committed,  1 nodes.
      Class space:        1.00 GB reserved,       1.00 MB ( <1%) committed,  1 nodes.
             Both:        1.06 GB reserved,       9.00 MB ( <1%) committed. 

Chunk freelists:
   Non-Class:  8.05 MB
       Class:  15.00 MB
        Both:  23.05 MB

MaxMetaspaceSize: unlimited
CompressedClassSpaceSize: 1.00 GB
Initial GC threshold: 21.00 MB
Current GC threshold: 21.00 MB
CDS: on
 - commit_granule_bytes: 65536.
 - commit_granule_words: 8192.
 - virtual_space_node_default_size: 8388608.
 - enlarge_chunks_in_place: 1.
 - use_allocation_guard: 0.


Internal statistics:

num_allocs_failed_limit: 0.
num_arena_births: 152.
num_arena_deaths: 0.
num_vsnodes_births: 2.
num_vsnodes_deaths: 0.
num_space_committed: 144.
num_space_uncommitted: 0.
num_chunks_returned_to_freelist: 0.
num_chunks_taken_from_freelist: 199.
num_chunk_merges: 0.
num_chunk_splits: 113.
num_chunks_enlarged: 42.
num_inconsistent_stats: 0.

CodeHeap 'non-profiled nmethods': size=119168Kb used=450Kb max_used=450Kb free=118717Kb
 bounds [0x0000028e0fe30000, 0x0000028e100a0000, 0x0000028e17290000]
CodeHeap 'profiled nmethods': size=119104Kb used=2770Kb max_used=2770Kb free=116334Kb
 bounds [0x0000028e08290000, 0x0000028e08550000, 0x0000028e0f6e0000]
CodeHeap 'non-nmethods': size=7488Kb used=1612Kb max_used=3314Kb free=5876Kb
 bounds [0x0000028e0f6e0000, 0x0000028e0fa20000, 0x0000028e0fe30000]
 total_blobs=2311 nmethods=1644 adapters=572
 compilation: enabled
              stopped_count=0, restarted_count=0
 full_count=0

Compilation events (20 events):
Event: 113365.809 Thread 0x0000028e1e7db030 nmethod 1636 0x0000028e0853fa10 code [0x0000028e0853fc40, 0x0000028e08540638]
Event: 113365.809 Thread 0x0000028e1e7db030 1638       3       java.util.ComparableTimSort::mergeCollapse (134 bytes)
Event: 113365.809 Thread 0x0000028e1e7db030 nmethod 1638 0x0000028e08540910 code [0x0000028e08540b00, 0x0000028e08540fe0]
Event: 113365.809 Thread 0x0000028e1e7db030 1637       3       java.util.ComparableTimSort::pushRun (31 bytes)
Event: 113365.809 Thread 0x0000028e1e7db030 nmethod 1637 0x0000028e08541290 code [0x0000028e08541420, 0x0000028e08541590]
Event: 113365.809 Thread 0x0000028e1e7db030 1639       3       java.util.concurrent.locks.LockSupport::park (24 bytes)
Event: 113365.810 Thread 0x0000028e1e7db030 nmethod 1639 0x0000028e08541690 code [0x0000028e08541860, 0x0000028e08541b80]
Event: 123927.181 Thread 0x0000028e1e7da170 1640       4       jdk.internal.misc.Unsafe::weakCompareAndSetInt (11 bytes)
Event: 123927.204 Thread 0x0000028e1e7da170 nmethod 1640 0x0000028e0fea0210 code [0x0000028e0fea0380, 0x0000028e0fea0418]
Event: 200658.438 Thread 0x0000028e1e7db030 1641       3       java.util.concurrent.ForkJoinPool::managedBlock (36 bytes)
Event: 200658.459 Thread 0x0000028e1e7db030 nmethod 1641 0x0000028e08541c90 code [0x0000028e08541f00, 0x0000028e08542be0]
Event: 200658.459 Thread 0x0000028e1e7db030 1643       3       java.util.concurrent.locks.AbstractQueuedSynchronizer$ConditionNode::block (15 bytes)
Event: 200658.461 Thread 0x0000028e1e7db030 nmethod 1643 0x0000028e08542f90 code [0x0000028e08543180, 0x0000028e08543738]
Event: 200658.461 Thread 0x0000028e1e7db030 1642       3       java.util.concurrent.ForkJoinPool::unmanagedBlock (24 bytes)
Event: 200658.462 Thread 0x0000028e1e7db030 nmethod 1642 0x0000028e08543910 code [0x0000028e08543b40, 0x0000028e08544500]
Event: 205806.550 Thread 0x0000028e1e7da170 1644       4       jdk.internal.misc.Unsafe::putIntOpaque (9 bytes)
Event: 205806.561 Thread 0x0000028e1e7da170 nmethod 1644 0x0000028e0fea0510 code [0x0000028e0fea0680, 0x0000028e0fea0718]
Event: 205926.575 Thread 0x0000028e1e7da170 1645       4       java.util.concurrent.locks.AbstractQueuedSynchronizer$Node::setStatusRelaxed (12 bytes)
Event: 205926.576 Thread 0x0000028e1e7da170 nmethod 1645 0x0000028e0fea0810 code [0x0000028e0fea0980, 0x0000028e0fea0a10]
Event: 208865.264 Thread 0x0000028e1e7db030 1646   !   3       java.util.concurrent.ConcurrentHashMap::replaceNode (437 bytes)

GC Heap History (2 events):
Event: 113365.636 GC heap before
{Heap before GC invocations=0 (full 0):
 garbage-first heap   total reserved 4114432K, committed 258048K, used 30720K [0x0000000704e00000, 0x0000000800000000)
  region size 2048K, 12 young (24576K), 0 survivors (0K)
 Metaspace       used 9016K, committed 9216K, reserved 1114112K
  class space    used 975K, committed 1024K, reserved 1048576K
}
Event: 113365.769 GC heap after
{Heap after GC invocations=1 (full 0):
 garbage-first heap   total reserved 4114432K, committed 258048K, used 14961K [0x0000000704e00000, 0x0000000800000000)
  region size 2048K, 2 young (4096K), 2 survivors (4096K)
 Metaspace       used 9016K, committed 9216K, reserved 1114112K
  class space    used 975K, committed 1024K, reserved 1048576K
}

Dll operation events (9 events):
Event: 0.011 Loaded shared library C:\Program Files\Java\jdk-22\bin\java.dll
Event: 0.047 Loaded shared library C:\Program Files\Java\jdk-22\bin\jsvml.dll
Event: 0.083 Loaded shared library C:\Program Files\Java\jdk-22\bin\net.dll
Event: 0.084 Loaded shared library C:\Program Files\Java\jdk-22\bin\nio.dll
Event: 0.129 Loaded shared library C:\Program Files\Java\jdk-22\bin\zip.dll
Event: 0.152 Loaded shared library C:\Program Files\Java\jdk-22\bin\jimage.dll
Event: 0.177 Loaded shared library C:\Program Files\Java\jdk-22\bin\awt.dll
Event: 0.636 Loaded shared library C:\Program Files\Java\jdk-22\bin\freetype.dll
Event: 0.637 Loaded shared library C:\Program Files\Java\jdk-22\bin\fontmanager.dll

Deoptimization events (20 events):
Event: 45853.199 Thread 0x0000028e6400ff80 Uncommon trap: trap_request=0xffffffbe fr.pc=0x0000028e0fe99bec relative=0x000000000000024c
Event: 45853.199 Thread 0x0000028e6400ff80 Uncommon trap: reason=profile_predicate action=maybe_recompile pc=0x0000028e0fe99bec method=java.util.HashMap.keysToArray([Ljava/lang/Object;)[Ljava/lang/Object; @ 48 c2
Event: 45853.199 Thread 0x0000028e6400ff80 DEOPT PACKING pc=0x0000028e0fe99bec sp=0x000000d677dfe650
Event: 45853.199 Thread 0x0000028e6400ff80 DEOPT UNPACKING pc=0x0000028e0f7346a2 sp=0x000000d677dfe608 mode 2
Event: 45876.063 Thread 0x0000028e6400ff80 Uncommon trap: trap_request=0xffffffd6 fr.pc=0x0000028e0fe9a4e4 relative=0x00000000000004a4
Event: 45876.063 Thread 0x0000028e6400ff80 Uncommon trap: reason=array_check action=maybe_recompile pc=0x0000028e0fe9a4e4 method=java.util.HashMap.keysToArray([Ljava/lang/Object;)[Ljava/lang/Object; @ 62 c2
Event: 45876.063 Thread 0x0000028e6400ff80 DEOPT PACKING pc=0x0000028e0fe9a4e4 sp=0x000000d677dfe650
Event: 45876.063 Thread 0x0000028e6400ff80 DEOPT UNPACKING pc=0x0000028e0f7346a2 sp=0x000000d677dfe5f8 mode 2
Event: 45884.049 Thread 0x0000028e6400ff80 Uncommon trap: trap_request=0xffffffd6 fr.pc=0x0000028e0fe9a4e4 relative=0x00000000000004a4
Event: 45884.049 Thread 0x0000028e6400ff80 Uncommon trap: reason=array_check action=maybe_recompile pc=0x0000028e0fe9a4e4 method=java.util.HashMap.keysToArray([Ljava/lang/Object;)[Ljava/lang/Object; @ 62 c2
Event: 45884.049 Thread 0x0000028e6400ff80 DEOPT PACKING pc=0x0000028e0fe9a4e4 sp=0x000000d677dfe650
Event: 45884.049 Thread 0x0000028e6400ff80 DEOPT UNPACKING pc=0x0000028e0f7346a2 sp=0x000000d677dfe5f8 mode 2
Event: 45894.072 Thread 0x0000028e6400ff80 Uncommon trap: trap_request=0xffffffd6 fr.pc=0x0000028e0fe9a4e4 relative=0x00000000000004a4
Event: 45894.072 Thread 0x0000028e6400ff80 Uncommon trap: reason=array_check action=maybe_recompile pc=0x0000028e0fe9a4e4 method=java.util.HashMap.keysToArray([Ljava/lang/Object;)[Ljava/lang/Object; @ 62 c2
Event: 45894.072 Thread 0x0000028e6400ff80 DEOPT PACKING pc=0x0000028e0fe9a4e4 sp=0x000000d677dfe650
Event: 45894.072 Thread 0x0000028e6400ff80 DEOPT UNPACKING pc=0x0000028e0f7346a2 sp=0x000000d677dfe5f8 mode 2
Event: 45902.720 Thread 0x0000028e6400ff80 Uncommon trap: trap_request=0xffffffd6 fr.pc=0x0000028e0fe9a4e4 relative=0x00000000000004a4
Event: 45902.720 Thread 0x0000028e6400ff80 Uncommon trap: reason=array_check action=maybe_recompile pc=0x0000028e0fe9a4e4 method=java.util.HashMap.keysToArray([Ljava/lang/Object;)[Ljava/lang/Object; @ 62 c2
Event: 45902.720 Thread 0x0000028e6400ff80 DEOPT PACKING pc=0x0000028e0fe9a4e4 sp=0x000000d677dfe650
Event: 45902.720 Thread 0x0000028e6400ff80 DEOPT UNPACKING pc=0x0000028e0f7346a2 sp=0x000000d677dfe5f8 mode 2

Classes loaded (20 events):
Event: 1.067 Loading class java/awt/Container$EventTargetFilter done
Event: 1.067 Loading class java/awt/Container$MouseEventTargetFilter done
Event: 1.067 Loading class java/awt/LightweightDispatcher$1
Event: 1.067 Loading class java/awt/LightweightDispatcher$1 done
Event: 1.067 Loading class java/awt/event/AWTEventListenerProxy
Event: 1.067 Loading class java/awt/event/AWTEventListenerProxy done
Event: 1.067 Loading class java/awt/Toolkit$SelectiveAWTEventListener
Event: 1.067 Loading class java/awt/Toolkit$SelectiveAWTEventListener done
Event: 1.067 Loading class java/awt/Toolkit$ToolkitEventMulticaster
Event: 1.067 Loading class java/awt/Toolkit$ToolkitEventMulticaster done
Event: 1.067 Loading class java/awt/event/MouseWheelEvent
Event: 1.068 Loading class java/awt/event/MouseWheelEvent done
Event: 1.571 Loading class javax/swing/Timer$1
Event: 1.571 Loading class javax/swing/Timer$1 done
Event: 1.789 Loading class java/awt/LightweightDispatcher$2
Event: 1.789 Loading class java/awt/LightweightDispatcher$2 done
Event: 5.467 Loading class java/awt/KeyboardFocusManager$2
Event: 5.467 Loading class java/awt/KeyboardFocusManager$2 done
Event: 5.468 Loading class sun/awt/SunToolkit$1
Event: 5.468 Loading class sun/awt/SunToolkit$1 done

Classes unloaded (0 events):
No events

Classes redefined (0 events):
No events

Internal exceptions (14 events):
Event: 0.089 Thread 0x0000028e7ca9b600 Exception <a 'sun/nio/fs/WindowsException'{0x00000007149b2f78}> (0x00000007149b2f78) 
thrown [s\open\src\hotspot\share\prims\jni.cpp, line 520]
Event: 0.097 Thread 0x0000028e7ca9b600 Exception <a 'sun/nio/fs/WindowsException'{0x00000007149b5848}> (0x00000007149b5848) 
thrown [s\open\src\hotspot\share\prims\jni.cpp, line 520]
Event: 0.162 Thread 0x0000028e7ca9b600 Exception <a 'java/lang/ClassNotFoundException'{0x0000000714404658}: sun/awt/resources/spi/awtProvider> (0x0000000714404658) 
thrown [s\open\src\hotspot\share\classfile\systemDictionary.cpp, line 313]
Event: 0.197 Thread 0x0000028e7ca9b600 Exception <a 'java/io/FileNotFoundException'{0x0000000714458158}> (0x0000000714458158) 
thrown [s\open\src\hotspot\share\prims\jni.cpp, line 520]
Event: 0.214 Thread 0x0000028e7ca9b600 Exception <a 'java/io/FileNotFoundException'{0x0000000714501448}> (0x0000000714501448) 
thrown [s\open\src\hotspot\share\prims\jni.cpp, line 520]
Event: 0.325 Thread 0x0000028e7ca9b600 Exception <a 'java/lang/NoSuchMethodError'{0x000000071428fc58}: 'void java.lang.invoke.DirectMethodHandle$Holder.invokeSpecial(java.lang.Object, java.lang.Object, java.lang.Object)'> (0x000000071428fc58) 
thrown [s\open\src\hotspot\share\interpreter\linkResolver.cpp, line 774]
Event: 0.333 Thread 0x0000028e7ca9b600 Exception <a 'java/lang/NoSuchMethodError'{0x00000007142b5f30}: 'java.lang.Object java.lang.invoke.DirectMethodHandle$Holder.newInvokeSpecial(java.lang.Object, java.lang.Object, java.lang.Object, java.lang.Object, java.lang.Object)'> (0x00000007142b5f30) 
thrown [s\open\src\hotspot\share\interpreter\linkResolver.cpp, line 774]
Event: 0.341 Thread 0x0000028e7ca9b600 Exception <a 'java/lang/NoSuchMethodError'{0x00000007142e2848}: 'java.lang.Object java.lang.invoke.DirectMethodHandle$Holder.invokeStatic(java.lang.Object, int, java.lang.Object)'> (0x00000007142e2848) 
thrown [s\open\src\hotspot\share\interpreter\linkResolver.cpp, line 774]
Event: 0.376 Thread 0x0000028e7ca9b600 Exception <a 'java/lang/ClassNotFoundException'{0x0000000714384c20}: com/sun/swing/internal/plaf/metal/resources/spi/metalProvider> (0x0000000714384c20) 
thrown [s\open\src\hotspot\share\classfile\systemDictionary.cpp, line 313]
Event: 0.377 Thread 0x0000028e7ca9b600 Exception <a 'java/lang/ClassNotFoundException'{0x0000000714388bd0}: com/sun/swing/internal/plaf/basic/resources/spi/basicProvider> (0x0000000714388bd0) 
thrown [s\open\src\hotspot\share\classfile\systemDictionary.cpp, line 313]
Event: 0.390 Thread 0x0000028e7ca9b600 Exception <a 'java/lang/NoSuchMethodError'{0x00000007143a8270}: 'int java.lang.invoke.Invokers$Holder.invokeExact_MT(java.lang.Object, java.lang.Object)'> (0x00000007143a8270) 
thrown [s\open\src\hotspot\share\interpreter\linkResolver.cpp, line 774]
Event: 0.554 Thread 0x0000028e64075690 Exception <a 'java/lang/NoSuchMethodError'{0x000000071419e5f8}: 'java.lang.Object java.lang.invoke.DirectMethodHandle$Holder.newInvokeSpecial(java.lang.Object, java.lang.Object, java.lang.Object, int, int, int, int, int)'> (0x000000071419e5f8) 
thrown [s\open\src\hotspot\share\interpreter\linkResolver.cpp, line 774]
Event: 0.610 Thread 0x0000028e6400ff80 Exception <a 'java/lang/NoSuchMethodError'{0x000000071420ee18}: 'void java.lang.invoke.DirectMethodHandle$Holder.invokeVirtual(java.lang.Object, java.lang.Object)'> (0x000000071420ee18) 
thrown [s\open\src\hotspot\share\interpreter\linkResolver.cpp, line 774]
Event: 0.630 Thread 0x0000028e7ca9b600 Exception <a 'java/lang/NoSuchMethodError'{0x0000000713fa8778}: 'void java.lang.invoke.DirectMethodHandle$Holder.invokeStaticInit(java.lang.Object)'> (0x0000000713fa8778) 
thrown [s\open\src\hotspot\share\interpreter\linkResolver.cpp, line 774]

ZGC Phase Switch (0 events):
No events

VM Operations (20 events):
Event: 33236.062 Executing VM operation: Cleanup
Event: 33236.065 Executing VM operation: Cleanup done
Event: 45830.381 Executing VM operation: Cleanup
Event: 45830.382 Executing VM operation: Cleanup done
Event: 45884.492 Executing VM operation: Cleanup
Event: 45884.492 Executing VM operation: Cleanup done
Event: 45894.789 Executing VM operation: Cleanup
Event: 45894.789 Executing VM operation: Cleanup done
Event: 46000.348 Executing VM operation: Cleanup
Event: 46000.348 Executing VM operation: Cleanup done
Event: 46015.874 Executing VM operation: Cleanup
Event: 46015.874 Executing VM operation: Cleanup done
Event: 46044.534 Executing VM operation: Cleanup
Event: 46044.534 Executing VM operation: Cleanup done
Event: 87347.741 Executing VM operation: Cleanup
Event: 87347.741 Executing VM operation: Cleanup done
Event: 113365.634 Executing VM operation: G1CollectForAllocation (G1 Evacuation Pause)
Event: 113365.770 Executing VM operation: G1CollectForAllocation (G1 Evacuation Pause) done
Event: 208865.279 Executing VM operation: Cleanup
Event: 208865.319 Executing VM operation: Cleanup done

Memory protections (0 events):
No events

Nmethod flushes (0 events):
No events

Events (20 events):
Event: 0.496 Thread 0x0000028e1e7db030 Thread added: 0x0000028e6410ac70
Event: 0.503 Thread 0x0000028e1e9ffc80 Thread added: 0x0000028e64113540
Event: 0.538 Thread 0x0000028e1e7db030 Thread added: 0x0000028e641f94c0
Event: 0.609 Thread 0x0000028e6400ff80 Thread added: 0x0000028e6409ab30
Event: 0.752 Thread 0x0000028e7ca9b600 Thread exited: 0x0000028e7ca9b600
Event: 0.752 Thread 0x0000028e7ca9b600 Thread added: 0x0000028e7ca9b600
Event: 0.785 Thread 0x0000028e641f94c0 Thread exited: 0x0000028e641f94c0
Event: 0.785 Thread 0x0000028e64113540 Thread exited: 0x0000028e64113540
Event: 0.786 Thread 0x0000028e6410ac70 Thread exited: 0x0000028e6410ac70
Event: 0.886 Thread 0x0000028e1ea08900 Thread added: 0x0000028e6432b080
Event: 1.007 Thread 0x0000028e1ea08900 Thread added: 0x0000028e644a11e0
Event: 1.012 Thread 0x0000028e1ea08900 Thread added: 0x0000028e644a65c0
Event: 1.064 Thread 0x0000028e6409ab30 Thread added: 0x0000028e64505f90
Event: 1.572 Thread 0x0000028e1ea08900 Thread exited: 0x0000028e1ea08900
Event: 1.572 Thread 0x0000028e1e9ffc80 Thread exited: 0x0000028e1e9ffc80
Event: 1.572 Thread 0x0000028e644a65c0 Thread exited: 0x0000028e644a65c0
Event: 1.572 Thread 0x0000028e644a11e0 Thread exited: 0x0000028e644a11e0
Event: 1.572 Thread 0x0000028e6432b080 Thread exited: 0x0000028e6432b080
Event: 1.572 Thread 0x0000028e1e796540 Thread exited: 0x0000028e1e796540
Event: 5.608 Thread 0x0000028e64075690 Thread exited: 0x0000028e64075690


Dynamic libraries:
0x00007ff7cc6e0000 - 0x00007ff7cc6f0000 	C:\Program Files\Java\jdk-22\bin\java.exe
0x00007ffbb7aa0000 - 0x00007ffbb7ca9000 	C:\Windows\SYSTEM32\ntdll.dll
0x00007ffbb6a10000 - 0x00007ffbb6acd000 	C:\Windows\System32\KERNEL32.DLL
0x00007ffbb5470000 - 0x00007ffbb57f4000 	C:\Windows\System32\KERNELBASE.dll
0x00007ffbb1d30000 - 0x00007ffbb1dc2000 	C:\Windows\SYSTEM32\apphelp.dll
0x00007ffbb51e0000 - 0x00007ffbb52f1000 	C:\Windows\System32\ucrtbase.dll
0x00007ffbacb40000 - 0x00007ffbacb5b000 	C:\Program Files\Java\jdk-22\bin\VCRUNTIME140.dll
0x00007ffb9ef20000 - 0x00007ffb9ef37000 	C:\Program Files\Java\jdk-22\bin\jli.dll
0x00007ffbb6760000 - 0x00007ffbb690d000 	C:\Windows\System32\USER32.dll
0x00007ffbb58c0000 - 0x00007ffbb58e6000 	C:\Windows\System32\win32u.dll
0x00007ffb97f00000 - 0x00007ffb981a5000 	C:\Windows\WinSxS\amd64_microsoft.windows.common-controls_6595b64144ccf1df_6.0.22000.120_none_9d947278b86cc467\COMCTL32.dll
0x00007ffbb7010000 - 0x00007ffbb703a000 	C:\Windows\System32\GDI32.dll
0x00007ffbb5b30000 - 0x00007ffbb5bd3000 	C:\Windows\System32\msvcrt.dll
0x00007ffbb50c0000 - 0x00007ffbb51de000 	C:\Windows\System32\gdi32full.dll
0x00007ffbb4fa0000 - 0x00007ffbb503d000 	C:\Windows\System32\msvcp_win.dll
0x00007ffbb62a0000 - 0x00007ffbb62d1000 	C:\Windows\System32\IMM32.DLL
0x00007ffbacb30000 - 0x00007ffbacb3c000 	C:\Program Files\Java\jdk-22\bin\vcruntime140_1.dll
0x00007ffb9e690000 - 0x00007ffb9e71e000 	C:\Program Files\Java\jdk-22\bin\msvcp140.dll
0x00007ffb4fae0000 - 0x00007ffb50829000 	C:\Program Files\Java\jdk-22\bin\server\jvm.dll
0x00007ffbb6f60000 - 0x00007ffbb700e000 	C:\Windows\System32\ADVAPI32.dll
0x00007ffbb6970000 - 0x00007ffbb6a0e000 	C:\Windows\System32\sechost.dll
0x00007ffbb70f0000 - 0x00007ffbb7211000 	C:\Windows\System32\RPCRT4.dll
0x00007ffbb79f0000 - 0x00007ffbb7a5f000 	C:\Windows\System32\WS2_32.dll
0x00007ffb9d1a0000 - 0x00007ffb9d1aa000 	C:\Windows\SYSTEM32\VERSION.dll
0x00007ffbb2960000 - 0x00007ffbb2993000 	C:\Windows\SYSTEM32\WINMM.dll
0x00007ffbb4ba0000 - 0x00007ffbb4bed000 	C:\Windows\SYSTEM32\POWRPROF.dll
0x00007ffbb49f0000 - 0x00007ffbb4a03000 	C:\Windows\SYSTEM32\UMPDC.dll
0x00007ffbb3ff0000 - 0x00007ffbb4008000 	C:\Windows\SYSTEM32\kernel.appcore.dll
0x00007ffba91d0000 - 0x00007ffba91da000 	C:\Program Files\Java\jdk-22\bin\jimage.dll
0x00007ffbb26a0000 - 0x00007ffbb28c1000 	C:\Windows\SYSTEM32\DBGHELP.DLL
0x00007ffbb2900000 - 0x00007ffbb2931000 	C:\Windows\SYSTEM32\dbgcore.DLL
0x00007ffbb5040000 - 0x00007ffbb50bf000 	C:\Windows\System32\bcryptPrimitives.dll
0x00007ffb9ef00000 - 0x00007ffb9ef1e000 	C:\Program Files\Java\jdk-22\bin\java.dll
0x00007ffbb7220000 - 0x00007ffbb79e5000 	C:\Windows\System32\SHELL32.dll
0x00007ffbb60d0000 - 0x00007ffbb626a000 	C:\Windows\System32\ole32.dll
0x00007ffbb5cc0000 - 0x00007ffbb6036000 	C:\Windows\System32\combase.dll
0x00007ffbb2fc0000 - 0x00007ffbb3822000 	C:\Windows\SYSTEM32\windows.storage.dll
0x00007ffbb2e50000 - 0x00007ffbb2fb7000 	C:\Windows\SYSTEM32\wintypes.dll
0x00007ffbb6b40000 - 0x00007ffbb6c2a000 	C:\Windows\System32\SHCORE.dll
0x00007ffbb6de0000 - 0x00007ffbb6e3d000 	C:\Windows\System32\shlwapi.dll
0x00007ffbb4e60000 - 0x00007ffbb4e85000 	C:\Windows\SYSTEM32\profapi.dll
0x00007ffb9db40000 - 0x00007ffb9dc17000 	C:\Program Files\Java\jdk-22\bin\jsvml.dll
0x00007ffba91b0000 - 0x00007ffba91c0000 	C:\Program Files\Java\jdk-22\bin\net.dll
0x00007ffbb44c0000 - 0x00007ffbb4527000 	C:\Windows\system32\mswsock.dll
0x00007ffb9ee00000 - 0x00007ffb9ee16000 	C:\Program Files\Java\jdk-22\bin\nio.dll
0x00007ffb9ede0000 - 0x00007ffb9edf7000 	C:\Program Files\Java\jdk-22\bin\zip.dll
0x00007ffb75aa0000 - 0x00007ffb75c2e000 	C:\Program Files\Java\jdk-22\bin\awt.dll
0x00007ffbb5be0000 - 0x00007ffbb5cb6000 	C:\Windows\System32\OLEAUT32.dll
0x00007ffbb2180000 - 0x00007ffbb21af000 	C:\Windows\system32\DWMAPI.DLL
0x00007ffbb1ee0000 - 0x00007ffbb1f8c000 	C:\Windows\system32\uxtheme.dll
0x00007ffb765e0000 - 0x00007ffb766e1000 	C:\Windows\system32\opengl32.dll
0x00007ffb9e860000 - 0x00007ffb9e88d000 	C:\Windows\SYSTEM32\GLU32.dll
0x00007ffbb1ff0000 - 0x00007ffbb2028000 	C:\Windows\SYSTEM32\dxcore.dll
0x00007ffbb6cc0000 - 0x00007ffbb6ddd000 	C:\Windows\System32\MSCTF.dll
0x00007ffb9e460000 - 0x00007ffb9e4e7000 	C:\Program Files\Java\jdk-22\bin\freetype.dll
0x00007ffb737d0000 - 0x00007ffb738a7000 	C:\Program Files\Java\jdk-22\bin\fontmanager.dll
0x00007ffbb7040000 - 0x00007ffbb70ef000 	C:\Windows\System32\clbcatq.dll
0x00007ffbad610000 - 0x00007ffbad7be000 	C:\Windows\SYSTEM32\WindowsCodecs.dll
0x00007ffb9c920000 - 0x00007ffb9c97d000 	C:\Windows\system32\dataexchange.dll
0x00007ffbac8b0000 - 0x00007ffbacb15000 	C:\Windows\system32\twinapi.appcore.dll
0x00007ffb9bb20000 - 0x00007ffb9bc4c000 	C:\Windows\SYSTEM32\textinputframework.dll
0x00007ffbb1a40000 - 0x00007ffbb1b71000 	C:\Windows\SYSTEM32\CoreMessaging.dll
0x00007ffbae720000 - 0x00007ffbaea8d000 	C:\Windows\SYSTEM32\CoreUIComponents.dll
0x00007ffbb4700000 - 0x00007ffbb470c000 	C:\Windows\SYSTEM32\CRYPTBASE.DLL

dbghelp: loaded successfully - version: 4.0.5 - missing functions: none
symbol engine: initialized successfully - sym options: 0x614 - pdb path: .;C:\Program Files\Java\jdk-22\bin;C:\Windows\SYSTEM32;C:\Windows\WinSxS\amd64_microsoft.windows.common-controls_6595b64144ccf1df_6.0.22000.120_none_9d947278b86cc467;C:\Program Files\Java\jdk-22\bin\server

VM Arguments:
jvm_args: -Dfile.encoding=UTF-8 --module-path=C:\Users\Zeeshan Akhtar\OneDrive\Documents\NetBeansProjects\AirlineManagementSystem\build\classes 
java_command: airlinemanagementsystem.BookFlight
java_class_path (initial): C:\Users\Zeeshan Akhtar\Downloads\mysql-connector-java-8.0.28.jar;C:\Users\Zeeshan Akhtar\Downloads\rs2xml.jar;C:\Users\Zeeshan Akhtar\OneDrive\Documents\NetBeansProjects\AirlineManagementSystem\build\classes
Launcher Type: SUN_STANDARD

[Global flags]
     intx CICompilerCount                          = 12                                        {product} {ergonomic}
     uint ConcGCThreads                            = 3                                         {product} {ergonomic}
     uint G1ConcRefinementThreads                  = 13                                        {product} {ergonomic}
   size_t G1HeapRegionSize                         = 2097152                                   {product} {ergonomic}
   size_t InitialHeapSize                          = 264241152                                 {product} {ergonomic}
   size_t MarkStackSize                            = 4194304                                   {product} {ergonomic}
   size_t MaxHeapSize                              = 4213178368                                {product} {ergonomic}
   size_t MaxNewSize                               = 2527068160                                {product} {ergonomic}
   size_t MinHeapDeltaBytes                        = 2097152                                   {product} {ergonomic}
   size_t MinHeapSize                              = 8388608                                   {product} {ergonomic}
    uintx NonNMethodCodeHeapSize                   = 7602480                                {pd product} {ergonomic}
    uintx NonProfiledCodeHeapSize                  = 122027880                              {pd product} {ergonomic}
    uintx ProfiledCodeHeapSize                     = 122027880                              {pd product} {ergonomic}
    uintx ReservedCodeCacheSize                    = 251658240                              {pd product} {ergonomic}
     bool SegmentedCodeCache                       = true                                      {product} {ergonomic}
   size_t SoftMaxHeapSize                          = 4213178368                             {manageable} {ergonomic}
     bool UseCompressedOops                        = true                           {product lp64_product} {ergonomic}
     bool UseG1GC                                  = true                                      {product} {ergonomic}
     bool UseLargePagesIndividualAllocation        = false                                  {pd product} {ergonomic}

Logging:
Log output configuration:
 #0: stdout all=warning uptime,level,tags foldmultilines=false
 #1: stderr all=off uptime,level,tags foldmultilines=false

Environment Variables:
JAVA_HOME=C:\Users\Zeeshan Akhtar\AppData\Local\Programs\Eclipse Adoptium\jdk-17.0.11.9-hotspot\
PATH=C:\Program Files\Common Files\Oracle\Java\javapath;C:\Program Files\Eclipse Adoptium\jdk-21.0.3.9-hotspot\bin;C:\Windows\system32;C:\Windows;C:\Windows\System32\Wbem;C:\Windows\System32\WindowsPowerShell\v1.0\;C:\Windows\System32\OpenSSH\;C:\Program Files\dotnet\;C:\Program Files\Java\jdk-22\bin;C:\Program Files\Git\cmd;C:\Program Files\Java\jdk-22\bin;C:\Program Files\MySQL\MySQL Shell 8.0\bin\;C:\Program Files\Java\jdk-22\bin;C:\Users\Zeeshan Akhtar\AppData\Local\Programs\Microsoft VS Code\bin
USERNAME=Zeeshan Akhtar
OS=Windows_NT
PROCESSOR_IDENTIFIER=Intel64 Family 6 Model 154 Stepping 3, GenuineIntel
TMP=C:\Users\ZEESHA~1\AppData\Local\Temp
TEMP=C:\Users\ZEESHA~1\AppData\Local\Temp




Periodic native trim disabled

---------------  S Y S T E M  ---------------

OS:
 Windows 11 , 64 bit Build 22000 (10.0.22000.2538)
OS uptime: 6 days 23:00 hours
Hyper-V role detected

CPU: total 16 (initial active 16) (8 cores per cpu, 2 threads per core) family 6 model 154 stepping 3 microcode 0x434, cx8, cmov, fxsr, ht, mmx, 3dnowpref, sse, sse2, sse3, ssse3, sse4.1, sse4.2, popcnt, lzcnt, tsc, tscinvbit, avx, avx2, aes, erms, clmul, bmi1, bmi2, adx, sha, fma, vzeroupper, clflush, clflushopt, clwb, hv, serialize, rdtscp, rdpid, fsrm, f16c, cet_ibt, cet_ss
Processor Information for processor 0
  Max Mhz: 1700, Current Mhz: 1700, Mhz Limit: 1190
Processor Information for processor 1
  Max Mhz: 1700, Current Mhz: 1700, Mhz Limit: 1190
Processor Information for processor 2
  Max Mhz: 1700, Current Mhz: 1700, Mhz Limit: 1700
Processor Information for processor 3
  Max Mhz: 1700, Current Mhz: 1700, Mhz Limit: 1700
Processor Information for processor 4
  Max Mhz: 1700, Current Mhz: 1700, Mhz Limit: 1700
Processor Information for processor 5
  Max Mhz: 1700, Current Mhz: 1700, Mhz Limit: 1700
Processor Information for processor 6
  Max Mhz: 1700, Current Mhz: 1700, Mhz Limit: 1700
Processor Information for processor 7
  Max Mhz: 1700, Current Mhz: 1700, Mhz Limit: 1700
Processor Information for processor 8
  Max Mhz: 1700, Current Mhz: 1200, Mhz Limit: 1190
Processor Information for processor 9
  Max Mhz: 1700, Current Mhz: 1200, Mhz Limit: 1190
Processor Information for processor 10
  Max Mhz: 1700, Current Mhz: 1200, Mhz Limit: 1190
Processor Information for processor 11
  Max Mhz: 1700, Current Mhz: 1200, Mhz Limit: 1190
Processor Information for processor 12
  Max Mhz: 1700, Current Mhz: 1200, Mhz Limit: 1190
Processor Information for processor 13
  Max Mhz: 1700, Current Mhz: 1200, Mhz Limit: 1190
Processor Information for processor 14
  Max Mhz: 1700, Current Mhz: 1200, Mhz Limit: 1190
Processor Information for processor 15
  Max Mhz: 1700, Current Mhz: 1200, Mhz Limit: 1190

Memory: 4k page, system-wide physical 16068M (3618M free)
TotalPageFile size 42780M (AvailPageFile size 0M)
current process WorkingSet (physical memory assigned to process): 19M, peak: 90M
current process commit charge ("private bytes"): 364M, peak: 366M

vm_info: Java HotSpot(TM) 64-Bit Server VM (22.0.2+9-70) for windows-amd64 JRE (22.0.2+9-70), built on 2024-06-04T16:52:23Z by "mach5one" with MS VC++ 17.6 (VS2022)

END.
