#
# There is insufficient memory for the Java Runtime Environment to continue.
# Native memory allocation (malloc) failed to allocate 32744 bytes. Error detail: Chunk::new
# Possible reasons:
#   The system is out of physical RAM or swap space
#   This process is running with CompressedOops enabled, and the Java Heap may be blocking the growth of the native heap
# Possible solutions:
#   Reduce memory load on the system
#   Increase physical memory or swap space
#   Check if swap backing store is full
#   Decrease Java heap size (-Xmx/-Xms)
#   Decrease number of Java threads
#   Decrease Java thread stack sizes (-Xss)
#   Set larger code cache with -XX:ReservedCodeCacheSize=
#   JVM is running with Zero Based Compressed Oops mode in which the Java heap is
#     placed in the first 32GB address space. The Java Heap base address is the
#     maximum limit for the native heap growth. Please use -XX:HeapBaseMinAddress
#     to set the Java Heap base and to place the Java Heap above 32GB virtual address.
# This output file may be truncated or incomplete.
#
#  Out of Memory Error (arena.cpp:150), pid=3276, tid=33532
#
# JRE version: Java(TM) SE Runtime Environment (22.0.2+9) (build 22.0.2+9-70)
# Java VM: Java HotSpot(TM) 64-Bit Server VM (22.0.2+9-70, mixed mode, sharing, tiered, compressed oops, compressed class ptrs, g1 gc, windows-amd64)
# No core dump will be written. Minidumps are not enabled by default on client versions of Windows
#

---------------  S U M M A R Y ------------

Command Line: -Dfile.encoding=UTF-8 --module-path=C:\Users\Zeeshan Akhtar\OneDrive\Documents\NetBeansProjects\AirlineManagementSystem\build\classes airlinemanagementsystem.CancelTicket

Host: 12th Gen Intel(R) Core(TM) i5-1240P, 16 cores, 15G,  Windows 11 , 64 bit Build 22000 (10.0.22000.2538)
Time: Sat Aug 17 00:57:31 2024 India Standard Time elapsed time: 5763.353864 seconds (0d 1h 36m 3s)

---------------  T H R E A D  ---------------

Current thread (0x00000231511d65c0):  JavaThread "C1 CompilerThread0" daemon [_thread_in_native, id=33532, stack(0x00000042a9300000,0x00000042a9400000) (1024K)]


Current CompileTask:
C1:5763353 1529       1       sun.awt.Win32GraphicsDevice::getDefaultScaleX (5 bytes)

Stack: [0x00000042a9300000,0x00000042a9400000]
Native frames: (J=compiled Java code, j=interpreted, Vv=VM code, C=native code)
V  [jvm.dll+0x6e26e9]  (no source info available)
V  [jvm.dll+0x875753]  (no source info available)
V  [jvm.dll+0x877b7e]  (no source info available)
V  [jvm.dll+0x878253]  (no source info available)
V  [jvm.dll+0x27fc86]  (no source info available)
V  [jvm.dll+0xc3d0f]  (no source info available)
V  [jvm.dll+0xc3f6b]  (no source info available)
V  [jvm.dll+0x196b52]  (no source info available)
V  [jvm.dll+0x198714]  (no source info available)
V  [jvm.dll+0x153e45]  (no source info available)
V  [jvm.dll+0x1535c3]  (no source info available)
V  [jvm.dll+0x1538a0]  (no source info available)
V  [jvm.dll+0x152c1d]  (no source info available)
V  [jvm.dll+0x154add]  (no source info available)
V  [jvm.dll+0x2568f3]  (no source info available)
V  [jvm.dll+0x254baa]  (no source info available)
V  [jvm.dll+0x3f57a6]  (no source info available)
V  [jvm.dll+0x81dc0b]  (no source info available)
V  [jvm.dll+0x6e0d85]  (no source info available)
C  [ucrtbase.dll+0x26c0c]  (no source info available)
C  [KERNEL32.DLL+0x153e0]  (no source info available)
C  [ntdll.dll+0x485b]  (no source info available)


---------------  P R O C E S S  ---------------

Threads class SMR info:
_java_thread_list=0x00000231971ce0c0, length=16, elements={
0x00000231511c6490, 0x00000231511c7f00, 0x00000231511cb250, 0x00000231511cc140,
0x00000231511ccba0, 0x00000231511cd730, 0x00000231511d24e0, 0x00000231511d65c0,
0x00000231970cfbe0, 0x00000231971ec0b0, 0x00000231973d3ec0, 0x00000231973d85d0,
0x00000231973dbd30, 0x000002319858f4b0, 0x000002313228f5e0, 0x0000023198b29110
}

Java Threads: ( => current thread )
  0x00000231511c6490 JavaThread "Reference Handler"          daemon [_thread_blocked, id=34904, stack(0x00000042a8c00000,0x00000042a8d00000) (1024K)]
  0x00000231511c7f00 JavaThread "Finalizer"                  daemon [_thread_blocked, id=29320, stack(0x00000042a8d00000,0x00000042a8e00000) (1024K)]
  0x00000231511cb250 JavaThread "Signal Dispatcher"          daemon [_thread_blocked, id=31352, stack(0x00000042a8e00000,0x00000042a8f00000) (1024K)]
  0x00000231511cc140 JavaThread "Attach Listener"            daemon [_thread_blocked, id=32904, stack(0x00000042a8f00000,0x00000042a9000000) (1024K)]
  0x00000231511ccba0 JavaThread "Service Thread"             daemon [_thread_blocked, id=21468, stack(0x00000042a9000000,0x00000042a9100000) (1024K)]
  0x00000231511cd730 JavaThread "Monitor Deflation Thread"   daemon [_thread_blocked, id=8516, stack(0x00000042a9100000,0x00000042a9200000) (1024K)]
  0x00000231511d24e0 JavaThread "C2 CompilerThread0"         daemon [_thread_in_native, id=23828, stack(0x00000042a9200000,0x00000042a9300000) (1024K)]
=>0x00000231511d65c0 JavaThread "C1 CompilerThread0"         daemon [_thread_in_native, id=33532, stack(0x00000042a9300000,0x00000042a9400000) (1024K)]
  0x00000231970cfbe0 JavaThread "Common-Cleaner"             daemon [_thread_blocked, id=15500, stack(0x00000042a9400000,0x00000042a9500000) (1024K)]
  0x00000231971ec0b0 JavaThread "Notification Thread"        daemon [_thread_blocked, id=3808, stack(0x00000042a9700000,0x00000042a9800000) (1024K)]
  0x00000231973d3ec0 JavaThread "Java2D Disposer"            daemon [_thread_blocked, id=13788, stack(0x00000042a9900000,0x00000042a9a00000) (1024K)]
  0x00000231973d85d0 JavaThread "AWT-Shutdown"                      [_thread_blocked, id=32332, stack(0x00000042a9a00000,0x00000042a9b00000) (1024K)]
  0x00000231973dbd30 JavaThread "AWT-Windows"                daemon [_thread_in_native, id=46984, stack(0x00000042a9b00000,0x00000042a9c00000) (1024K)]
  0x000002319858f4b0 JavaThread "AWT-EventQueue-0"                  [_thread_blocked, id=25016, stack(0x00000042a9e00000,0x00000042a9f00000) (1024K)]
  0x000002313228f5e0 JavaThread "DestroyJavaVM"                     [_thread_blocked, id=14904, stack(0x00000042a8400000,0x00000042a8500000) (1024K)]
  0x0000023198b29110 JavaThread "TimerQueue"                 daemon [_thread_blocked, id=14312, stack(0x00000042aa200000,0x00000042aa300000) (1024K)]
Total: 16

Other Threads:
  0x00000231511a1db0 VMThread "VM Thread"                           [id=28468, stack(0x00000042a8b00000,0x00000042a8c00000) (1024K)]
  0x0000023151189c50 WatcherThread "VM Periodic Task Thread"        [id=17548, stack(0x00000042a8a00000,0x00000042a8b00000) (1024K)]
  0x00000231322f63b0 WorkerThread "GC Thread#0"                     [id=42028, stack(0x00000042a8500000,0x00000042a8600000) (1024K)]
  0x0000023132307060 ConcurrentGCThread "G1 Main Marker"            [id=33528, stack(0x00000042a8600000,0x00000042a8700000) (1024K)]
  0x0000023132307b70 WorkerThread "G1 Conc#0"                       [id=31116, stack(0x00000042a8700000,0x00000042a8800000) (1024K)]
  0x000002315105cff0 ConcurrentGCThread "G1 Refine#0"               [id=26584, stack(0x00000042a8800000,0x00000042a8900000) (1024K)]
  0x000002315105eb80 ConcurrentGCThread "G1 Service"                [id=14864, stack(0x00000042a8900000,0x00000042a8a00000) (1024K)]
Total: 7

Threads with active compile tasks:
C2 CompilerThread0  5763701 1528       4       java.util.Arrays::binarySearch0 (95 bytes)
C1 CompilerThread0  5763701 1529       1       sun.awt.Win32GraphicsDevice::getDefaultScaleX (5 bytes)
Total: 2

VM state: not at safepoint (normal execution)

VM Mutex/Monitor currently owned by a thread: None

Heap address: 0x0000000704e00000, size: 4018 MB, Compressed Oops mode: Zero based, Oop shift amount: 3

CDS archive(s) mapped at: [0x0000023152000000-0x0000023152c60000-0x0000023152c60000), size 12976128, SharedBaseAddress: 0x0000023152000000, ArchiveRelocationMode: 1.
Compressed class space mapped at: 0x0000023153000000-0x0000023193000000, reserved size: 1073741824
Narrow klass base: 0x0000023152000000, Narrow klass shift: 0, Narrow klass range: 0x41000000

GC Precious Log:
 CardTable entry size: 512
 Card Set container configuration: InlinePtr #cards 4 size 8 Array Of Cards #cards 16 size 48 Howl #buckets 8 coarsen threshold 3686 Howl Bitmap #cards 512 size 80 coarsen threshold 460 Card regions per heap region 1 cards per card region 4096
 CPUs: 16 total, 16 available
 Memory: 16068M
 Large Page Support: Disabled
 NUMA Support: Disabled
 Compressed Oops: Enabled (Zero based)
 Heap Region Size: 2M
 Heap Min Capacity: 8M
 Heap Initial Capacity: 252M
 Heap Max Capacity: 4018M
 Pre-touch: Disabled
 Parallel Workers: 13
 Concurrent Workers: 3
 Concurrent Refinement Workers: 13
 Periodic GC: Disabled

Heap:
 garbage-first heap   total reserved 4114432K, committed 258048K, used 32768K [0x0000000704e00000, 0x0000000800000000)
  region size 2048K, 12 young (24576K), 0 survivors (0K)
 Metaspace       used 8501K, committed 8704K, reserved 1114112K
  class space    used 927K, committed 1024K, reserved 1048576K

Heap Regions: E=young(eden), S=young(survivor), O=old, HS=humongous(starts), HC=humongous(continues), CS=collection set, F=free, TAMS=top-at-mark-start, PB=parsable bottom
|   0|0x0000000704e00000, 0x0000000705000000, 0x0000000705000000|100%|HS|  |TAMS 0x0000000704e00000| PB 0x0000000704e00000| Complete |  0
|   1|0x0000000705000000, 0x0000000705200000, 0x0000000705200000|100%|HC|  |TAMS 0x0000000705000000| PB 0x0000000705000000| Complete |  0
|   2|0x0000000705200000, 0x0000000705400000, 0x0000000705400000|100%|HS|  |TAMS 0x0000000705200000| PB 0x0000000705200000| Complete |  0
|   3|0x0000000705400000, 0x0000000705600000, 0x0000000705600000|100%|HC|  |TAMS 0x0000000705400000| PB 0x0000000705400000| Complete |  0
|   4|0x0000000705600000, 0x0000000705800000, 0x0000000705800000|100%|HC|  |TAMS 0x0000000705600000| PB 0x0000000705600000| Complete |  0
|   5|0x0000000705800000, 0x0000000705800000, 0x0000000705a00000|  0%| F|  |TAMS 0x0000000705800000| PB 0x0000000705800000| Untracked |  0
|   6|0x0000000705a00000, 0x0000000705a00000, 0x0000000705c00000|  0%| F|  |TAMS 0x0000000705a00000| PB 0x0000000705a00000| Untracked |  0
|   7|0x0000000705c00000, 0x0000000705c00000, 0x0000000705e00000|  0%| F|  |TAMS 0x0000000705c00000| PB 0x0000000705c00000| Untracked |  0
|   8|0x0000000705e00000, 0x0000000705e00000, 0x0000000706000000|  0%| F|  |TAMS 0x0000000705e00000| PB 0x0000000705e00000| Untracked |  0
|   9|0x0000000706000000, 0x0000000706000000, 0x0000000706200000|  0%| F|  |TAMS 0x0000000706000000| PB 0x0000000706000000| Untracked |  0
|  10|0x0000000706200000, 0x0000000706200000, 0x0000000706400000|  0%| F|  |TAMS 0x0000000706200000| PB 0x0000000706200000| Untracked |  0
|  11|0x0000000706400000, 0x0000000706400000, 0x0000000706600000|  0%| F|  |TAMS 0x0000000706400000| PB 0x0000000706400000| Untracked |  0
|  12|0x0000000706600000, 0x0000000706600000, 0x0000000706800000|  0%| F|  |TAMS 0x0000000706600000| PB 0x0000000706600000| Untracked |  0
|  13|0x0000000706800000, 0x0000000706800000, 0x0000000706a00000|  0%| F|  |TAMS 0x0000000706800000| PB 0x0000000706800000| Untracked |  0
|  14|0x0000000706a00000, 0x0000000706a00000, 0x0000000706c00000|  0%| F|  |TAMS 0x0000000706a00000| PB 0x0000000706a00000| Untracked |  0
|  15|0x0000000706c00000, 0x0000000706c00000, 0x0000000706e00000|  0%| F|  |TAMS 0x0000000706c00000| PB 0x0000000706c00000| Untracked |  0
|  16|0x0000000706e00000, 0x0000000706e00000, 0x0000000707000000|  0%| F|  |TAMS 0x0000000706e00000| PB 0x0000000706e00000| Untracked |  0
|  17|0x0000000707000000, 0x0000000707000000, 0x0000000707200000|  0%| F|  |TAMS 0x0000000707000000| PB 0x0000000707000000| Untracked |  0
|  18|0x0000000707200000, 0x0000000707200000, 0x0000000707400000|  0%| F|  |TAMS 0x0000000707200000| PB 0x0000000707200000| Untracked |  0
|  19|0x0000000707400000, 0x0000000707400000, 0x0000000707600000|  0%| F|  |TAMS 0x0000000707400000| PB 0x0000000707400000| Untracked |  0
|  20|0x0000000707600000, 0x0000000707600000, 0x0000000707800000|  0%| F|  |TAMS 0x0000000707600000| PB 0x0000000707600000| Untracked |  0
|  21|0x0000000707800000, 0x0000000707800000, 0x0000000707a00000|  0%| F|  |TAMS 0x0000000707800000| PB 0x0000000707800000| Untracked |  0
|  22|0x0000000707a00000, 0x0000000707a00000, 0x0000000707c00000|  0%| F|  |TAMS 0x0000000707a00000| PB 0x0000000707a00000| Untracked |  0
|  23|0x0000000707c00000, 0x0000000707c00000, 0x0000000707e00000|  0%| F|  |TAMS 0x0000000707c00000| PB 0x0000000707c00000| Untracked |  0
|  24|0x0000000707e00000, 0x0000000707e00000, 0x0000000708000000|  0%| F|  |TAMS 0x0000000707e00000| PB 0x0000000707e00000| Untracked |  0
|  25|0x0000000708000000, 0x0000000708000000, 0x0000000708200000|  0%| F|  |TAMS 0x0000000708000000| PB 0x0000000708000000| Untracked |  0
|  26|0x0000000708200000, 0x0000000708200000, 0x0000000708400000|  0%| F|  |TAMS 0x0000000708200000| PB 0x0000000708200000| Untracked |  0
|  27|0x0000000708400000, 0x0000000708400000, 0x0000000708600000|  0%| F|  |TAMS 0x0000000708400000| PB 0x0000000708400000| Untracked |  0
|  28|0x0000000708600000, 0x0000000708600000, 0x0000000708800000|  0%| F|  |TAMS 0x0000000708600000| PB 0x0000000708600000| Untracked |  0
|  29|0x0000000708800000, 0x0000000708800000, 0x0000000708a00000|  0%| F|  |TAMS 0x0000000708800000| PB 0x0000000708800000| Untracked |  0
|  30|0x0000000708a00000, 0x0000000708a00000, 0x0000000708c00000|  0%| F|  |TAMS 0x0000000708a00000| PB 0x0000000708a00000| Untracked |  0
|  31|0x0000000708c00000, 0x0000000708c00000, 0x0000000708e00000|  0%| F|  |TAMS 0x0000000708c00000| PB 0x0000000708c00000| Untracked |  0
|  32|0x0000000708e00000, 0x0000000708e00000, 0x0000000709000000|  0%| F|  |TAMS 0x0000000708e00000| PB 0x0000000708e00000| Untracked |  0
|  33|0x0000000709000000, 0x0000000709000000, 0x0000000709200000|  0%| F|  |TAMS 0x0000000709000000| PB 0x0000000709000000| Untracked |  0
|  34|0x0000000709200000, 0x0000000709200000, 0x0000000709400000|  0%| F|  |TAMS 0x0000000709200000| PB 0x0000000709200000| Untracked |  0
|  35|0x0000000709400000, 0x0000000709400000, 0x0000000709600000|  0%| F|  |TAMS 0x0000000709400000| PB 0x0000000709400000| Untracked |  0
|  36|0x0000000709600000, 0x0000000709600000, 0x0000000709800000|  0%| F|  |TAMS 0x0000000709600000| PB 0x0000000709600000| Untracked |  0
|  37|0x0000000709800000, 0x0000000709800000, 0x0000000709a00000|  0%| F|  |TAMS 0x0000000709800000| PB 0x0000000709800000| Untracked |  0
|  38|0x0000000709a00000, 0x0000000709a00000, 0x0000000709c00000|  0%| F|  |TAMS 0x0000000709a00000| PB 0x0000000709a00000| Untracked |  0
|  39|0x0000000709c00000, 0x0000000709c00000, 0x0000000709e00000|  0%| F|  |TAMS 0x0000000709c00000| PB 0x0000000709c00000| Untracked |  0
|  40|0x0000000709e00000, 0x0000000709e00000, 0x000000070a000000|  0%| F|  |TAMS 0x0000000709e00000| PB 0x0000000709e00000| Untracked |  0
|  41|0x000000070a000000, 0x000000070a000000, 0x000000070a200000|  0%| F|  |TAMS 0x000000070a000000| PB 0x000000070a000000| Untracked |  0
|  42|0x000000070a200000, 0x000000070a200000, 0x000000070a400000|  0%| F|  |TAMS 0x000000070a200000| PB 0x000000070a200000| Untracked |  0
|  43|0x000000070a400000, 0x000000070a400000, 0x000000070a600000|  0%| F|  |TAMS 0x000000070a400000| PB 0x000000070a400000| Untracked |  0
|  44|0x000000070a600000, 0x000000070a600000, 0x000000070a800000|  0%| F|  |TAMS 0x000000070a600000| PB 0x000000070a600000| Untracked |  0
|  45|0x000000070a800000, 0x000000070a800000, 0x000000070aa00000|  0%| F|  |TAMS 0x000000070a800000| PB 0x000000070a800000| Untracked |  0
|  46|0x000000070aa00000, 0x000000070aa00000, 0x000000070ac00000|  0%| F|  |TAMS 0x000000070aa00000| PB 0x000000070aa00000| Untracked |  0
|  47|0x000000070ac00000, 0x000000070ac00000, 0x000000070ae00000|  0%| F|  |TAMS 0x000000070ac00000| PB 0x000000070ac00000| Untracked |  0
|  48|0x000000070ae00000, 0x000000070ae00000, 0x000000070b000000|  0%| F|  |TAMS 0x000000070ae00000| PB 0x000000070ae00000| Untracked |  0
|  49|0x000000070b000000, 0x000000070b000000, 0x000000070b200000|  0%| F|  |TAMS 0x000000070b000000| PB 0x000000070b000000| Untracked |  0
|  50|0x000000070b200000, 0x000000070b200000, 0x000000070b400000|  0%| F|  |TAMS 0x000000070b200000| PB 0x000000070b200000| Untracked |  0
|  51|0x000000070b400000, 0x000000070b400000, 0x000000070b600000|  0%| F|  |TAMS 0x000000070b400000| PB 0x000000070b400000| Untracked |  0
|  52|0x000000070b600000, 0x000000070b600000, 0x000000070b800000|  0%| F|  |TAMS 0x000000070b600000| PB 0x000000070b600000| Untracked |  0
|  53|0x000000070b800000, 0x000000070b800000, 0x000000070ba00000|  0%| F|  |TAMS 0x000000070b800000| PB 0x000000070b800000| Untracked |  0
|  54|0x000000070ba00000, 0x000000070ba00000, 0x000000070bc00000|  0%| F|  |TAMS 0x000000070ba00000| PB 0x000000070ba00000| Untracked |  0
|  55|0x000000070bc00000, 0x000000070bc00000, 0x000000070be00000|  0%| F|  |TAMS 0x000000070bc00000| PB 0x000000070bc00000| Untracked |  0
|  56|0x000000070be00000, 0x000000070be00000, 0x000000070c000000|  0%| F|  |TAMS 0x000000070be00000| PB 0x000000070be00000| Untracked |  0
|  57|0x000000070c000000, 0x000000070c000000, 0x000000070c200000|  0%| F|  |TAMS 0x000000070c000000| PB 0x000000070c000000| Untracked |  0
|  58|0x000000070c200000, 0x000000070c200000, 0x000000070c400000|  0%| F|  |TAMS 0x000000070c200000| PB 0x000000070c200000| Untracked |  0
|  59|0x000000070c400000, 0x000000070c400000, 0x000000070c600000|  0%| F|  |TAMS 0x000000070c400000| PB 0x000000070c400000| Untracked |  0
|  60|0x000000070c600000, 0x000000070c600000, 0x000000070c800000|  0%| F|  |TAMS 0x000000070c600000| PB 0x000000070c600000| Untracked |  0
|  61|0x000000070c800000, 0x000000070c800000, 0x000000070ca00000|  0%| F|  |TAMS 0x000000070c800000| PB 0x000000070c800000| Untracked |  0
|  62|0x000000070ca00000, 0x000000070ca00000, 0x000000070cc00000|  0%| F|  |TAMS 0x000000070ca00000| PB 0x000000070ca00000| Untracked |  0
|  63|0x000000070cc00000, 0x000000070cc00000, 0x000000070ce00000|  0%| F|  |TAMS 0x000000070cc00000| PB 0x000000070cc00000| Untracked |  0
|  64|0x000000070ce00000, 0x000000070ce00000, 0x000000070d000000|  0%| F|  |TAMS 0x000000070ce00000| PB 0x000000070ce00000| Untracked |  0
|  65|0x000000070d000000, 0x000000070d000000, 0x000000070d200000|  0%| F|  |TAMS 0x000000070d000000| PB 0x000000070d000000| Untracked |  0
|  66|0x000000070d200000, 0x000000070d200000, 0x000000070d400000|  0%| F|  |TAMS 0x000000070d200000| PB 0x000000070d200000| Untracked |  0
|  67|0x000000070d400000, 0x000000070d400000, 0x000000070d600000|  0%| F|  |TAMS 0x000000070d400000| PB 0x000000070d400000| Untracked |  0
|  68|0x000000070d600000, 0x000000070d600000, 0x000000070d800000|  0%| F|  |TAMS 0x000000070d600000| PB 0x000000070d600000| Untracked |  0
|  69|0x000000070d800000, 0x000000070d800000, 0x000000070da00000|  0%| F|  |TAMS 0x000000070d800000| PB 0x000000070d800000| Untracked |  0
|  70|0x000000070da00000, 0x000000070da00000, 0x000000070dc00000|  0%| F|  |TAMS 0x000000070da00000| PB 0x000000070da00000| Untracked |  0
|  71|0x000000070dc00000, 0x000000070dc00000, 0x000000070de00000|  0%| F|  |TAMS 0x000000070dc00000| PB 0x000000070dc00000| Untracked |  0
|  72|0x000000070de00000, 0x000000070de00000, 0x000000070e000000|  0%| F|  |TAMS 0x000000070de00000| PB 0x000000070de00000| Untracked |  0
|  73|0x000000070e000000, 0x000000070e000000, 0x000000070e200000|  0%| F|  |TAMS 0x000000070e000000| PB 0x000000070e000000| Untracked |  0
|  74|0x000000070e200000, 0x000000070e200000, 0x000000070e400000|  0%| F|  |TAMS 0x000000070e200000| PB 0x000000070e200000| Untracked |  0
|  75|0x000000070e400000, 0x000000070e400000, 0x000000070e600000|  0%| F|  |TAMS 0x000000070e400000| PB 0x000000070e400000| Untracked |  0
|  76|0x000000070e600000, 0x000000070e600000, 0x000000070e800000|  0%| F|  |TAMS 0x000000070e600000| PB 0x000000070e600000| Untracked |  0
|  77|0x000000070e800000, 0x000000070e800000, 0x000000070ea00000|  0%| F|  |TAMS 0x000000070e800000| PB 0x000000070e800000| Untracked |  0
|  78|0x000000070ea00000, 0x000000070ea00000, 0x000000070ec00000|  0%| F|  |TAMS 0x000000070ea00000| PB 0x000000070ea00000| Untracked |  0
|  79|0x000000070ec00000, 0x000000070ec00000, 0x000000070ee00000|  0%| F|  |TAMS 0x000000070ec00000| PB 0x000000070ec00000| Untracked |  0
|  80|0x000000070ee00000, 0x000000070ee00000, 0x000000070f000000|  0%| F|  |TAMS 0x000000070ee00000| PB 0x000000070ee00000| Untracked |  0
|  81|0x000000070f000000, 0x000000070f000000, 0x000000070f200000|  0%| F|  |TAMS 0x000000070f000000| PB 0x000000070f000000| Untracked |  0
|  82|0x000000070f200000, 0x000000070f200000, 0x000000070f400000|  0%| F|  |TAMS 0x000000070f200000| PB 0x000000070f200000| Untracked |  0
|  83|0x000000070f400000, 0x000000070f400000, 0x000000070f600000|  0%| F|  |TAMS 0x000000070f400000| PB 0x000000070f400000| Untracked |  0
|  84|0x000000070f600000, 0x000000070f600000, 0x000000070f800000|  0%| F|  |TAMS 0x000000070f600000| PB 0x000000070f600000| Untracked |  0
|  85|0x000000070f800000, 0x000000070f800000, 0x000000070fa00000|  0%| F|  |TAMS 0x000000070f800000| PB 0x000000070f800000| Untracked |  0
|  86|0x000000070fa00000, 0x000000070fa00000, 0x000000070fc00000|  0%| F|  |TAMS 0x000000070fa00000| PB 0x000000070fa00000| Untracked |  0
|  87|0x000000070fc00000, 0x000000070fc00000, 0x000000070fe00000|  0%| F|  |TAMS 0x000000070fc00000| PB 0x000000070fc00000| Untracked |  0
|  88|0x000000070fe00000, 0x000000070fe00000, 0x0000000710000000|  0%| F|  |TAMS 0x000000070fe00000| PB 0x000000070fe00000| Untracked |  0
|  89|0x0000000710000000, 0x0000000710000000, 0x0000000710200000|  0%| F|  |TAMS 0x0000000710000000| PB 0x0000000710000000| Untracked |  0
|  90|0x0000000710200000, 0x0000000710200000, 0x0000000710400000|  0%| F|  |TAMS 0x0000000710200000| PB 0x0000000710200000| Untracked |  0
|  91|0x0000000710400000, 0x0000000710400000, 0x0000000710600000|  0%| F|  |TAMS 0x0000000710400000| PB 0x0000000710400000| Untracked |  0
|  92|0x0000000710600000, 0x0000000710600000, 0x0000000710800000|  0%| F|  |TAMS 0x0000000710600000| PB 0x0000000710600000| Untracked |  0
|  93|0x0000000710800000, 0x0000000710800000, 0x0000000710a00000|  0%| F|  |TAMS 0x0000000710800000| PB 0x0000000710800000| Untracked |  0
|  94|0x0000000710a00000, 0x0000000710a00000, 0x0000000710c00000|  0%| F|  |TAMS 0x0000000710a00000| PB 0x0000000710a00000| Untracked |  0
|  95|0x0000000710c00000, 0x0000000710c00000, 0x0000000710e00000|  0%| F|  |TAMS 0x0000000710c00000| PB 0x0000000710c00000| Untracked |  0
|  96|0x0000000710e00000, 0x0000000710e00000, 0x0000000711000000|  0%| F|  |TAMS 0x0000000710e00000| PB 0x0000000710e00000| Untracked |  0
|  97|0x0000000711000000, 0x0000000711000000, 0x0000000711200000|  0%| F|  |TAMS 0x0000000711000000| PB 0x0000000711000000| Untracked |  0
|  98|0x0000000711200000, 0x0000000711200000, 0x0000000711400000|  0%| F|  |TAMS 0x0000000711200000| PB 0x0000000711200000| Untracked |  0
|  99|0x0000000711400000, 0x0000000711400000, 0x0000000711600000|  0%| F|  |TAMS 0x0000000711400000| PB 0x0000000711400000| Untracked |  0
| 100|0x0000000711600000, 0x0000000711600000, 0x0000000711800000|  0%| F|  |TAMS 0x0000000711600000| PB 0x0000000711600000| Untracked |  0
| 101|0x0000000711800000, 0x0000000711800000, 0x0000000711a00000|  0%| F|  |TAMS 0x0000000711800000| PB 0x0000000711800000| Untracked |  0
| 102|0x0000000711a00000, 0x0000000711a00000, 0x0000000711c00000|  0%| F|  |TAMS 0x0000000711a00000| PB 0x0000000711a00000| Untracked |  0
| 103|0x0000000711c00000, 0x0000000711c00000, 0x0000000711e00000|  0%| F|  |TAMS 0x0000000711c00000| PB 0x0000000711c00000| Untracked |  0
| 104|0x0000000711e00000, 0x0000000711e00000, 0x0000000712000000|  0%| F|  |TAMS 0x0000000711e00000| PB 0x0000000711e00000| Untracked |  0
| 105|0x0000000712000000, 0x0000000712000000, 0x0000000712200000|  0%| F|  |TAMS 0x0000000712000000| PB 0x0000000712000000| Untracked |  0
| 106|0x0000000712200000, 0x0000000712200000, 0x0000000712400000|  0%| F|  |TAMS 0x0000000712200000| PB 0x0000000712200000| Untracked |  0
| 107|0x0000000712400000, 0x0000000712400000, 0x0000000712600000|  0%| F|  |TAMS 0x0000000712400000| PB 0x0000000712400000| Untracked |  0
| 108|0x0000000712600000, 0x0000000712600000, 0x0000000712800000|  0%| F|  |TAMS 0x0000000712600000| PB 0x0000000712600000| Untracked |  0
| 109|0x0000000712800000, 0x0000000712800000, 0x0000000712a00000|  0%| F|  |TAMS 0x0000000712800000| PB 0x0000000712800000| Untracked |  0
| 110|0x0000000712a00000, 0x0000000712a00000, 0x0000000712c00000|  0%| F|  |TAMS 0x0000000712a00000| PB 0x0000000712a00000| Untracked |  0
| 111|0x0000000712c00000, 0x0000000712c00000, 0x0000000712e00000|  0%| F|  |TAMS 0x0000000712c00000| PB 0x0000000712c00000| Untracked |  0
| 112|0x0000000712e00000, 0x0000000712e00000, 0x0000000713000000|  0%| F|  |TAMS 0x0000000712e00000| PB 0x0000000712e00000| Untracked |  0
| 113|0x0000000713000000, 0x0000000713000000, 0x0000000713200000|  0%| F|  |TAMS 0x0000000713000000| PB 0x0000000713000000| Untracked |  0
| 114|0x0000000713200000, 0x00000007133ed010, 0x0000000713400000| 96%| E|  |TAMS 0x0000000713200000| PB 0x0000000713200000| Complete |  0
| 115|0x0000000713400000, 0x0000000713600000, 0x0000000713600000|100%| E|CS|TAMS 0x0000000713400000| PB 0x0000000713400000| Complete |  0
| 116|0x0000000713600000, 0x0000000713800000, 0x0000000713800000|100%| E|CS|TAMS 0x0000000713600000| PB 0x0000000713600000| Complete |  0
| 117|0x0000000713800000, 0x0000000713a00000, 0x0000000713a00000|100%| E|CS|TAMS 0x0000000713800000| PB 0x0000000713800000| Complete |  0
| 118|0x0000000713a00000, 0x0000000713c00000, 0x0000000713c00000|100%| E|CS|TAMS 0x0000000713a00000| PB 0x0000000713a00000| Complete |  0
| 119|0x0000000713c00000, 0x0000000713e00000, 0x0000000713e00000|100%| E|CS|TAMS 0x0000000713c00000| PB 0x0000000713c00000| Complete |  0
| 120|0x0000000713e00000, 0x0000000714000000, 0x0000000714000000|100%| E|CS|TAMS 0x0000000713e00000| PB 0x0000000713e00000| Complete |  0
| 121|0x0000000714000000, 0x0000000714200000, 0x0000000714200000|100%| E|CS|TAMS 0x0000000714000000| PB 0x0000000714000000| Complete |  0
| 122|0x0000000714200000, 0x0000000714400000, 0x0000000714400000|100%| E|CS|TAMS 0x0000000714200000| PB 0x0000000714200000| Complete |  0
| 123|0x0000000714400000, 0x0000000714600000, 0x0000000714600000|100%| E|CS|TAMS 0x0000000714400000| PB 0x0000000714400000| Complete |  0
| 124|0x0000000714600000, 0x0000000714800000, 0x0000000714800000|100%| E|CS|TAMS 0x0000000714600000| PB 0x0000000714600000| Complete |  0
| 125|0x0000000714800000, 0x0000000714a00000, 0x0000000714a00000|100%| E|CS|TAMS 0x0000000714800000| PB 0x0000000714800000| Complete |  0

Card table byte_map: [0x000002314a640000,0x000002314ae20000] _byte_map_base: 0x0000023146e19000

Marking Bits: (CMBitMap*) 0x00000231322f6ac0
 Bits: [0x000002314ae20000, 0x000002314ece8000)

Polling page: 0x0000023131a50000

Metaspace:

Usage:
  Non-class:      7.40 MB used.
      Class:    927.72 KB used.
       Both:      8.30 MB used.

Virtual space:
  Non-class space:       64.00 MB reserved,       7.50 MB ( 12%) committed,  1 nodes.
      Class space:        1.00 GB reserved,       1.00 MB ( <1%) committed,  1 nodes.
             Both:        1.06 GB reserved,       8.50 MB ( <1%) committed. 

Chunk freelists:
   Non-Class:  8.48 MB
       Class:  15.04 MB
        Both:  23.53 MB

MaxMetaspaceSize: unlimited
CompressedClassSpaceSize: 1.00 GB
Initial GC threshold: 21.00 MB
Current GC threshold: 21.00 MB
CDS: on
 - commit_granule_bytes: 65536.
 - commit_granule_words: 8192.
 - virtual_space_node_default_size: 8388608.
 - enlarge_chunks_in_place: 1.
 - use_allocation_guard: 0.


Internal statistics:

num_allocs_failed_limit: 0.
num_arena_births: 152.
num_arena_deaths: 0.
num_vsnodes_births: 2.
num_vsnodes_deaths: 0.
num_space_committed: 136.
num_space_uncommitted: 0.
num_chunks_returned_to_freelist: 0.
num_chunks_taken_from_freelist: 194.
num_chunk_merges: 0.
num_chunk_splits: 113.
num_chunks_enlarged: 42.
num_inconsistent_stats: 0.

CodeHeap 'non-profiled nmethods': size=119168Kb used=433Kb max_used=433Kb free=118734Kb
 bounds [0x0000023142180000, 0x00000231423f0000, 0x00000231495e0000]
CodeHeap 'profiled nmethods': size=119104Kb used=2581Kb max_used=2581Kb free=116522Kb
 bounds [0x000002313a5e0000, 0x000002313a870000, 0x0000023141a30000]
CodeHeap 'non-nmethods': size=7488Kb used=1578Kb max_used=3300Kb free=5909Kb
 bounds [0x0000023141a30000, 0x0000023141d70000, 0x0000023142180000]
 total_blobs=2167 nmethods=1527 adapters=545
 compilation: enabled
              stopped_count=0, restarted_count=0
 full_count=0

Compilation events (20 events):
Event: 2.326 Thread 0x0000023197134140 nmethod 1517 0x000002313a85fb10 code [0x000002313a85fd60, 0x000002313a860668]
Event: 2.326 Thread 0x000002319856dab0 nmethod 1511 0x000002313a860990 code [0x000002313a860de0, 0x000002313a8629f8]
Event: 2.622 Thread 0x000002319856dab0 1518       3       java.awt.Component::getFont (5 bytes)
Event: 2.622 Thread 0x000002319710c5c0 1519       3       sun.java2d.pipe.Region::clipRound (34 bytes)
Event: 2.622 Thread 0x000002319710c5c0 nmethod 1519 0x000002313a863a10 code [0x000002313a863c00, 0x000002313a863ea0]
Event: 2.623 Thread 0x000002319856dab0 nmethod 1518 0x000002313a863f90 code [0x000002313a864160, 0x000002313a864480]
Event: 3.132 Thread 0x00000231511d65c0 1520       1       java.awt.geom.Rectangle2D$Double::getWidth (5 bytes)
Event: 3.132 Thread 0x00000231511d65c0 nmethod 1520 0x00000231421eb290 code [0x00000231421eb420, 0x00000231421eb4e8]
Event: 3.132 Thread 0x00000231511d65c0 1521       1       java.awt.geom.Rectangle2D$Double::getHeight (5 bytes)
Event: 3.133 Thread 0x00000231511d65c0 nmethod 1521 0x00000231421eb590 code [0x00000231421eb720, 0x00000231421eb7e8]
Event: 3.133 Thread 0x00000231511d65c0 1522       1       java.awt.Component::getGraphicsConfiguration_NoClientCode (5 bytes)
Event: 3.133 Thread 0x00000231511d65c0 nmethod 1522 0x00000231421eb890 code [0x00000231421eba20, 0x00000231421ebaf0]
Event: 3.133 Thread 0x00000231511d65c0 1523       1       javax.swing.text.GapVector::getArray (5 bytes)
Event: 3.133 Thread 0x00000231511d65c0 nmethod 1523 0x00000231421ebb90 code [0x00000231421ebd20, 0x00000231421ebdf0]
Event: 3.260 Thread 0x00000231511d65c0 1524   !   3       sun.awt.AWTAutoShutdown::notifyThreadBusy (88 bytes)
Event: 3.260 Thread 0x00000231511d65c0 nmethod 1524 0x000002313a864590 code [0x000002313a8647a0, 0x000002313a864d60]
Event: 2580.432 Thread 0x00000231511d65c0 1526       3       java.util.concurrent.locks.ReentrantLock$NonfairSync::tryAcquire (27 bytes)
Event: 2580.434 Thread 0x00000231511d65c0 nmethod 1526 0x000002313a865090 code [0x000002313a865240, 0x000002313a8654c8]
Event: 5763.257 Thread 0x00000231511d24e0 1528       4       java.util.Arrays::binarySearch0 (95 bytes)
Event: 5763.265 Thread 0x00000231511d65c0 1529       1       sun.awt.Win32GraphicsDevice::getDefaultScaleX (5 bytes)

GC Heap History (0 events):
No events

Dll operation events (10 events):
Event: 0.009 Loaded shared library C:\Program Files\Java\jdk-22\bin\java.dll
Event: 0.063 Loaded shared library C:\Program Files\Java\jdk-22\bin\jsvml.dll
Event: 0.088 Loaded shared library C:\Program Files\Java\jdk-22\bin\net.dll
Event: 0.090 Loaded shared library C:\Program Files\Java\jdk-22\bin\nio.dll
Event: 0.108 Loaded shared library C:\Program Files\Java\jdk-22\bin\zip.dll
Event: 0.119 Loaded shared library C:\Program Files\Java\jdk-22\bin\jimage.dll
Event: 0.132 Loaded shared library C:\Program Files\Java\jdk-22\bin\awt.dll
Event: 0.280 Loaded shared library C:\Program Files\Java\jdk-22\bin\javajpeg.dll
Event: 0.346 Loaded shared library C:\Program Files\Java\jdk-22\bin\freetype.dll
Event: 0.347 Loaded shared library C:\Program Files\Java\jdk-22\bin\fontmanager.dll

Deoptimization events (20 events):
Event: 0.447 Thread 0x000002319858f4b0 Uncommon trap: trap_request=0xffffff45 fr.pc=0x00000231421c6c74 relative=0x0000000000000074
Event: 0.447 Thread 0x000002319858f4b0 Uncommon trap: reason=unstable_if action=reinterpret pc=0x00000231421c6c74 method=java.lang.CharacterDataLatin1.toLowerCase(I)I @ 16 c2
Event: 0.447 Thread 0x000002319858f4b0 DEOPT PACKING pc=0x00000231421c6c74 sp=0x00000042a9efc940
Event: 0.447 Thread 0x000002319858f4b0 DEOPT UNPACKING pc=0x0000023141a846a2 sp=0x00000042a9efc8c0 mode 2
Event: 0.545 Thread 0x000002319858f4b0 Uncommon trap: trap_request=0xffffff45 fr.pc=0x000002314218bdcc relative=0x00000000000000ac
Event: 0.545 Thread 0x000002319858f4b0 Uncommon trap: reason=unstable_if action=reinterpret pc=0x000002314218bdcc method=java.lang.String.isLatin1()Z @ 10 c2
Event: 0.545 Thread 0x000002319858f4b0 DEOPT PACKING pc=0x000002314218bdcc sp=0x00000042a9efcfa0
Event: 0.545 Thread 0x000002319858f4b0 DEOPT UNPACKING pc=0x0000023141a846a2 sp=0x00000042a9efced0 mode 2
Event: 0.545 Thread 0x000002319858f4b0 Uncommon trap: trap_request=0xffffff45 fr.pc=0x00000231421a8eb0 relative=0x0000000000000190
Event: 0.545 Thread 0x000002319858f4b0 Uncommon trap: reason=unstable_if action=reinterpret pc=0x00000231421a8eb0 method=jdk.internal.util.ArraysSupport.vectorizedHashCode(Ljava/lang/Object;IIII)I @ 2 c2
Event: 0.545 Thread 0x000002319858f4b0 DEOPT PACKING pc=0x00000231421a8eb0 sp=0x00000042a9efcea0
Event: 0.545 Thread 0x000002319858f4b0 DEOPT UNPACKING pc=0x0000023141a846a2 sp=0x00000042a9efce50 mode 2
Event: 0.553 Thread 0x000002319858f4b0 Uncommon trap: trap_request=0xffffff45 fr.pc=0x00000231421d5e54 relative=0x00000000000003f4
Event: 0.553 Thread 0x000002319858f4b0 Uncommon trap: reason=unstable_if action=reinterpret pc=0x00000231421d5e54 method=java.lang.Character.isSurrogate(C)Z @ 3 c2
Event: 0.553 Thread 0x000002319858f4b0 DEOPT PACKING pc=0x00000231421d5e54 sp=0x00000042a9efcc50
Event: 0.553 Thread 0x000002319858f4b0 DEOPT UNPACKING pc=0x0000023141a846a2 sp=0x00000042a9efcb68 mode 2
Event: 0.584 Thread 0x000002319858f4b0 Uncommon trap: trap_request=0xffffff45 fr.pc=0x00000231421c54c0 relative=0x0000000000000040
Event: 0.584 Thread 0x000002319858f4b0 Uncommon trap: reason=unstable_if action=reinterpret pc=0x00000231421c54c0 method=java.util.concurrent.locks.AbstractQueuedSynchronizer.signalNext(Ljava/util/concurrent/locks/AbstractQueuedSynchronizer$Node;)V @ 1 c2
Event: 0.584 Thread 0x000002319858f4b0 DEOPT PACKING pc=0x00000231421c54c0 sp=0x00000042a9efe0d0
Event: 0.584 Thread 0x000002319858f4b0 DEOPT UNPACKING pc=0x0000023141a846a2 sp=0x00000042a9efe060 mode 2

Classes loaded (20 events):
Event: 0.587 Loading class java/awt/Toolkit$SelectiveAWTEventListener
Event: 0.587 Loading class java/awt/Toolkit$SelectiveAWTEventListener done
Event: 0.587 Loading class java/awt/Toolkit$ToolkitEventMulticaster
Event: 0.587 Loading class java/awt/Toolkit$ToolkitEventMulticaster done
Event: 0.587 Loading class java/awt/event/MouseWheelEvent
Event: 0.587 Loading class java/awt/event/MouseWheelEvent done
Event: 1.088 Loading class javax/swing/Timer$1
Event: 1.088 Loading class javax/swing/Timer$1 done
Event: 2.332 Loading class java/awt/LightweightDispatcher$2
Event: 2.332 Loading class java/awt/LightweightDispatcher$2 done
Event: 3.220 Loading class java/awt/KeyboardFocusManager$2
Event: 3.221 Loading class java/awt/KeyboardFocusManager$2 done
Event: 3.221 Loading class sun/awt/SunToolkit$1
Event: 3.221 Loading class sun/awt/SunToolkit$1 done
Event: 5763.203 Loading class java/util/WeakHashMap$KeyIterator
Event: 5763.204 Loading class java/util/WeakHashMap$HashIterator
Event: 5763.205 Loading class java/util/WeakHashMap$HashIterator done
Event: 5763.205 Loading class java/util/WeakHashMap$KeyIterator done
Event: 5763.208 Loading class javax/swing/RepaintManager$DisplayChangedRunnable
Event: 5763.208 Loading class javax/swing/RepaintManager$DisplayChangedRunnable done

Classes unloaded (0 events):
No events

Classes redefined (0 events):
No events

Internal exceptions (14 events):
Event: 0.091 Thread 0x000002313228f5e0 Exception <a 'sun/nio/fs/WindowsException'{0x000000071462e420}> (0x000000071462e420) 
thrown [s\open\src\hotspot\share\prims\jni.cpp, line 520]
Event: 0.093 Thread 0x000002313228f5e0 Exception <a 'sun/nio/fs/WindowsException'{0x0000000714630cf0}> (0x0000000714630cf0) 
thrown [s\open\src\hotspot\share\prims\jni.cpp, line 520]
Event: 0.124 Thread 0x000002313228f5e0 Exception <a 'java/lang/ClassNotFoundException'{0x00000007147f3ee8}: sun/awt/resources/spi/awtProvider> (0x00000007147f3ee8) 
thrown [s\open\src\hotspot\share\classfile\systemDictionary.cpp, line 313]
Event: 0.142 Thread 0x000002313228f5e0 Exception <a 'java/io/FileNotFoundException'{0x0000000714447cb0}> (0x0000000714447cb0) 
thrown [s\open\src\hotspot\share\prims\jni.cpp, line 520]
Event: 0.148 Thread 0x000002313228f5e0 Exception <a 'java/io/FileNotFoundException'{0x0000000714475f28}> (0x0000000714475f28) 
thrown [s\open\src\hotspot\share\prims\jni.cpp, line 520]
Event: 0.207 Thread 0x000002313228f5e0 Exception <a 'java/lang/NoSuchMethodError'{0x0000000714218eb8}: 'void java.lang.invoke.DirectMethodHandle$Holder.invokeSpecial(java.lang.Object, java.lang.Object, java.lang.Object)'> (0x0000000714218eb8) 
thrown [s\open\src\hotspot\share\interpreter\linkResolver.cpp, line 774]
Event: 0.212 Thread 0x000002313228f5e0 Exception <a 'java/lang/NoSuchMethodError'{0x000000071423f200}: 'java.lang.Object java.lang.invoke.DirectMethodHandle$Holder.newInvokeSpecial(java.lang.Object, java.lang.Object, java.lang.Object, java.lang.Object, java.lang.Object)'> (0x000000071423f200) 
thrown [s\open\src\hotspot\share\interpreter\linkResolver.cpp, line 774]
Event: 0.216 Thread 0x000002313228f5e0 Exception <a 'java/lang/NoSuchMethodError'{0x000000071426bb18}: 'java.lang.Object java.lang.invoke.DirectMethodHandle$Holder.invokeStatic(java.lang.Object, int, java.lang.Object)'> (0x000000071426bb18) 
thrown [s\open\src\hotspot\share\interpreter\linkResolver.cpp, line 774]
Event: 0.230 Thread 0x000002313228f5e0 Exception <a 'java/lang/ClassNotFoundException'{0x000000071430dc70}: com/sun/swing/internal/plaf/metal/resources/spi/metalProvider> (0x000000071430dc70) 
thrown [s\open\src\hotspot\share\classfile\systemDictionary.cpp, line 313]
Event: 0.230 Thread 0x000002313228f5e0 Exception <a 'java/lang/ClassNotFoundException'{0x0000000714311c20}: com/sun/swing/internal/plaf/basic/resources/spi/basicProvider> (0x0000000714311c20) 
thrown [s\open\src\hotspot\share\classfile\systemDictionary.cpp, line 313]
Event: 0.237 Thread 0x000002313228f5e0 Exception <a 'java/lang/NoSuchMethodError'{0x00000007143312c0}: 'int java.lang.invoke.Invokers$Holder.invokeExact_MT(java.lang.Object, java.lang.Object)'> (0x00000007143312c0) 
thrown [s\open\src\hotspot\share\interpreter\linkResolver.cpp, line 774]
Event: 0.281 Thread 0x000002319855afc0 Exception <a 'java/lang/NoSuchMethodError'{0x000000071419b238}: 'java.lang.Object java.lang.invoke.DirectMethodHandle$Holder.newInvokeSpecial(java.lang.Object, java.lang.Object, java.lang.Object, int, int, int, int, int)'> (0x000000071419b238) 
thrown [s\open\src\hotspot\share\interpreter\linkResolver.cpp, line 774]
Event: 0.333 Thread 0x00000231973dbd30 Exception <a 'java/lang/NoSuchMethodError'{0x00000007145fa720}: 'void java.lang.invoke.DirectMethodHandle$Holder.invokeVirtual(java.lang.Object, java.lang.Object)'> (0x00000007145fa720) 
thrown [s\open\src\hotspot\share\interpreter\linkResolver.cpp, line 774]
Event: 0.344 Thread 0x000002313228f5e0 Exception <a 'java/lang/NoSuchMethodError'{0x0000000713dfc290}: 'void java.lang.invoke.DirectMethodHandle$Holder.invokeStaticInit(java.lang.Object)'> (0x0000000713dfc290) 
thrown [s\open\src\hotspot\share\interpreter\linkResolver.cpp, line 774]

ZGC Phase Switch (0 events):
No events

VM Operations (20 events):
Event: 0.155 Executing VM operation: HandshakeAllThreads (Deoptimize)
Event: 0.155 Executing VM operation: HandshakeAllThreads (Deoptimize) done
Event: 0.272 Executing VM operation: HandshakeAllThreads (Deoptimize)
Event: 0.272 Executing VM operation: HandshakeAllThreads (Deoptimize) done
Event: 0.296 Executing VM operation: HandshakeAllThreads (Deoptimize)
Event: 0.296 Executing VM operation: HandshakeAllThreads (Deoptimize) done
Event: 0.318 Executing VM operation: HandshakeAllThreads (Deoptimize)
Event: 0.318 Executing VM operation: HandshakeAllThreads (Deoptimize) done
Event: 0.542 Executing VM operation: ICBufferFull
Event: 0.542 Executing VM operation: ICBufferFull done
Event: 1.555 Executing VM operation: Cleanup
Event: 1.555 Executing VM operation: Cleanup done
Event: 2.560 Executing VM operation: Cleanup
Event: 2.560 Executing VM operation: Cleanup done
Event: 3.564 Executing VM operation: Cleanup
Event: 3.564 Executing VM operation: Cleanup done
Event: 60.243 Executing VM operation: HandshakeAllThreads (HandshakeForDeflation)
Event: 60.243 Executing VM operation: HandshakeAllThreads (HandshakeForDeflation) done
Event: 60.243 Executing VM operation: RendezvousGCThreads
Event: 60.243 Executing VM operation: RendezvousGCThreads done

Memory protections (0 events):
No events

Nmethod flushes (0 events):
No events

Events (20 events):
Event: 0.061 Thread 0x000002313228f5e0 Thread added: 0x00000231511d65c0
Event: 0.080 Thread 0x000002313228f5e0 Thread added: 0x00000231970cfbe0
Event: 0.085 Thread 0x00000231511d65c0 Thread added: 0x000002319710c5c0
Event: 0.095 Thread 0x00000231511d65c0 Thread added: 0x0000023197134140
Event: 0.102 Thread 0x000002313228f5e0 Thread added: 0x00000231971ec0b0
Event: 0.107 Thread 0x000002319710c5c0 Thread added: 0x000002319734e8a0
Event: 0.184 Thread 0x000002313228f5e0 Thread added: 0x00000231973d3ec0
Event: 0.185 Thread 0x000002313228f5e0 Thread added: 0x00000231973d85d0
Event: 0.186 Thread 0x000002313228f5e0 Thread added: 0x00000231973dbd30
Event: 0.242 Thread 0x000002313228f5e0 Thread added: 0x000002319855afc0
Event: 0.250 Thread 0x00000231511d65c0 Thread added: 0x000002319856dab0
Event: 0.332 Thread 0x00000231973dbd30 Thread added: 0x000002319858f4b0
Event: 0.405 Thread 0x000002313228f5e0 Thread exited: 0x000002313228f5e0
Event: 0.405 Thread 0x000002313228f5e0 Thread added: 0x000002313228f5e0
Event: 0.584 Thread 0x000002319858f4b0 Thread added: 0x0000023198b29110
Event: 1.076 Thread 0x000002319734e8a0 Thread exited: 0x000002319734e8a0
Event: 3.132 Thread 0x000002319856dab0 Thread exited: 0x000002319856dab0
Event: 3.132 Thread 0x0000023197134140 Thread exited: 0x0000023197134140
Event: 3.132 Thread 0x000002319710c5c0 Thread exited: 0x000002319710c5c0
Event: 5.315 Thread 0x000002319855afc0 Thread exited: 0x000002319855afc0


Dynamic libraries:
0x00007ff7cc6e0000 - 0x00007ff7cc6f0000 	C:\Program Files\Java\jdk-22\bin\java.exe
0x00007ffbb7aa0000 - 0x00007ffbb7ca9000 	C:\Windows\SYSTEM32\ntdll.dll
0x00007ffbb6a10000 - 0x00007ffbb6acd000 	C:\Windows\System32\KERNEL32.DLL
0x00007ffbb5470000 - 0x00007ffbb57f4000 	C:\Windows\System32\KERNELBASE.dll
0x00007ffbb1d30000 - 0x00007ffbb1dc2000 	C:\Windows\SYSTEM32\apphelp.dll
0x00007ffbb51e0000 - 0x00007ffbb52f1000 	C:\Windows\System32\ucrtbase.dll
0x00007ffbacb40000 - 0x00007ffbacb5b000 	C:\Program Files\Java\jdk-22\bin\VCRUNTIME140.dll
0x00007ffb9ef20000 - 0x00007ffb9ef37000 	C:\Program Files\Java\jdk-22\bin\jli.dll
0x00007ffbb6760000 - 0x00007ffbb690d000 	C:\Windows\System32\USER32.dll
0x00007ffbb58c0000 - 0x00007ffbb58e6000 	C:\Windows\System32\win32u.dll
0x00007ffb97f00000 - 0x00007ffb981a5000 	C:\Windows\WinSxS\amd64_microsoft.windows.common-controls_6595b64144ccf1df_6.0.22000.120_none_9d947278b86cc467\COMCTL32.dll
0x00007ffbb7010000 - 0x00007ffbb703a000 	C:\Windows\System32\GDI32.dll
0x00007ffbb5b30000 - 0x00007ffbb5bd3000 	C:\Windows\System32\msvcrt.dll
0x00007ffbb50c0000 - 0x00007ffbb51de000 	C:\Windows\System32\gdi32full.dll
0x00007ffbb4fa0000 - 0x00007ffbb503d000 	C:\Windows\System32\msvcp_win.dll
0x00007ffbb62a0000 - 0x00007ffbb62d1000 	C:\Windows\System32\IMM32.DLL
0x00007ffbacb30000 - 0x00007ffbacb3c000 	C:\Program Files\Java\jdk-22\bin\vcruntime140_1.dll
0x00007ffb9e690000 - 0x00007ffb9e71e000 	C:\Program Files\Java\jdk-22\bin\msvcp140.dll
0x00007ffb4fae0000 - 0x00007ffb50829000 	C:\Program Files\Java\jdk-22\bin\server\jvm.dll
0x00007ffbb6f60000 - 0x00007ffbb700e000 	C:\Windows\System32\ADVAPI32.dll
0x00007ffbb6970000 - 0x00007ffbb6a0e000 	C:\Windows\System32\sechost.dll
0x00007ffbb70f0000 - 0x00007ffbb7211000 	C:\Windows\System32\RPCRT4.dll
0x00007ffbb79f0000 - 0x00007ffbb7a5f000 	C:\Windows\System32\WS2_32.dll
0x00007ffbb4ba0000 - 0x00007ffbb4bed000 	C:\Windows\SYSTEM32\POWRPROF.dll
0x00007ffbb2960000 - 0x00007ffbb2993000 	C:\Windows\SYSTEM32\WINMM.dll
0x00007ffb9d1a0000 - 0x00007ffb9d1aa000 	C:\Windows\SYSTEM32\VERSION.dll
0x00007ffbb49f0000 - 0x00007ffbb4a03000 	C:\Windows\SYSTEM32\UMPDC.dll
0x00007ffbb3ff0000 - 0x00007ffbb4008000 	C:\Windows\SYSTEM32\kernel.appcore.dll
0x00007ffba91d0000 - 0x00007ffba91da000 	C:\Program Files\Java\jdk-22\bin\jimage.dll
0x00007ffbb26a0000 - 0x00007ffbb28c1000 	C:\Windows\SYSTEM32\DBGHELP.DLL
0x00007ffbb2900000 - 0x00007ffbb2931000 	C:\Windows\SYSTEM32\dbgcore.DLL
0x00007ffbb5040000 - 0x00007ffbb50bf000 	C:\Windows\System32\bcryptPrimitives.dll
0x00007ffb9ef00000 - 0x00007ffb9ef1e000 	C:\Program Files\Java\jdk-22\bin\java.dll
0x00007ffbb7220000 - 0x00007ffbb79e5000 	C:\Windows\System32\SHELL32.dll
0x00007ffbb60d0000 - 0x00007ffbb626a000 	C:\Windows\System32\ole32.dll
0x00007ffbb5cc0000 - 0x00007ffbb6036000 	C:\Windows\System32\combase.dll
0x00007ffbb2fc0000 - 0x00007ffbb3822000 	C:\Windows\SYSTEM32\windows.storage.dll
0x00007ffbb2e50000 - 0x00007ffbb2fb7000 	C:\Windows\SYSTEM32\wintypes.dll
0x00007ffbb6b40000 - 0x00007ffbb6c2a000 	C:\Windows\System32\SHCORE.dll
0x00007ffbb6de0000 - 0x00007ffbb6e3d000 	C:\Windows\System32\shlwapi.dll
0x00007ffbb4e60000 - 0x00007ffbb4e85000 	C:\Windows\SYSTEM32\profapi.dll
0x00007ffb9db40000 - 0x00007ffb9dc17000 	C:\Program Files\Java\jdk-22\bin\jsvml.dll
0x00007ffba91b0000 - 0x00007ffba91c0000 	C:\Program Files\Java\jdk-22\bin\net.dll
0x00007ffbb44c0000 - 0x00007ffbb4527000 	C:\Windows\system32\mswsock.dll
0x00007ffb9ee00000 - 0x00007ffb9ee16000 	C:\Program Files\Java\jdk-22\bin\nio.dll
0x00007ffb9ede0000 - 0x00007ffb9edf7000 	C:\Program Files\Java\jdk-22\bin\zip.dll
0x00007ffb75aa0000 - 0x00007ffb75c2e000 	C:\Program Files\Java\jdk-22\bin\awt.dll
0x00007ffbb5be0000 - 0x00007ffbb5cb6000 	C:\Windows\System32\OLEAUT32.dll
0x00007ffbb2180000 - 0x00007ffbb21af000 	C:\Windows\system32\DWMAPI.DLL
0x00007ffbb1ee0000 - 0x00007ffbb1f8c000 	C:\Windows\system32\uxtheme.dll
0x00007ffb765e0000 - 0x00007ffb766e1000 	C:\Windows\system32\opengl32.dll
0x00007ffb9e860000 - 0x00007ffb9e88d000 	C:\Windows\SYSTEM32\GLU32.dll
0x00007ffbb1ff0000 - 0x00007ffbb2028000 	C:\Windows\SYSTEM32\dxcore.dll
0x00007ffbb6cc0000 - 0x00007ffbb6ddd000 	C:\Windows\System32\MSCTF.dll
0x00007ffb98790000 - 0x00007ffb987be000 	C:\Program Files\Java\jdk-22\bin\javajpeg.dll
0x00007ffb9e460000 - 0x00007ffb9e4e7000 	C:\Program Files\Java\jdk-22\bin\freetype.dll
0x00007ffb737d0000 - 0x00007ffb738a7000 	C:\Program Files\Java\jdk-22\bin\fontmanager.dll
0x00007ffbb7040000 - 0x00007ffbb70ef000 	C:\Windows\System32\clbcatq.dll
0x00007ffbad610000 - 0x00007ffbad7be000 	C:\Windows\SYSTEM32\WindowsCodecs.dll
0x00007ffb9c920000 - 0x00007ffb9c97d000 	C:\Windows\system32\dataexchange.dll
0x00007ffbac8b0000 - 0x00007ffbacb15000 	C:\Windows\system32\twinapi.appcore.dll
0x00007ffb9bb20000 - 0x00007ffb9bc4c000 	C:\Windows\SYSTEM32\textinputframework.dll
0x00007ffbb1a40000 - 0x00007ffbb1b71000 	C:\Windows\SYSTEM32\CoreMessaging.dll
0x00007ffbae720000 - 0x00007ffbaea8d000 	C:\Windows\SYSTEM32\CoreUIComponents.dll
0x00007ffbb4700000 - 0x00007ffbb470c000 	C:\Windows\SYSTEM32\CRYPTBASE.DLL

dbghelp: loaded successfully - version: 4.0.5 - missing functions: none
symbol engine: initialized successfully - sym options: 0x614 - pdb path: .;C:\Program Files\Java\jdk-22\bin;C:\Windows\SYSTEM32;C:\Windows\WinSxS\amd64_microsoft.windows.common-controls_6595b64144ccf1df_6.0.22000.120_none_9d947278b86cc467;C:\Program Files\Java\jdk-22\bin\server

VM Arguments:
jvm_args: -Dfile.encoding=UTF-8 --module-path=C:\Users\Zeeshan Akhtar\OneDrive\Documents\NetBeansProjects\AirlineManagementSystem\build\classes 
java_command: airlinemanagementsystem.CancelTicket
java_class_path (initial): C:\Users\Zeeshan Akhtar\Downloads\mysql-connector-java-8.0.28.jar;C:\Users\Zeeshan Akhtar\Downloads\rs2xml.jar;C:\Users\Zeeshan Akhtar\Downloads\jcalendar-tz-1.3.3-4.jar;C:\Users\Zeeshan Akhtar\OneDrive\Documents\NetBeansProjects\AirlineManagementSystem\build\classes
Launcher Type: SUN_STANDARD

[Global flags]
     intx CICompilerCount                          = 12                                        {product} {ergonomic}
     uint ConcGCThreads                            = 3                                         {product} {ergonomic}
     uint G1ConcRefinementThreads                  = 13                                        {product} {ergonomic}
   size_t G1HeapRegionSize                         = 2097152                                   {product} {ergonomic}
   size_t InitialHeapSize                          = 264241152                                 {product} {ergonomic}
   size_t MarkStackSize                            = 4194304                                   {product} {ergonomic}
   size_t MaxHeapSize                              = 4213178368                                {product} {ergonomic}
   size_t MaxNewSize                               = 2527068160                                {product} {ergonomic}
   size_t MinHeapDeltaBytes                        = 2097152                                   {product} {ergonomic}
   size_t MinHeapSize                              = 8388608                                   {product} {ergonomic}
    uintx NonNMethodCodeHeapSize                   = 7602480                                {pd product} {ergonomic}
    uintx NonProfiledCodeHeapSize                  = 122027880                              {pd product} {ergonomic}
    uintx ProfiledCodeHeapSize                     = 122027880                              {pd product} {ergonomic}
    uintx ReservedCodeCacheSize                    = 251658240                              {pd product} {ergonomic}
     bool SegmentedCodeCache                       = true                                      {product} {ergonomic}
   size_t SoftMaxHeapSize                          = 4213178368                             {manageable} {ergonomic}
     bool UseCompressedOops                        = true                           {product lp64_product} {ergonomic}
     bool UseG1GC                                  = true                                      {product} {ergonomic}
     bool UseLargePagesIndividualAllocation        = false                                  {pd product} {ergonomic}

Logging:
Log output configuration:
 #0: stdout all=warning uptime,level,tags foldmultilines=false
 #1: stderr all=off uptime,level,tags foldmultilines=false

Environment Variables:
JAVA_HOME=C:\Users\Zeeshan Akhtar\AppData\Local\Programs\Eclipse Adoptium\jdk-17.0.11.9-hotspot\
PATH=C:\Program Files\Common Files\Oracle\Java\javapath;C:\Program Files\Eclipse Adoptium\jdk-21.0.3.9-hotspot\bin;C:\Windows\system32;C:\Windows;C:\Windows\System32\Wbem;C:\Windows\System32\WindowsPowerShell\v1.0\;C:\Windows\System32\OpenSSH\;C:\Program Files\dotnet\;C:\Program Files\Java\jdk-22\bin;C:\Program Files\Git\cmd;C:\Program Files\Java\jdk-22\bin;C:\Program Files\MySQL\MySQL Shell 8.0\bin\;C:\Program Files\Java\jdk-22\bin;C:\Users\Zeeshan Akhtar\AppData\Local\Programs\Microsoft VS Code\bin
USERNAME=Zeeshan Akhtar
OS=Windows_NT
PROCESSOR_IDENTIFIER=Intel64 Family 6 Model 154 Stepping 3, GenuineIntel
TMP=C:\Users\ZEESHA~1\AppData\Local\Temp
TEMP=C:\Users\ZEESHA~1\AppData\Local\Temp




Periodic native trim disabled

---------------  S Y S T E M  ---------------

OS:
 Windows 11 , 64 bit Build 22000 (10.0.22000.2538)
OS uptime: 6 days 23:00 hours
Hyper-V role detected

CPU: total 16 (initial active 16) (8 cores per cpu, 2 threads per core) family 6 model 154 stepping 3 microcode 0x434, cx8, cmov, fxsr, ht, mmx, 3dnowpref, sse, sse2, sse3, ssse3, sse4.1, sse4.2, popcnt, lzcnt, tsc, tscinvbit, avx, avx2, aes, erms, clmul, bmi1, bmi2, adx, sha, fma, vzeroupper, clflush, clflushopt, clwb, hv, serialize, rdtscp, rdpid, fsrm, f16c, cet_ibt, cet_ss
Processor Information for processor 0
  Max Mhz: 1700, Current Mhz: 1700, Mhz Limit: 1190
Processor Information for processor 1
  Max Mhz: 1700, Current Mhz: 1700, Mhz Limit: 1190
Processor Information for processor 2
  Max Mhz: 1700, Current Mhz: 1700, Mhz Limit: 1700
Processor Information for processor 3
  Max Mhz: 1700, Current Mhz: 1700, Mhz Limit: 1700
Processor Information for processor 4
  Max Mhz: 1700, Current Mhz: 1700, Mhz Limit: 1700
Processor Information for processor 5
  Max Mhz: 1700, Current Mhz: 1700, Mhz Limit: 1700
Processor Information for processor 6
  Max Mhz: 1700, Current Mhz: 1700, Mhz Limit: 1700
Processor Information for processor 7
  Max Mhz: 1700, Current Mhz: 1700, Mhz Limit: 1700
Processor Information for processor 8
  Max Mhz: 1700, Current Mhz: 1200, Mhz Limit: 1190
Processor Information for processor 9
  Max Mhz: 1700, Current Mhz: 1200, Mhz Limit: 1190
Processor Information for processor 10
  Max Mhz: 1700, Current Mhz: 1200, Mhz Limit: 1190
Processor Information for processor 11
  Max Mhz: 1700, Current Mhz: 1200, Mhz Limit: 1190
Processor Information for processor 12
  Max Mhz: 1700, Current Mhz: 1200, Mhz Limit: 1190
Processor Information for processor 13
  Max Mhz: 1700, Current Mhz: 1200, Mhz Limit: 1190
Processor Information for processor 14
  Max Mhz: 1700, Current Mhz: 1200, Mhz Limit: 1190
Processor Information for processor 15
  Max Mhz: 1700, Current Mhz: 1200, Mhz Limit: 1190

Memory: 4k page, system-wide physical 16068M (3596M free)
TotalPageFile size 42780M (AvailPageFile size 0M)
current process WorkingSet (physical memory assigned to process): 56M, peak: 96M
current process commit charge ("private bytes"): 362M, peak: 372M

vm_info: Java HotSpot(TM) 64-Bit Server VM (22.0.2+9-70) for windows-amd64 JRE (22.0.2+9-70), built on 2024-06-04T16:52:23Z by "mach5one" with MS VC++ 17.6 (VS2022)

END.
