#
# There is insufficient memory for the Java Runtime Environment to continue.
# Native memory allocation (malloc) failed to allocate 32744 bytes. Error detail: Chunk::new
# Possible reasons:
#   The system is out of physical RAM or swap space
#   This process is running with CompressedOops enabled, and the Java Heap may be blocking the growth of the native heap
# Possible solutions:
#   Reduce memory load on the system
#   Increase physical memory or swap space
#   Check if swap backing store is full
#   Decrease Java heap size (-Xmx/-Xms)
#   Decrease number of Java threads
#   Decrease Java thread stack sizes (-Xss)
#   Set larger code cache with -XX:ReservedCodeCacheSize=
#   JVM is running with Zero Based Compressed Oops mode in which the Java heap is
#     placed in the first 32GB address space. The Java Heap base address is the
#     maximum limit for the native heap growth. Please use -XX:HeapBaseMinAddress
#     to set the Java Heap base and to place the Java Heap above 32GB virtual address.
# This output file may be truncated or incomplete.
#
#  Out of Memory Error (arena.cpp:150), pid=15484, tid=46420
#
# JRE version: Java(TM) SE Runtime Environment (22.0.2+9) (build 22.0.2+9-70)
# Java VM: Java HotSpot(TM) 64-Bit Server VM (22.0.2+9-70, mixed mode, sharing, tiered, compressed oops, compressed class ptrs, g1 gc, windows-amd64)
# No core dump will be written. Minidumps are not enabled by default on client versions of Windows
#

---------------  S U M M A R Y ------------

Command Line: -Dfile.encoding=UTF-8 --module-path=C:\Users\Zeeshan Akhtar\OneDrive\Documents\NetBeansProjects\AirlineManagementSystem\build\classes airlinemanagementsystem.CancelTicket

Host: 12th Gen Intel(R) Core(TM) i5-1240P, 16 cores, 15G,  Windows 11 , 64 bit Build 22000 (10.0.22000.2538)
Time: Sat Aug 17 00:57:31 2024 India Standard Time elapsed time: 6281.013833 seconds (0d 1h 44m 41s)

---------------  T H R E A D  ---------------

Current thread (0x000001e1fd5c9290):  JavaThread "C1 CompilerThread0" daemon [_thread_in_native, id=46420, stack(0x000000aa1a900000,0x000000aa1aa00000) (1024K)]


Current CompileTask:
C1:6281013 2747       3       java.awt.geom.AffineTransform::equals (104 bytes)

Stack: [0x000000aa1a900000,0x000000aa1aa00000]
Native frames: (J=compiled Java code, j=interpreted, Vv=VM code, C=native code)
V  [jvm.dll+0x6e26e9]  (no source info available)
V  [jvm.dll+0x875753]  (no source info available)
V  [jvm.dll+0x877b7e]  (no source info available)
V  [jvm.dll+0x878253]  (no source info available)
V  [jvm.dll+0x27fc86]  (no source info available)
V  [jvm.dll+0xc3d0f]  (no source info available)
V  [jvm.dll+0xc3f6b]  (no source info available)
V  [jvm.dll+0x18a974]  (no source info available)
V  [jvm.dll+0x18f403]  (no source info available)
V  [jvm.dll+0x17d2ae]  (no source info available)
V  [jvm.dll+0x16b3b0]  (no source info available)
V  [jvm.dll+0x153d92]  (no source info available)
V  [jvm.dll+0x1535c3]  (no source info available)
V  [jvm.dll+0x1538a0]  (no source info available)
V  [jvm.dll+0x152c1d]  (no source info available)
V  [jvm.dll+0x154add]  (no source info available)
V  [jvm.dll+0x2568f3]  (no source info available)
V  [jvm.dll+0x254baa]  (no source info available)
V  [jvm.dll+0x3f57a6]  (no source info available)
V  [jvm.dll+0x81dc0b]  (no source info available)
V  [jvm.dll+0x6e0d85]  (no source info available)
C  [ucrtbase.dll+0x26c0c]  (no source info available)
C  [KERNEL32.DLL+0x153e0]  (no source info available)
C  [ntdll.dll+0x485b]  (no source info available)


---------------  P R O C E S S  ---------------

Threads class SMR info:
_java_thread_list=0x000001e1c551ed90, length=17, elements={
0x000001e1fd5abe50, 0x000001e1fd5ad8c0, 0x000001e1fd5b14d0, 0x000001e1fd5b4a90,
0x000001e1fd5b54f0, 0x000001e1fd5b5f50, 0x000001e1fd5c83f0, 0x000001e1fd5c9290,
0x000001e1c52388b0, 0x000001e1c52c5ef0, 0x000001e1c55503f0, 0x000001e1c5557540,
0x000001e1c5558de0, 0x000001e1c5788f30, 0x000001e1c88e5d20, 0x000001e1de6694a0,
0x000001e1c785a710
}

Java Threads: ( => current thread )
  0x000001e1fd5abe50 JavaThread "Reference Handler"          daemon [_thread_blocked, id=14736, stack(0x000000aa1a200000,0x000000aa1a300000) (1024K)]
  0x000001e1fd5ad8c0 JavaThread "Finalizer"                  daemon [_thread_blocked, id=4396, stack(0x000000aa1a300000,0x000000aa1a400000) (1024K)]
  0x000001e1fd5b14d0 JavaThread "Signal Dispatcher"          daemon [_thread_blocked, id=8416, stack(0x000000aa1a400000,0x000000aa1a500000) (1024K)]
  0x000001e1fd5b4a90 JavaThread "Attach Listener"            daemon [_thread_blocked, id=1920, stack(0x000000aa1a500000,0x000000aa1a600000) (1024K)]
  0x000001e1fd5b54f0 JavaThread "Service Thread"             daemon [_thread_blocked, id=38536, stack(0x000000aa1a600000,0x000000aa1a700000) (1024K)]
  0x000001e1fd5b5f50 JavaThread "Monitor Deflation Thread"   daemon [_thread_blocked, id=34324, stack(0x000000aa1a700000,0x000000aa1a800000) (1024K)]
  0x000001e1fd5c83f0 JavaThread "C2 CompilerThread0"         daemon [_thread_in_native, id=25148, stack(0x000000aa1a800000,0x000000aa1a900000) (1024K)]
=>0x000001e1fd5c9290 JavaThread "C1 CompilerThread0"         daemon [_thread_in_native, id=46420, stack(0x000000aa1a900000,0x000000aa1aa00000) (1024K)]
  0x000001e1c52388b0 JavaThread "Common-Cleaner"             daemon [_thread_blocked, id=49640, stack(0x000000aa1aa00000,0x000000aa1ab00000) (1024K)]
  0x000001e1c52c5ef0 JavaThread "Notification Thread"        daemon [_thread_blocked, id=18128, stack(0x000000aa1ac00000,0x000000aa1ad00000) (1024K)]
  0x000001e1c55503f0 JavaThread "Java2D Disposer"            daemon [_thread_blocked, id=31816, stack(0x000000aa1ae00000,0x000000aa1af00000) (1024K)]
  0x000001e1c5557540 JavaThread "AWT-Shutdown"                      [_thread_blocked, id=14632, stack(0x000000aa1af00000,0x000000aa1b000000) (1024K)]
  0x000001e1c5558de0 JavaThread "AWT-Windows"                daemon [_thread_in_native, id=20312, stack(0x000000aa1b000000,0x000000aa1b100000) (1024K)]
  0x000001e1c5788f30 JavaThread "mysql-cj-abandoned-connection-cleanup" daemon [_thread_blocked, id=22784, stack(0x000000aa1b400000,0x000000aa1b500000) (1024K)]
  0x000001e1c88e5d20 JavaThread "AWT-EventQueue-0"                  [_thread_blocked, id=12408, stack(0x000000aa1c400000,0x000000aa1c500000) (1024K)]
  0x000001e1de6694a0 JavaThread "DestroyJavaVM"                     [_thread_blocked, id=47664, stack(0x000000aa19a00000,0x000000aa19b00000) (1024K)]
  0x000001e1c785a710 JavaThread "TimerQueue"                 daemon [_thread_blocked, id=7876, stack(0x000000aa1b700000,0x000000aa1b800000) (1024K)]
Total: 17

Other Threads:
  0x000001e1fd58db40 VMThread "VM Thread"                           [id=19732, stack(0x000000aa1a100000,0x000000aa1a200000) (1024K)]
  0x000001e1fd575770 WatcherThread "VM Periodic Task Thread"        [id=44780, stack(0x000000aa1a000000,0x000000aa1a100000) (1024K)]
  0x000001e1de6d2840 WorkerThread "GC Thread#0"                     [id=36264, stack(0x000000aa19b00000,0x000000aa19c00000) (1024K)]
  0x000001e1c74bee30 WorkerThread "GC Thread#1"                     [id=25736, stack(0x000000aa1b800000,0x000000aa1b900000) (1024K)]
  0x000001e1c5d0db60 WorkerThread "GC Thread#2"                     [id=8420, stack(0x000000aa1b900000,0x000000aa1ba00000) (1024K)]
  0x000001e1c5d0df10 WorkerThread "GC Thread#3"                     [id=45420, stack(0x000000aa1ba00000,0x000000aa1bb00000) (1024K)]
  0x000001e1c5d0e6d0 WorkerThread "GC Thread#4"                     [id=2308, stack(0x000000aa1bb00000,0x000000aa1bc00000) (1024K)]
  0x000001e1c7725a80 WorkerThread "GC Thread#5"                     [id=30820, stack(0x000000aa1bc00000,0x000000aa1bd00000) (1024K)]
  0x000001e1c7d49bd0 WorkerThread "GC Thread#6"                     [id=36468, stack(0x000000aa1bd00000,0x000000aa1be00000) (1024K)]
  0x000001e1c76f6d40 WorkerThread "GC Thread#7"                     [id=38180, stack(0x000000aa1be00000,0x000000aa1bf00000) (1024K)]
  0x000001e1c78fe450 WorkerThread "GC Thread#8"                     [id=46508, stack(0x000000aa1bf00000,0x000000aa1c000000) (1024K)]
  0x000001e1c796d2c0 WorkerThread "GC Thread#9"                     [id=11816, stack(0x000000aa1c000000,0x000000aa1c100000) (1024K)]
  0x000001e1c796da80 WorkerThread "GC Thread#10"                    [id=27224, stack(0x000000aa1c100000,0x000000aa1c200000) (1024K)]
  0x000001e1c7a48a20 WorkerThread "GC Thread#11"                    [id=41344, stack(0x000000aa1c200000,0x000000aa1c300000) (1024K)]
  0x000001e1c7a4b890 WorkerThread "GC Thread#12"                    [id=16492, stack(0x000000aa1c300000,0x000000aa1c400000) (1024K)]
  0x000001e1de6e34f0 ConcurrentGCThread "G1 Main Marker"            [id=47108, stack(0x000000aa19c00000,0x000000aa19d00000) (1024K)]
  0x000001e1de6e4000 WorkerThread "G1 Conc#0"                       [id=10008, stack(0x000000aa19d00000,0x000000aa19e00000) (1024K)]
  0x000001e1de72e500 ConcurrentGCThread "G1 Refine#0"               [id=50136, stack(0x000000aa19e00000,0x000000aa19f00000) (1024K)]
  0x000001e1fd44c180 ConcurrentGCThread "G1 Service"                [id=49952, stack(0x000000aa19f00000,0x000000aa1a000000) (1024K)]
Total: 19

Threads with active compile tasks:
C2 CompilerThread0  6281260 2744       4       java.util.Arrays::binarySearch0 (95 bytes)
C1 CompilerThread0  6281260 2747       3       java.awt.geom.AffineTransform::equals (104 bytes)
Total: 2

VM state: not at safepoint (normal execution)

VM Mutex/Monitor currently owned by a thread: None

Heap address: 0x0000000704e00000, size: 4018 MB, Compressed Oops mode: Zero based, Oop shift amount: 3

CDS archive(s) mapped at: [0x000001e180000000-0x000001e180c60000-0x000001e180c60000), size 12976128, SharedBaseAddress: 0x000001e180000000, ArchiveRelocationMode: 1.
Compressed class space mapped at: 0x000001e181000000-0x000001e1c1000000, reserved size: 1073741824
Narrow klass base: 0x000001e180000000, Narrow klass shift: 0, Narrow klass range: 0x41000000

GC Precious Log:
 CardTable entry size: 512
 Card Set container configuration: InlinePtr #cards 4 size 8 Array Of Cards #cards 16 size 48 Howl #buckets 8 coarsen threshold 3686 Howl Bitmap #cards 512 size 80 coarsen threshold 460 Card regions per heap region 1 cards per card region 4096
 CPUs: 16 total, 16 available
 Memory: 16068M
 Large Page Support: Disabled
 NUMA Support: Disabled
 Compressed Oops: Enabled (Zero based)
 Heap Region Size: 2M
 Heap Min Capacity: 8M
 Heap Initial Capacity: 252M
 Heap Max Capacity: 4018M
 Pre-touch: Disabled
 Parallel Workers: 13
 Concurrent Workers: 3
 Concurrent Refinement Workers: 13
 Periodic GC: Disabled

Heap:
 garbage-first heap   total reserved 4114432K, committed 258048K, used 30080K [0x0000000704e00000, 0x0000000800000000)
  region size 2048K, 10 young (20480K), 2 survivors (4096K)
 Metaspace       used 19221K, committed 19520K, reserved 1114112K
  class space    used 2208K, committed 2368K, reserved 1048576K

Heap Regions: E=young(eden), S=young(survivor), O=old, HS=humongous(starts), HC=humongous(continues), CS=collection set, F=free, TAMS=top-at-mark-start, PB=parsable bottom
|   0|0x0000000704e00000, 0x0000000705000000, 0x0000000705000000|100%|HS|  |TAMS 0x0000000704e00000| PB 0x0000000704e00000| Complete |  0
|   1|0x0000000705000000, 0x0000000705200000, 0x0000000705200000|100%|HC|  |TAMS 0x0000000705000000| PB 0x0000000705000000| Complete |  0
|   2|0x0000000705200000, 0x00000007053601c0, 0x0000000705400000| 68%| O|  |TAMS 0x0000000705200000| PB 0x0000000705200000| Untracked |  0
|   3|0x0000000705400000, 0x0000000705600000, 0x0000000705600000|100%|HS|  |TAMS 0x0000000705400000| PB 0x0000000705400000| Complete |  0
|   4|0x0000000705600000, 0x0000000705800000, 0x0000000705800000|100%|HC|  |TAMS 0x0000000705600000| PB 0x0000000705600000| Complete |  0
|   5|0x0000000705800000, 0x0000000705a00000, 0x0000000705a00000|100%|HC|  |TAMS 0x0000000705800000| PB 0x0000000705800000| Complete |  0
|   6|0x0000000705a00000, 0x0000000705a00000, 0x0000000705c00000|  0%| F|  |TAMS 0x0000000705a00000| PB 0x0000000705a00000| Untracked |  0
|   7|0x0000000705c00000, 0x0000000705c00000, 0x0000000705e00000|  0%| F|  |TAMS 0x0000000705c00000| PB 0x0000000705c00000| Untracked |  0
|   8|0x0000000705e00000, 0x0000000705e00000, 0x0000000706000000|  0%| F|  |TAMS 0x0000000705e00000| PB 0x0000000705e00000| Untracked |  0
|   9|0x0000000706000000, 0x0000000706000000, 0x0000000706200000|  0%| F|  |TAMS 0x0000000706000000| PB 0x0000000706000000| Untracked |  0
|  10|0x0000000706200000, 0x0000000706200000, 0x0000000706400000|  0%| F|  |TAMS 0x0000000706200000| PB 0x0000000706200000| Untracked |  0
|  11|0x0000000706400000, 0x0000000706400000, 0x0000000706600000|  0%| F|  |TAMS 0x0000000706400000| PB 0x0000000706400000| Untracked |  0
|  12|0x0000000706600000, 0x0000000706600000, 0x0000000706800000|  0%| F|  |TAMS 0x0000000706600000| PB 0x0000000706600000| Untracked |  0
|  13|0x0000000706800000, 0x0000000706800000, 0x0000000706a00000|  0%| F|  |TAMS 0x0000000706800000| PB 0x0000000706800000| Untracked |  0
|  14|0x0000000706a00000, 0x0000000706a00000, 0x0000000706c00000|  0%| F|  |TAMS 0x0000000706a00000| PB 0x0000000706a00000| Untracked |  0
|  15|0x0000000706c00000, 0x0000000706c00000, 0x0000000706e00000|  0%| F|  |TAMS 0x0000000706c00000| PB 0x0000000706c00000| Untracked |  0
|  16|0x0000000706e00000, 0x0000000706e00000, 0x0000000707000000|  0%| F|  |TAMS 0x0000000706e00000| PB 0x0000000706e00000| Untracked |  0
|  17|0x0000000707000000, 0x0000000707000000, 0x0000000707200000|  0%| F|  |TAMS 0x0000000707000000| PB 0x0000000707000000| Untracked |  0
|  18|0x0000000707200000, 0x0000000707200000, 0x0000000707400000|  0%| F|  |TAMS 0x0000000707200000| PB 0x0000000707200000| Untracked |  0
|  19|0x0000000707400000, 0x0000000707400000, 0x0000000707600000|  0%| F|  |TAMS 0x0000000707400000| PB 0x0000000707400000| Untracked |  0
|  20|0x0000000707600000, 0x0000000707600000, 0x0000000707800000|  0%| F|  |TAMS 0x0000000707600000| PB 0x0000000707600000| Untracked |  0
|  21|0x0000000707800000, 0x0000000707800000, 0x0000000707a00000|  0%| F|  |TAMS 0x0000000707800000| PB 0x0000000707800000| Untracked |  0
|  22|0x0000000707a00000, 0x0000000707a00000, 0x0000000707c00000|  0%| F|  |TAMS 0x0000000707a00000| PB 0x0000000707a00000| Untracked |  0
|  23|0x0000000707c00000, 0x0000000707c00000, 0x0000000707e00000|  0%| F|  |TAMS 0x0000000707c00000| PB 0x0000000707c00000| Untracked |  0
|  24|0x0000000707e00000, 0x0000000707e00000, 0x0000000708000000|  0%| F|  |TAMS 0x0000000707e00000| PB 0x0000000707e00000| Untracked |  0
|  25|0x0000000708000000, 0x0000000708000000, 0x0000000708200000|  0%| F|  |TAMS 0x0000000708000000| PB 0x0000000708000000| Untracked |  0
|  26|0x0000000708200000, 0x0000000708200000, 0x0000000708400000|  0%| F|  |TAMS 0x0000000708200000| PB 0x0000000708200000| Untracked |  0
|  27|0x0000000708400000, 0x0000000708400000, 0x0000000708600000|  0%| F|  |TAMS 0x0000000708400000| PB 0x0000000708400000| Untracked |  0
|  28|0x0000000708600000, 0x0000000708600000, 0x0000000708800000|  0%| F|  |TAMS 0x0000000708600000| PB 0x0000000708600000| Untracked |  0
|  29|0x0000000708800000, 0x0000000708800000, 0x0000000708a00000|  0%| F|  |TAMS 0x0000000708800000| PB 0x0000000708800000| Untracked |  0
|  30|0x0000000708a00000, 0x0000000708a00000, 0x0000000708c00000|  0%| F|  |TAMS 0x0000000708a00000| PB 0x0000000708a00000| Untracked |  0
|  31|0x0000000708c00000, 0x0000000708c00000, 0x0000000708e00000|  0%| F|  |TAMS 0x0000000708c00000| PB 0x0000000708c00000| Untracked |  0
|  32|0x0000000708e00000, 0x0000000708e00000, 0x0000000709000000|  0%| F|  |TAMS 0x0000000708e00000| PB 0x0000000708e00000| Untracked |  0
|  33|0x0000000709000000, 0x0000000709000000, 0x0000000709200000|  0%| F|  |TAMS 0x0000000709000000| PB 0x0000000709000000| Untracked |  0
|  34|0x0000000709200000, 0x0000000709200000, 0x0000000709400000|  0%| F|  |TAMS 0x0000000709200000| PB 0x0000000709200000| Untracked |  0
|  35|0x0000000709400000, 0x0000000709400000, 0x0000000709600000|  0%| F|  |TAMS 0x0000000709400000| PB 0x0000000709400000| Untracked |  0
|  36|0x0000000709600000, 0x0000000709600000, 0x0000000709800000|  0%| F|  |TAMS 0x0000000709600000| PB 0x0000000709600000| Untracked |  0
|  37|0x0000000709800000, 0x0000000709800000, 0x0000000709a00000|  0%| F|  |TAMS 0x0000000709800000| PB 0x0000000709800000| Untracked |  0
|  38|0x0000000709a00000, 0x0000000709a00000, 0x0000000709c00000|  0%| F|  |TAMS 0x0000000709a00000| PB 0x0000000709a00000| Untracked |  0
|  39|0x0000000709c00000, 0x0000000709c00000, 0x0000000709e00000|  0%| F|  |TAMS 0x0000000709c00000| PB 0x0000000709c00000| Untracked |  0
|  40|0x0000000709e00000, 0x0000000709e00000, 0x000000070a000000|  0%| F|  |TAMS 0x0000000709e00000| PB 0x0000000709e00000| Untracked |  0
|  41|0x000000070a000000, 0x000000070a000000, 0x000000070a200000|  0%| F|  |TAMS 0x000000070a000000| PB 0x000000070a000000| Untracked |  0
|  42|0x000000070a200000, 0x000000070a200000, 0x000000070a400000|  0%| F|  |TAMS 0x000000070a200000| PB 0x000000070a200000| Untracked |  0
|  43|0x000000070a400000, 0x000000070a400000, 0x000000070a600000|  0%| F|  |TAMS 0x000000070a400000| PB 0x000000070a400000| Untracked |  0
|  44|0x000000070a600000, 0x000000070a600000, 0x000000070a800000|  0%| F|  |TAMS 0x000000070a600000| PB 0x000000070a600000| Untracked |  0
|  45|0x000000070a800000, 0x000000070a800000, 0x000000070aa00000|  0%| F|  |TAMS 0x000000070a800000| PB 0x000000070a800000| Untracked |  0
|  46|0x000000070aa00000, 0x000000070aa00000, 0x000000070ac00000|  0%| F|  |TAMS 0x000000070aa00000| PB 0x000000070aa00000| Untracked |  0
|  47|0x000000070ac00000, 0x000000070ac00000, 0x000000070ae00000|  0%| F|  |TAMS 0x000000070ac00000| PB 0x000000070ac00000| Untracked |  0
|  48|0x000000070ae00000, 0x000000070ae00000, 0x000000070b000000|  0%| F|  |TAMS 0x000000070ae00000| PB 0x000000070ae00000| Untracked |  0
|  49|0x000000070b000000, 0x000000070b000000, 0x000000070b200000|  0%| F|  |TAMS 0x000000070b000000| PB 0x000000070b000000| Untracked |  0
|  50|0x000000070b200000, 0x000000070b200000, 0x000000070b400000|  0%| F|  |TAMS 0x000000070b200000| PB 0x000000070b200000| Untracked |  0
|  51|0x000000070b400000, 0x000000070b400000, 0x000000070b600000|  0%| F|  |TAMS 0x000000070b400000| PB 0x000000070b400000| Untracked |  0
|  52|0x000000070b600000, 0x000000070b600000, 0x000000070b800000|  0%| F|  |TAMS 0x000000070b600000| PB 0x000000070b600000| Untracked |  0
|  53|0x000000070b800000, 0x000000070b800000, 0x000000070ba00000|  0%| F|  |TAMS 0x000000070b800000| PB 0x000000070b800000| Untracked |  0
|  54|0x000000070ba00000, 0x000000070ba00000, 0x000000070bc00000|  0%| F|  |TAMS 0x000000070ba00000| PB 0x000000070ba00000| Untracked |  0
|  55|0x000000070bc00000, 0x000000070bc00000, 0x000000070be00000|  0%| F|  |TAMS 0x000000070bc00000| PB 0x000000070bc00000| Untracked |  0
|  56|0x000000070be00000, 0x000000070be00000, 0x000000070c000000|  0%| F|  |TAMS 0x000000070be00000| PB 0x000000070be00000| Untracked |  0
|  57|0x000000070c000000, 0x000000070c000000, 0x000000070c200000|  0%| F|  |TAMS 0x000000070c000000| PB 0x000000070c000000| Untracked |  0
|  58|0x000000070c200000, 0x000000070c200000, 0x000000070c400000|  0%| F|  |TAMS 0x000000070c200000| PB 0x000000070c200000| Untracked |  0
|  59|0x000000070c400000, 0x000000070c400000, 0x000000070c600000|  0%| F|  |TAMS 0x000000070c400000| PB 0x000000070c400000| Untracked |  0
|  60|0x000000070c600000, 0x000000070c600000, 0x000000070c800000|  0%| F|  |TAMS 0x000000070c600000| PB 0x000000070c600000| Untracked |  0
|  61|0x000000070c800000, 0x000000070c800000, 0x000000070ca00000|  0%| F|  |TAMS 0x000000070c800000| PB 0x000000070c800000| Untracked |  0
|  62|0x000000070ca00000, 0x000000070ca00000, 0x000000070cc00000|  0%| F|  |TAMS 0x000000070ca00000| PB 0x000000070ca00000| Untracked |  0
|  63|0x000000070cc00000, 0x000000070cc00000, 0x000000070ce00000|  0%| F|  |TAMS 0x000000070cc00000| PB 0x000000070cc00000| Untracked |  0
|  64|0x000000070ce00000, 0x000000070ce00000, 0x000000070d000000|  0%| F|  |TAMS 0x000000070ce00000| PB 0x000000070ce00000| Untracked |  0
|  65|0x000000070d000000, 0x000000070d000000, 0x000000070d200000|  0%| F|  |TAMS 0x000000070d000000| PB 0x000000070d000000| Untracked |  0
|  66|0x000000070d200000, 0x000000070d200000, 0x000000070d400000|  0%| F|  |TAMS 0x000000070d200000| PB 0x000000070d200000| Untracked |  0
|  67|0x000000070d400000, 0x000000070d400000, 0x000000070d600000|  0%| F|  |TAMS 0x000000070d400000| PB 0x000000070d400000| Untracked |  0
|  68|0x000000070d600000, 0x000000070d600000, 0x000000070d800000|  0%| F|  |TAMS 0x000000070d600000| PB 0x000000070d600000| Untracked |  0
|  69|0x000000070d800000, 0x000000070d800000, 0x000000070da00000|  0%| F|  |TAMS 0x000000070d800000| PB 0x000000070d800000| Untracked |  0
|  70|0x000000070da00000, 0x000000070da00000, 0x000000070dc00000|  0%| F|  |TAMS 0x000000070da00000| PB 0x000000070da00000| Untracked |  0
|  71|0x000000070dc00000, 0x000000070dc00000, 0x000000070de00000|  0%| F|  |TAMS 0x000000070dc00000| PB 0x000000070dc00000| Untracked |  0
|  72|0x000000070de00000, 0x000000070de00000, 0x000000070e000000|  0%| F|  |TAMS 0x000000070de00000| PB 0x000000070de00000| Untracked |  0
|  73|0x000000070e000000, 0x000000070e000000, 0x000000070e200000|  0%| F|  |TAMS 0x000000070e000000| PB 0x000000070e000000| Untracked |  0
|  74|0x000000070e200000, 0x000000070e200000, 0x000000070e400000|  0%| F|  |TAMS 0x000000070e200000| PB 0x000000070e200000| Untracked |  0
|  75|0x000000070e400000, 0x000000070e400000, 0x000000070e600000|  0%| F|  |TAMS 0x000000070e400000| PB 0x000000070e400000| Untracked |  0
|  76|0x000000070e600000, 0x000000070e600000, 0x000000070e800000|  0%| F|  |TAMS 0x000000070e600000| PB 0x000000070e600000| Untracked |  0
|  77|0x000000070e800000, 0x000000070e800000, 0x000000070ea00000|  0%| F|  |TAMS 0x000000070e800000| PB 0x000000070e800000| Untracked |  0
|  78|0x000000070ea00000, 0x000000070ea00000, 0x000000070ec00000|  0%| F|  |TAMS 0x000000070ea00000| PB 0x000000070ea00000| Untracked |  0
|  79|0x000000070ec00000, 0x000000070ec00000, 0x000000070ee00000|  0%| F|  |TAMS 0x000000070ec00000| PB 0x000000070ec00000| Untracked |  0
|  80|0x000000070ee00000, 0x000000070ee00000, 0x000000070f000000|  0%| F|  |TAMS 0x000000070ee00000| PB 0x000000070ee00000| Untracked |  0
|  81|0x000000070f000000, 0x000000070f000000, 0x000000070f200000|  0%| F|  |TAMS 0x000000070f000000| PB 0x000000070f000000| Untracked |  0
|  82|0x000000070f200000, 0x000000070f200000, 0x000000070f400000|  0%| F|  |TAMS 0x000000070f200000| PB 0x000000070f200000| Untracked |  0
|  83|0x000000070f400000, 0x000000070f400000, 0x000000070f600000|  0%| F|  |TAMS 0x000000070f400000| PB 0x000000070f400000| Untracked |  0
|  84|0x000000070f600000, 0x000000070f600000, 0x000000070f800000|  0%| F|  |TAMS 0x000000070f600000| PB 0x000000070f600000| Untracked |  0
|  85|0x000000070f800000, 0x000000070f800000, 0x000000070fa00000|  0%| F|  |TAMS 0x000000070f800000| PB 0x000000070f800000| Untracked |  0
|  86|0x000000070fa00000, 0x000000070fa00000, 0x000000070fc00000|  0%| F|  |TAMS 0x000000070fa00000| PB 0x000000070fa00000| Untracked |  0
|  87|0x000000070fc00000, 0x000000070fc00000, 0x000000070fe00000|  0%| F|  |TAMS 0x000000070fc00000| PB 0x000000070fc00000| Untracked |  0
|  88|0x000000070fe00000, 0x000000070fe00000, 0x0000000710000000|  0%| F|  |TAMS 0x000000070fe00000| PB 0x000000070fe00000| Untracked |  0
|  89|0x0000000710000000, 0x0000000710000000, 0x0000000710200000|  0%| F|  |TAMS 0x0000000710000000| PB 0x0000000710000000| Untracked |  0
|  90|0x0000000710200000, 0x0000000710200000, 0x0000000710400000|  0%| F|  |TAMS 0x0000000710200000| PB 0x0000000710200000| Untracked |  0
|  91|0x0000000710400000, 0x0000000710400000, 0x0000000710600000|  0%| F|  |TAMS 0x0000000710400000| PB 0x0000000710400000| Untracked |  0
|  92|0x0000000710600000, 0x0000000710600000, 0x0000000710800000|  0%| F|  |TAMS 0x0000000710600000| PB 0x0000000710600000| Untracked |  0
|  93|0x0000000710800000, 0x0000000710800000, 0x0000000710a00000|  0%| F|  |TAMS 0x0000000710800000| PB 0x0000000710800000| Untracked |  0
|  94|0x0000000710a00000, 0x0000000710a00000, 0x0000000710c00000|  0%| F|  |TAMS 0x0000000710a00000| PB 0x0000000710a00000| Untracked |  0
|  95|0x0000000710c00000, 0x0000000710c00000, 0x0000000710e00000|  0%| F|  |TAMS 0x0000000710c00000| PB 0x0000000710c00000| Untracked |  0
|  96|0x0000000710e00000, 0x0000000710e00000, 0x0000000711000000|  0%| F|  |TAMS 0x0000000710e00000| PB 0x0000000710e00000| Untracked |  0
|  97|0x0000000711000000, 0x0000000711000000, 0x0000000711200000|  0%| F|  |TAMS 0x0000000711000000| PB 0x0000000711000000| Untracked |  0
|  98|0x0000000711200000, 0x0000000711200000, 0x0000000711400000|  0%| F|  |TAMS 0x0000000711200000| PB 0x0000000711200000| Untracked |  0
|  99|0x0000000711400000, 0x0000000711400000, 0x0000000711600000|  0%| F|  |TAMS 0x0000000711400000| PB 0x0000000711400000| Untracked |  0
| 100|0x0000000711600000, 0x0000000711600000, 0x0000000711800000|  0%| F|  |TAMS 0x0000000711600000| PB 0x0000000711600000| Untracked |  0
| 101|0x0000000711800000, 0x0000000711800000, 0x0000000711a00000|  0%| F|  |TAMS 0x0000000711800000| PB 0x0000000711800000| Untracked |  0
| 102|0x0000000711a00000, 0x0000000711a00000, 0x0000000711c00000|  0%| F|  |TAMS 0x0000000711a00000| PB 0x0000000711a00000| Untracked |  0
| 103|0x0000000711c00000, 0x0000000711c00000, 0x0000000711e00000|  0%| F|  |TAMS 0x0000000711c00000| PB 0x0000000711c00000| Untracked |  0
| 104|0x0000000711e00000, 0x0000000711e00000, 0x0000000712000000|  0%| F|  |TAMS 0x0000000711e00000| PB 0x0000000711e00000| Untracked |  0
| 105|0x0000000712000000, 0x0000000712000000, 0x0000000712200000|  0%| F|  |TAMS 0x0000000712000000| PB 0x0000000712000000| Untracked |  0
| 106|0x0000000712200000, 0x0000000712200000, 0x0000000712400000|  0%| F|  |TAMS 0x0000000712200000| PB 0x0000000712200000| Untracked |  0
| 107|0x0000000712400000, 0x0000000712400000, 0x0000000712600000|  0%| F|  |TAMS 0x0000000712400000| PB 0x0000000712400000| Untracked |  0
| 108|0x0000000712600000, 0x0000000712600000, 0x0000000712800000|  0%| F|  |TAMS 0x0000000712600000| PB 0x0000000712600000| Untracked |  0
| 109|0x0000000712800000, 0x0000000712800000, 0x0000000712a00000|  0%| F|  |TAMS 0x0000000712800000| PB 0x0000000712800000| Untracked |  0
| 110|0x0000000712a00000, 0x0000000712a00000, 0x0000000712c00000|  0%| F|  |TAMS 0x0000000712a00000| PB 0x0000000712a00000| Untracked |  0
| 111|0x0000000712c00000, 0x0000000712c00000, 0x0000000712e00000|  0%| F|  |TAMS 0x0000000712c00000| PB 0x0000000712c00000| Untracked |  0
| 112|0x0000000712e00000, 0x0000000713000000, 0x0000000713000000|100%| S|CS|TAMS 0x0000000712e00000| PB 0x0000000712e00000| Complete |  0
| 113|0x0000000713000000, 0x0000000713200000, 0x0000000713200000|100%| S|CS|TAMS 0x0000000713000000| PB 0x0000000713000000| Complete |  0
| 114|0x0000000713200000, 0x0000000713200000, 0x0000000713400000|  0%| F|  |TAMS 0x0000000713200000| PB 0x0000000713200000| Untracked |  0
| 115|0x0000000713400000, 0x0000000713400000, 0x0000000713600000|  0%| F|  |TAMS 0x0000000713400000| PB 0x0000000713400000| Untracked |  0
| 116|0x0000000713600000, 0x0000000713600000, 0x0000000713800000|  0%| F|  |TAMS 0x0000000713600000| PB 0x0000000713600000| Untracked |  0
| 117|0x0000000713800000, 0x0000000713800000, 0x0000000713a00000|  0%| F|  |TAMS 0x0000000713800000| PB 0x0000000713800000| Untracked |  0
| 118|0x0000000713a00000, 0x0000000713b39348, 0x0000000713c00000| 61%| E|  |TAMS 0x0000000713a00000| PB 0x0000000713a00000| Complete |  0
| 119|0x0000000713c00000, 0x0000000713e00000, 0x0000000713e00000|100%| E|CS|TAMS 0x0000000713c00000| PB 0x0000000713c00000| Complete |  0
| 120|0x0000000713e00000, 0x0000000714000000, 0x0000000714000000|100%| E|CS|TAMS 0x0000000713e00000| PB 0x0000000713e00000| Complete |  0
| 121|0x0000000714000000, 0x0000000714200000, 0x0000000714200000|100%| E|CS|TAMS 0x0000000714000000| PB 0x0000000714000000| Complete |  0
| 122|0x0000000714200000, 0x0000000714400000, 0x0000000714400000|100%| E|CS|TAMS 0x0000000714200000| PB 0x0000000714200000| Complete |  0
| 123|0x0000000714400000, 0x0000000714600000, 0x0000000714600000|100%| E|CS|TAMS 0x0000000714400000| PB 0x0000000714400000| Complete |  0
| 124|0x0000000714600000, 0x0000000714800000, 0x0000000714800000|100%| E|CS|TAMS 0x0000000714600000| PB 0x0000000714600000| Complete |  0
| 125|0x0000000714800000, 0x0000000714a00000, 0x0000000714a00000|100%| E|CS|TAMS 0x0000000714800000| PB 0x0000000714800000| Complete |  0

Card table byte_map: [0x000001e1f6a20000,0x000001e1f7200000] _byte_map_base: 0x000001e1f31f9000

Marking Bits: (CMBitMap*) 0x000001e1de6d2f50
 Bits: [0x000001e1f7200000, 0x000001e1fb0c8000)

Polling page: 0x000001e1dde30000

Metaspace:

Usage:
  Non-class:     16.61 MB used.
      Class:      2.16 MB used.
       Both:     18.77 MB used.

Virtual space:
  Non-class space:       64.00 MB reserved,      16.75 MB ( 26%) committed,  1 nodes.
      Class space:        1.00 GB reserved,       2.31 MB ( <1%) committed,  1 nodes.
             Both:        1.06 GB reserved,      19.06 MB (  2%) committed. 

Chunk freelists:
   Non-Class:  14.96 MB
       Class:  13.72 MB
        Both:  28.68 MB

MaxMetaspaceSize: unlimited
CompressedClassSpaceSize: 1.00 GB
Initial GC threshold: 21.00 MB
Current GC threshold: 21.00 MB
CDS: on
 - commit_granule_bytes: 65536.
 - commit_granule_words: 8192.
 - virtual_space_node_default_size: 8388608.
 - enlarge_chunks_in_place: 1.
 - use_allocation_guard: 0.


Internal statistics:

num_allocs_failed_limit: 0.
num_arena_births: 188.
num_arena_deaths: 0.
num_vsnodes_births: 2.
num_vsnodes_deaths: 0.
num_space_committed: 305.
num_space_uncommitted: 0.
num_chunks_returned_to_freelist: 0.
num_chunks_taken_from_freelist: 388.
num_chunk_merges: 0.
num_chunk_splits: 234.
num_chunks_enlarged: 130.
num_inconsistent_stats: 0.

CodeHeap 'non-profiled nmethods': size=119168Kb used=903Kb max_used=903Kb free=118264Kb
 bounds [0x000001e1ee560000, 0x000001e1ee7d0000, 0x000001e1f59c0000]
CodeHeap 'profiled nmethods': size=119104Kb used=5363Kb max_used=5363Kb free=113740Kb
 bounds [0x000001e1e69c0000, 0x000001e1e6f00000, 0x000001e1ede10000]
CodeHeap 'non-nmethods': size=7488Kb used=1721Kb max_used=3442Kb free=5766Kb
 bounds [0x000001e1ede10000, 0x000001e1ee180000, 0x000001e1ee560000]
 total_blobs=3496 nmethods=2745 adapters=655
 compilation: enabled
              stopped_count=0, restarted_count=0
 full_count=0

Compilation events (20 events):
Event: 1232.639 Thread 0x000001e1fd5c9290 2737       3       jdk.internal.loader.URLClassPath$FileLoader::findResource (18 bytes)
Event: 1232.640 Thread 0x000001e1fd5c9290 nmethod 2737 0x000001e1e6ef8d90 code [0x000001e1e6ef8f60, 0x000001e1e6ef91e0]
Event: 1242.661 Thread 0x000001e1fd5c9290 2738   !   3       java.io.WinNTFileSystem::getBooleanAttributes (27 bytes)
Event: 1242.662 Thread 0x000001e1fd5c9290 nmethod 2738 0x000001e1e6ef9310 code [0x000001e1e6ef94e0, 0x000001e1e6ef96f8]
Event: 1277.717 Thread 0x000001e1fd5c9290 2739   !   3       com.mysql.cj.jdbc.AbandonedConnectionCleanupThread::checkThreadContextClassLoader (20 bytes)
Event: 1277.718 Thread 0x000001e1fd5c9290 nmethod 2739 0x000001e1e6ef9810 code [0x000001e1e6ef9a20, 0x000001e1e6efa088]
Event: 1277.718 Thread 0x000001e1fd5c9290 2741       3       sun.net.util.IPAddressUtil::scan (62 bytes)
Event: 1277.719 Thread 0x000001e1fd5c9290 nmethod 2741 0x000001e1e6efa390 code [0x000001e1e6efa5c0, 0x000001e1e6efae88]
Event: 1277.719 Thread 0x000001e1fd5c9290 2740       3       sun.net.util.IPAddressUtil::checkAuth (45 bytes)
Event: 1277.720 Thread 0x000001e1fd5c9290 nmethod 2740 0x000001e1e6efb290 code [0x000001e1e6efb520, 0x000001e1e6efbfc8]
Event: 3311.046 Thread 0x000001e1fd5c83f0 2742       4       jdk.internal.misc.Unsafe::putIntOpaque (9 bytes)
Event: 3311.049 Thread 0x000001e1fd5c83f0 nmethod 2742 0x000001e1ee641810 code [0x000001e1ee641980, 0x000001e1ee641a18]
Event: 3506.369 Thread 0x000001e1fd5c83f0 2743       4       java.util.concurrent.locks.AbstractQueuedSynchronizer$Node::setStatusRelaxed (12 bytes)
Event: 3506.370 Thread 0x000001e1fd5c83f0 nmethod 2743 0x000001e1ee641b10 code [0x000001e1ee641c80, 0x000001e1ee641d10]
Event: 6280.909 Thread 0x000001e1fd5c83f0 2744       4       java.util.Arrays::binarySearch0 (95 bytes)
Event: 6280.921 Thread 0x000001e1fd5c9290 2745       3       java.awt.geom.AffineTransform::getScaleInstance (19 bytes)
Event: 6280.957 Thread 0x000001e1fd5c9290 nmethod 2745 0x000001e1e6efc410 code [0x000001e1e6efc5c0, 0x000001e1e6efc7c0]
Event: 6280.957 Thread 0x000001e1fd5c9290 2746       3       java.awt.geom.AffineTransform::setToScale (66 bytes)
Event: 6280.958 Thread 0x000001e1fd5c9290 nmethod 2746 0x000001e1e6efc890 code [0x000001e1e6efca60, 0x000001e1e6efcca8]
Event: 6280.958 Thread 0x000001e1fd5c9290 2747       3       java.awt.geom.AffineTransform::equals (104 bytes)

GC Heap History (2 events):
Event: 0.950 GC heap before
{Heap before GC invocations=0 (full 0):
 garbage-first heap   total reserved 4114432K, committed 258048K, used 26624K [0x0000000704e00000, 0x0000000800000000)
  region size 2048K, 12 young (24576K), 0 survivors (0K)
 Metaspace       used 14243K, committed 14528K, reserved 1114112K
  class space    used 1598K, committed 1728K, reserved 1048576K
}
Event: 0.957 GC heap after
{Heap after GC invocations=1 (full 0):
 garbage-first heap   total reserved 4114432K, committed 258048K, used 9600K [0x0000000704e00000, 0x0000000800000000)
  region size 2048K, 2 young (4096K), 2 survivors (4096K)
 Metaspace       used 14243K, committed 14528K, reserved 1114112K
  class space    used 1598K, committed 1728K, reserved 1048576K
}

Dll operation events (13 events):
Event: 0.039 Loaded shared library C:\Program Files\Java\jdk-22\bin\java.dll
Event: 0.095 Loaded shared library C:\Program Files\Java\jdk-22\bin\jsvml.dll
Event: 0.135 Loaded shared library C:\Program Files\Java\jdk-22\bin\net.dll
Event: 0.136 Loaded shared library C:\Program Files\Java\jdk-22\bin\nio.dll
Event: 0.158 Loaded shared library C:\Program Files\Java\jdk-22\bin\zip.dll
Event: 0.171 Loaded shared library C:\Program Files\Java\jdk-22\bin\jimage.dll
Event: 0.189 Loaded shared library C:\Program Files\Java\jdk-22\bin\awt.dll
Event: 0.353 Loaded shared library C:\Program Files\Java\jdk-22\bin\javajpeg.dll
Event: 0.572 Loaded shared library C:\Program Files\Java\jdk-22\bin\extnet.dll
Event: 0.799 Loaded shared library C:\Program Files\Java\jdk-22\bin\sunmscapi.dll
Event: 1.015 Loaded shared library C:\Program Files\Java\jdk-22\bin\verify.dll
Event: 1.055 Loaded shared library C:\Program Files\Java\jdk-22\bin\freetype.dll
Event: 1.055 Loaded shared library C:\Program Files\Java\jdk-22\bin\fontmanager.dll

Deoptimization events (20 events):
Event: 1.048 Thread 0x000001e1de6694a0 Uncommon trap: trap_request=0xffffff45 fr.pc=0x000001e1ee5c5370 relative=0x0000000000000570
Event: 1.048 Thread 0x000001e1de6694a0 Uncommon trap: reason=unstable_if action=reinterpret pc=0x000001e1ee5c5370 method=java.lang.String.getBytes([BIB)V @ 5 c2
Event: 1.048 Thread 0x000001e1de6694a0 DEOPT PACKING pc=0x000001e1ee5c5370 sp=0x000000aa19afe900
Event: 1.048 Thread 0x000001e1de6694a0 DEOPT UNPACKING pc=0x000001e1ede646a2 sp=0x000000aa19afe7a0 mode 2
Event: 1.048 Thread 0x000001e1de6694a0 Uncommon trap: trap_request=0xffffff45 fr.pc=0x000001e1ee5c466c relative=0x000000000000056c
Event: 1.048 Thread 0x000001e1de6694a0 Uncommon trap: reason=unstable_if action=reinterpret pc=0x000001e1ee5c466c method=java.lang.String.getBytes([BIB)V @ 5 c2
Event: 1.048 Thread 0x000001e1de6694a0 DEOPT PACKING pc=0x000001e1ee5c466c sp=0x000000aa19afe8b0
Event: 1.048 Thread 0x000001e1de6694a0 DEOPT UNPACKING pc=0x000001e1ede646a2 sp=0x000000aa19afe7a8 mode 2
Event: 1.048 Thread 0x000001e1de6694a0 Uncommon trap: trap_request=0xffffff45 fr.pc=0x000001e1ee5b3d90 relative=0x00000000000000f0
Event: 1.049 Thread 0x000001e1de6694a0 Uncommon trap: reason=unstable_if action=reinterpret pc=0x000001e1ee5b3d90 method=java.lang.String.getBytes([BIB)V @ 5 c2
Event: 1.049 Thread 0x000001e1de6694a0 DEOPT PACKING pc=0x000001e1ee5b3d90 sp=0x000000aa19afe840
Event: 1.049 Thread 0x000001e1de6694a0 DEOPT UNPACKING pc=0x000001e1ede646a2 sp=0x000000aa19afe7e8 mode 2
Event: 1.064 Thread 0x000001e1de6694a0 Uncommon trap: trap_request=0xffffff45 fr.pc=0x000001e1ee591088 relative=0x00000000000001e8
Event: 1.064 Thread 0x000001e1de6694a0 Uncommon trap: reason=unstable_if action=reinterpret pc=0x000001e1ee591088 method=java.lang.StringUTF16.compress([CI[BII)I @ 20 c2
Event: 1.064 Thread 0x000001e1de6694a0 DEOPT PACKING pc=0x000001e1ee591088 sp=0x000000aa19afd8c0
Event: 1.064 Thread 0x000001e1de6694a0 DEOPT UNPACKING pc=0x000001e1ede646a2 sp=0x000000aa19afd830 mode 2
Event: 1.383 Thread 0x000001e1c88e5d20 Uncommon trap: trap_request=0xffffff45 fr.pc=0x000001e1ee56bdcc relative=0x00000000000000ac
Event: 1.383 Thread 0x000001e1c88e5d20 Uncommon trap: reason=unstable_if action=reinterpret pc=0x000001e1ee56bdcc method=java.lang.String.isLatin1()Z @ 10 c2
Event: 1.383 Thread 0x000001e1c88e5d20 DEOPT PACKING pc=0x000001e1ee56bdcc sp=0x000000aa1c4fcee0
Event: 1.383 Thread 0x000001e1c88e5d20 DEOPT UNPACKING pc=0x000001e1ede646a2 sp=0x000000aa1c4fce10 mode 2

Classes loaded (20 events):
Event: 1.438 Loading class java/awt/Container$EventTargetFilter done
Event: 1.438 Loading class java/awt/Container$MouseEventTargetFilter done
Event: 1.438 Loading class java/awt/LightweightDispatcher$1
Event: 1.438 Loading class java/awt/LightweightDispatcher$1 done
Event: 1.438 Loading class java/awt/event/MouseWheelEvent
Event: 1.438 Loading class java/awt/event/MouseWheelEvent done
Event: 1.944 Loading class javax/swing/Timer$1
Event: 1.944 Loading class javax/swing/Timer$1 done
Event: 8.395 Loading class java/awt/LightweightDispatcher$2
Event: 8.395 Loading class java/awt/LightweightDispatcher$2 done
Event: 9.683 Loading class java/awt/KeyboardFocusManager$2
Event: 9.683 Loading class java/awt/KeyboardFocusManager$2 done
Event: 9.683 Loading class sun/awt/SunToolkit$1
Event: 9.684 Loading class sun/awt/SunToolkit$1 done
Event: 6280.742 Loading class java/util/WeakHashMap$KeyIterator
Event: 6280.744 Loading class java/util/WeakHashMap$HashIterator
Event: 6280.745 Loading class java/util/WeakHashMap$HashIterator done
Event: 6280.745 Loading class java/util/WeakHashMap$KeyIterator done
Event: 6280.750 Loading class javax/swing/RepaintManager$DisplayChangedRunnable
Event: 6280.751 Loading class javax/swing/RepaintManager$DisplayChangedRunnable done

Classes unloaded (0 events):
No events

Classes redefined (0 events):
No events

Internal exceptions (20 events):
Event: 0.175 Thread 0x000001e1de6694a0 Exception <a 'java/lang/ClassNotFoundException'{0x0000000714402938}: sun/awt/resources/spi/awtProvider> (0x0000000714402938) 
thrown [s\open\src\hotspot\share\classfile\systemDictionary.cpp, line 313]
Event: 0.202 Thread 0x000001e1de6694a0 Exception <a 'java/io/FileNotFoundException'{0x00000007144565b0}> (0x00000007144565b0) 
thrown [s\open\src\hotspot\share\prims\jni.cpp, line 520]
Event: 0.208 Thread 0x000001e1de6694a0 Exception <a 'java/io/FileNotFoundException'{0x0000000714484a18}> (0x0000000714484a18) 
thrown [s\open\src\hotspot\share\prims\jni.cpp, line 520]
Event: 0.271 Thread 0x000001e1de6694a0 Exception <a 'java/lang/NoSuchMethodError'{0x0000000714598018}: 'void java.lang.invoke.DirectMethodHandle$Holder.invokeSpecial(java.lang.Object, java.lang.Object, java.lang.Object)'> (0x0000000714598018) 
thrown [s\open\src\hotspot\share\interpreter\linkResolver.cpp, line 774]
Event: 0.277 Thread 0x000001e1de6694a0 Exception <a 'java/lang/NoSuchMethodError'{0x00000007145be360}: 'java.lang.Object java.lang.invoke.DirectMethodHandle$Holder.newInvokeSpecial(java.lang.Object, java.lang.Object, java.lang.Object, java.lang.Object, java.lang.Object)'> (0x00000007145be360) 
thrown [s\open\src\hotspot\share\interpreter\linkResolver.cpp, line 774]
Event: 0.281 Thread 0x000001e1de6694a0 Exception <a 'java/lang/NoSuchMethodError'{0x00000007145eac78}: 'java.lang.Object java.lang.invoke.DirectMethodHandle$Holder.invokeStatic(java.lang.Object, int, java.lang.Object)'> (0x00000007145eac78) 
thrown [s\open\src\hotspot\share\interpreter\linkResolver.cpp, line 774]
Event: 0.297 Thread 0x000001e1de6694a0 Exception <a 'java/lang/ClassNotFoundException'{0x00000007142a1188}: com/sun/swing/internal/plaf/metal/resources/spi/metalProvider> (0x00000007142a1188) 
thrown [s\open\src\hotspot\share\classfile\systemDictionary.cpp, line 313]
Event: 0.297 Thread 0x000001e1de6694a0 Exception <a 'java/lang/ClassNotFoundException'{0x00000007142a5138}: com/sun/swing/internal/plaf/basic/resources/spi/basicProvider> (0x00000007142a5138) 
thrown [s\open\src\hotspot\share\classfile\systemDictionary.cpp, line 313]
Event: 0.304 Thread 0x000001e1de6694a0 Exception <a 'java/lang/NoSuchMethodError'{0x00000007142c47d8}: 'int java.lang.invoke.Invokers$Holder.invokeExact_MT(java.lang.Object, java.lang.Object)'> (0x00000007142c47d8) 
thrown [s\open\src\hotspot\share\interpreter\linkResolver.cpp, line 774]
Event: 0.354 Thread 0x000001e1c5588280 Exception <a 'java/lang/NoSuchMethodError'{0x000000071411fe58}: 'java.lang.Object java.lang.invoke.DirectMethodHandle$Holder.newInvokeSpecial(java.lang.Object, java.lang.Object, java.lang.Object, int, int, int, int, int)'> (0x000000071411fe58) 
thrown [s\open\src\hotspot\share\interpreter\linkResolver.cpp, line 774]
Event: 0.418 Thread 0x000001e1de6694a0 Exception <a 'java/lang/NoSuchMethodError'{0x0000000713c986c0}: 'void java.lang.invoke.DirectMethodHandle$Holder.invokeStatic(java.lang.Object, java.lang.Object)'> (0x0000000713c986c0) 
thrown [s\open\src\hotspot\share\interpreter\linkResolver.cpp, line 774]
Event: 0.455 Thread 0x000001e1de6694a0 Exception <a 'java/lang/NoSuchMethodError'{0x0000000713a3cc48}: 'java.lang.Object java.lang.invoke.DirectMethodHandle$Holder.invokeInterface(java.lang.Object, java.lang.Object)'> (0x0000000713a3cc48) 
thrown [s\open\src\hotspot\share\interpreter\linkResolver.cpp, line 774]
Event: 0.482 Thread 0x000001e1de6694a0 Exception <a 'java/lang/NoSuchMethodError'{0x0000000713ab3ad0}: 'void java.lang.invoke.DirectMethodHandle$Holder.invokeStatic(java.lang.Object, java.lang.Object, java.lang.Object)'> (0x0000000713ab3ad0) 
thrown [s\open\src\hotspot\share\interpreter\linkResolver.cpp, line 774]
Event: 0.485 Thread 0x000001e1de6694a0 Exception <a 'java/lang/NoSuchMethodError'{0x0000000713abf7f8}: 'java.lang.Object java.lang.invoke.DirectMethodHandle$Holder.invokeVirtual(java.lang.Object, java.lang.Object, java.lang.Object)'> (0x0000000713abf7f8) 
thrown [s\open\src\hotspot\share\interpreter\linkResolver.cpp, line 774]
Event: 0.633 Thread 0x000001e1de6694a0 Exception <a 'java/lang/NoSuchMethodError'{0x0000000713772a60}: 'void java.lang.invoke.DirectMethodHandle$Holder.invokeStaticInit(java.lang.Object, java.lang.Object)'> (0x0000000713772a60) 
thrown [s\open\src\hotspot\share\interpreter\linkResolver.cpp, line 774]
Event: 0.704 Thread 0x000001e1de6694a0 Exception <a 'sun/nio/fs/WindowsException'{0x000000071349cf80}> (0x000000071349cf80) 
thrown [s\open\src\hotspot\share\prims\jni.cpp, line 520]
Event: 0.755 Thread 0x000001e1de6694a0 Exception <a 'java/lang/NoSuchMethodError'{0x0000000713543898}: 'java.lang.Object java.lang.invoke.DirectMethodHandle$Holder.invokeStaticInit(java.lang.Object, int, int, int, int)'> (0x0000000713543898) 
thrown [s\open\src\hotspot\share\interpreter\linkResolver.cpp, line 774]
Event: 0.775 Thread 0x000001e1de6694a0 Exception <a 'java/lang/NoSuchMethodError'{0x0000000713204d00}: 'java.lang.Object java.lang.invoke.DirectMethodHandle$Holder.invokeStaticInit(java.lang.Object, java.lang.Object, int, int, int, int)'> (0x0000000713204d00) 
thrown [s\open\src\hotspot\share\interpreter\linkResolver.cpp, line 774]
Event: 0.908 Thread 0x000001e1de6694a0 Exception <a 'java/lang/NoSuchMethodError'{0x000000071337b8e8}: 'void java.lang.invoke.DirectMethodHandle$Holder.invokeVirtual(java.lang.Object, java.lang.Object)'> (0x000000071337b8e8) 
thrown [s\open\src\hotspot\share\interpreter\linkResolver.cpp, line 774]
Event: 1.170 Thread 0x000001e1de6694a0 Exception <a 'java/lang/NoSuchMethodError'{0x00000007144ecb18}: 'void java.lang.invoke.DirectMethodHandle$Holder.invokeStaticInit(java.lang.Object)'> (0x00000007144ecb18) 
thrown [s\open\src\hotspot\share\interpreter\linkResolver.cpp, line 774]

ZGC Phase Switch (0 events):
No events

VM Operations (20 events):
Event: 5.387 Executing VM operation: Cleanup
Event: 5.387 Executing VM operation: Cleanup done
Event: 6.399 Executing VM operation: Cleanup
Event: 6.399 Executing VM operation: Cleanup done
Event: 7.414 Executing VM operation: Cleanup
Event: 7.414 Executing VM operation: Cleanup done
Event: 8.427 Executing VM operation: Cleanup
Event: 8.428 Executing VM operation: Cleanup done
Event: 10.434 Executing VM operation: Cleanup
Event: 10.434 Executing VM operation: Cleanup done
Event: 60.182 Executing VM operation: HandshakeAllThreads (HandshakeForDeflation)
Event: 60.182 Executing VM operation: HandshakeAllThreads (HandshakeForDeflation) done
Event: 60.182 Executing VM operation: RendezvousGCThreads
Event: 60.182 Executing VM operation: RendezvousGCThreads done
Event: 612.092 Executing VM operation: Cleanup
Event: 612.092 Executing VM operation: Cleanup done
Event: 1037.939 Executing VM operation: Cleanup
Event: 1037.939 Executing VM operation: Cleanup done
Event: 1178.471 Executing VM operation: Cleanup
Event: 1178.471 Executing VM operation: Cleanup done

Memory protections (0 events):
No events

Nmethod flushes (0 events):
No events

Events (20 events):
Event: 0.248 Thread 0x000001e1de6694a0 Thread added: 0x000001e1c5558de0
Event: 0.312 Thread 0x000001e1de6694a0 Thread added: 0x000001e1c5588280
Event: 0.317 Thread 0x000001e1c523a3e0 Thread added: 0x000001e1c523aab0
Event: 0.321 Thread 0x000001e1fd5c9290 Thread added: 0x000001e1c523b180
Event: 0.419 Thread 0x000001e1de6694a0 Thread added: 0x000001e1c5788f30
Event: 0.853 Thread 0x000001e1c523a3e0 Thread added: 0x000001e1c5238f70
Event: 0.855 Thread 0x000001e1fd5c9290 Thread added: 0x000001e1c5239640
Event: 0.859 Thread 0x000001e1fd5c83f0 Thread added: 0x000001e1c5239d10
Event: 1.081 Thread 0x000001e1de6694a0 Thread added: 0x000001e1c88e5d20
Event: 1.236 Thread 0x000001e1de6694a0 Thread exited: 0x000001e1de6694a0
Event: 1.236 Thread 0x000001e1de6694a0 Thread added: 0x000001e1de6694a0
Event: 1.253 Thread 0x000001e1c5239d10 Thread exited: 0x000001e1c5239d10
Event: 1.432 Thread 0x000001e1c88e5d20 Thread added: 0x000001e1c785a710
Event: 1.539 Thread 0x000001e1c5239640 Thread exited: 0x000001e1c5239640
Event: 1.943 Thread 0x000001e1c5238f70 Thread exited: 0x000001e1c5238f70
Event: 1.944 Thread 0x000001e1c523b180 Thread exited: 0x000001e1c523b180
Event: 1.945 Thread 0x000001e1c523bf20 Thread exited: 0x000001e1c523bf20
Event: 2.453 Thread 0x000001e1c523aab0 Thread exited: 0x000001e1c523aab0
Event: 2.453 Thread 0x000001e1c523a3e0 Thread exited: 0x000001e1c523a3e0
Event: 6.153 Thread 0x000001e1c5588280 Thread exited: 0x000001e1c5588280


Dynamic libraries:
0x00007ff7cc6e0000 - 0x00007ff7cc6f0000 	C:\Program Files\Java\jdk-22\bin\java.exe
0x00007ffbb7aa0000 - 0x00007ffbb7ca9000 	C:\Windows\SYSTEM32\ntdll.dll
0x00007ffbb6a10000 - 0x00007ffbb6acd000 	C:\Windows\System32\KERNEL32.DLL
0x00007ffbb5470000 - 0x00007ffbb57f4000 	C:\Windows\System32\KERNELBASE.dll
0x00007ffbb1d30000 - 0x00007ffbb1dc2000 	C:\Windows\SYSTEM32\apphelp.dll
0x00007ffbb51e0000 - 0x00007ffbb52f1000 	C:\Windows\System32\ucrtbase.dll
0x00007ffbacb40000 - 0x00007ffbacb5b000 	C:\Program Files\Java\jdk-22\bin\VCRUNTIME140.dll
0x00007ffb9ef20000 - 0x00007ffb9ef37000 	C:\Program Files\Java\jdk-22\bin\jli.dll
0x00007ffbb6760000 - 0x00007ffbb690d000 	C:\Windows\System32\USER32.dll
0x00007ffb97f00000 - 0x00007ffb981a5000 	C:\Windows\WinSxS\amd64_microsoft.windows.common-controls_6595b64144ccf1df_6.0.22000.120_none_9d947278b86cc467\COMCTL32.dll
0x00007ffbb58c0000 - 0x00007ffbb58e6000 	C:\Windows\System32\win32u.dll
0x00007ffbb5b30000 - 0x00007ffbb5bd3000 	C:\Windows\System32\msvcrt.dll
0x00007ffbb7010000 - 0x00007ffbb703a000 	C:\Windows\System32\GDI32.dll
0x00007ffbb50c0000 - 0x00007ffbb51de000 	C:\Windows\System32\gdi32full.dll
0x00007ffbb4fa0000 - 0x00007ffbb503d000 	C:\Windows\System32\msvcp_win.dll
0x00007ffbb62a0000 - 0x00007ffbb62d1000 	C:\Windows\System32\IMM32.DLL
0x00007ffbacb30000 - 0x00007ffbacb3c000 	C:\Program Files\Java\jdk-22\bin\vcruntime140_1.dll
0x00007ffb9e690000 - 0x00007ffb9e71e000 	C:\Program Files\Java\jdk-22\bin\msvcp140.dll
0x00007ffb4fae0000 - 0x00007ffb50829000 	C:\Program Files\Java\jdk-22\bin\server\jvm.dll
0x00007ffbb6f60000 - 0x00007ffbb700e000 	C:\Windows\System32\ADVAPI32.dll
0x00007ffbb6970000 - 0x00007ffbb6a0e000 	C:\Windows\System32\sechost.dll
0x00007ffbb70f0000 - 0x00007ffbb7211000 	C:\Windows\System32\RPCRT4.dll
0x00007ffbb79f0000 - 0x00007ffbb7a5f000 	C:\Windows\System32\WS2_32.dll
0x00007ffbb4ba0000 - 0x00007ffbb4bed000 	C:\Windows\SYSTEM32\POWRPROF.dll
0x00007ffbb2960000 - 0x00007ffbb2993000 	C:\Windows\SYSTEM32\WINMM.dll
0x00007ffb9d1a0000 - 0x00007ffb9d1aa000 	C:\Windows\SYSTEM32\VERSION.dll
0x00007ffbb49f0000 - 0x00007ffbb4a03000 	C:\Windows\SYSTEM32\UMPDC.dll
0x00007ffbb3ff0000 - 0x00007ffbb4008000 	C:\Windows\SYSTEM32\kernel.appcore.dll
0x00007ffba91d0000 - 0x00007ffba91da000 	C:\Program Files\Java\jdk-22\bin\jimage.dll
0x00007ffbb26a0000 - 0x00007ffbb28c1000 	C:\Windows\SYSTEM32\DBGHELP.DLL
0x00007ffbb2900000 - 0x00007ffbb2931000 	C:\Windows\SYSTEM32\dbgcore.DLL
0x00007ffbb5040000 - 0x00007ffbb50bf000 	C:\Windows\System32\bcryptPrimitives.dll
0x00007ffb9ef00000 - 0x00007ffb9ef1e000 	C:\Program Files\Java\jdk-22\bin\java.dll
0x00007ffbb7220000 - 0x00007ffbb79e5000 	C:\Windows\System32\SHELL32.dll
0x00007ffbb60d0000 - 0x00007ffbb626a000 	C:\Windows\System32\ole32.dll
0x00007ffbb5cc0000 - 0x00007ffbb6036000 	C:\Windows\System32\combase.dll
0x00007ffbb2fc0000 - 0x00007ffbb3822000 	C:\Windows\SYSTEM32\windows.storage.dll
0x00007ffbb2e50000 - 0x00007ffbb2fb7000 	C:\Windows\SYSTEM32\wintypes.dll
0x00007ffbb6b40000 - 0x00007ffbb6c2a000 	C:\Windows\System32\SHCORE.dll
0x00007ffbb6de0000 - 0x00007ffbb6e3d000 	C:\Windows\System32\shlwapi.dll
0x00007ffbb4e60000 - 0x00007ffbb4e85000 	C:\Windows\SYSTEM32\profapi.dll
0x00007ffb9db40000 - 0x00007ffb9dc17000 	C:\Program Files\Java\jdk-22\bin\jsvml.dll
0x00007ffba91b0000 - 0x00007ffba91c0000 	C:\Program Files\Java\jdk-22\bin\net.dll
0x00007ffbb44c0000 - 0x00007ffbb4527000 	C:\Windows\system32\mswsock.dll
0x00007ffb9ee00000 - 0x00007ffb9ee16000 	C:\Program Files\Java\jdk-22\bin\nio.dll
0x00007ffb9ede0000 - 0x00007ffb9edf7000 	C:\Program Files\Java\jdk-22\bin\zip.dll
0x00007ffb75aa0000 - 0x00007ffb75c2e000 	C:\Program Files\Java\jdk-22\bin\awt.dll
0x00007ffbb5be0000 - 0x00007ffbb5cb6000 	C:\Windows\System32\OLEAUT32.dll
0x00007ffbb2180000 - 0x00007ffbb21af000 	C:\Windows\system32\DWMAPI.DLL
0x00007ffbb1ee0000 - 0x00007ffbb1f8c000 	C:\Windows\system32\uxtheme.dll
0x00007ffb765e0000 - 0x00007ffb766e1000 	C:\Windows\system32\opengl32.dll
0x00007ffb9e860000 - 0x00007ffb9e88d000 	C:\Windows\SYSTEM32\GLU32.dll
0x00007ffbb1ff0000 - 0x00007ffbb2028000 	C:\Windows\SYSTEM32\dxcore.dll
0x00007ffbb6cc0000 - 0x00007ffbb6ddd000 	C:\Windows\System32\MSCTF.dll
0x00007ffb98790000 - 0x00007ffb987be000 	C:\Program Files\Java\jdk-22\bin\javajpeg.dll
0x00007ffbb3aa0000 - 0x00007ffbb3b87000 	C:\Windows\SYSTEM32\DNSAPI.dll
0x00007ffbb3a70000 - 0x00007ffbb3a9d000 	C:\Windows\SYSTEM32\IPHLPAPI.DLL
0x00007ffbb5960000 - 0x00007ffbb5969000 	C:\Windows\System32\NSI.dll
0x00007ffbaaa70000 - 0x00007ffbaaa7a000 	C:\Windows\System32\rasadhlp.dll
0x00007ffbab3c0000 - 0x00007ffbab441000 	C:\Windows\System32\fwpuclnt.dll
0x00007ffba3cf0000 - 0x00007ffba3cf9000 	C:\Program Files\Java\jdk-22\bin\extnet.dll
0x00007ffbb4710000 - 0x00007ffbb4728000 	C:\Windows\SYSTEM32\CRYPTSP.dll
0x00007ffbb3ed0000 - 0x00007ffbb3f05000 	C:\Windows\system32\rsaenh.dll
0x00007ffbb45b0000 - 0x00007ffbb45dc000 	C:\Windows\SYSTEM32\USERENV.dll
0x00007ffbb4880000 - 0x00007ffbb48a7000 	C:\Windows\SYSTEM32\bcrypt.dll
0x00007ffbb4700000 - 0x00007ffbb470c000 	C:\Windows\SYSTEM32\CRYPTBASE.dll
0x00007ffb9ec30000 - 0x00007ffb9ec3e000 	C:\Program Files\Java\jdk-22\bin\sunmscapi.dll
0x00007ffbb5300000 - 0x00007ffbb5462000 	C:\Windows\System32\CRYPT32.dll
0x00007ffbb4850000 - 0x00007ffbb4878000 	C:\Windows\SYSTEM32\ncrypt.dll
0x00007ffbb4810000 - 0x00007ffbb4847000 	C:\Windows\SYSTEM32\NTASN1.dll
0x00007ffba3d80000 - 0x00007ffba3d90000 	C:\Program Files\Java\jdk-22\bin\verify.dll
0x00007ffb9e460000 - 0x00007ffb9e4e7000 	C:\Program Files\Java\jdk-22\bin\freetype.dll
0x00007ffb737d0000 - 0x00007ffb738a7000 	C:\Program Files\Java\jdk-22\bin\fontmanager.dll
0x00007ffbb7040000 - 0x00007ffbb70ef000 	C:\Windows\System32\clbcatq.dll
0x00007ffbad610000 - 0x00007ffbad7be000 	C:\Windows\SYSTEM32\WindowsCodecs.dll
0x00007ffb9c920000 - 0x00007ffb9c97d000 	C:\Windows\system32\dataexchange.dll
0x00007ffbac8b0000 - 0x00007ffbacb15000 	C:\Windows\system32\twinapi.appcore.dll
0x00007ffb9bb20000 - 0x00007ffb9bc4c000 	C:\Windows\SYSTEM32\textinputframework.dll
0x00007ffbb1a40000 - 0x00007ffbb1b71000 	C:\Windows\SYSTEM32\CoreMessaging.dll
0x00007ffbae720000 - 0x00007ffbaea8d000 	C:\Windows\SYSTEM32\CoreUIComponents.dll

dbghelp: loaded successfully - version: 4.0.5 - missing functions: none
symbol engine: initialized successfully - sym options: 0x614 - pdb path: .;C:\Program Files\Java\jdk-22\bin;C:\Windows\SYSTEM32;C:\Windows\WinSxS\amd64_microsoft.windows.common-controls_6595b64144ccf1df_6.0.22000.120_none_9d947278b86cc467;C:\Program Files\Java\jdk-22\bin\server

VM Arguments:
jvm_args: -Dfile.encoding=UTF-8 --module-path=C:\Users\Zeeshan Akhtar\OneDrive\Documents\NetBeansProjects\AirlineManagementSystem\build\classes 
java_command: airlinemanagementsystem.CancelTicket
java_class_path (initial): C:\Users\Zeeshan Akhtar\Downloads\mysql-connector-java-8.0.28.jar;C:\Users\Zeeshan Akhtar\Downloads\rs2xml.jar;C:\Users\Zeeshan Akhtar\Downloads\jcalendar-tz-1.3.3-4.jar;C:\Users\Zeeshan Akhtar\OneDrive\Documents\NetBeansProjects\AirlineManagementSystem\build\classes
Launcher Type: SUN_STANDARD

[Global flags]
     intx CICompilerCount                          = 12                                        {product} {ergonomic}
     uint ConcGCThreads                            = 3                                         {product} {ergonomic}
     uint G1ConcRefinementThreads                  = 13                                        {product} {ergonomic}
   size_t G1HeapRegionSize                         = 2097152                                   {product} {ergonomic}
   size_t InitialHeapSize                          = 264241152                                 {product} {ergonomic}
   size_t MarkStackSize                            = 4194304                                   {product} {ergonomic}
   size_t MaxHeapSize                              = 4213178368                                {product} {ergonomic}
   size_t MaxNewSize                               = 2527068160                                {product} {ergonomic}
   size_t MinHeapDeltaBytes                        = 2097152                                   {product} {ergonomic}
   size_t MinHeapSize                              = 8388608                                   {product} {ergonomic}
    uintx NonNMethodCodeHeapSize                   = 7602480                                {pd product} {ergonomic}
    uintx NonProfiledCodeHeapSize                  = 122027880                              {pd product} {ergonomic}
    uintx ProfiledCodeHeapSize                     = 122027880                              {pd product} {ergonomic}
    uintx ReservedCodeCacheSize                    = 251658240                              {pd product} {ergonomic}
     bool SegmentedCodeCache                       = true                                      {product} {ergonomic}
   size_t SoftMaxHeapSize                          = 4213178368                             {manageable} {ergonomic}
     bool UseCompressedOops                        = true                           {product lp64_product} {ergonomic}
     bool UseG1GC                                  = true                                      {product} {ergonomic}
     bool UseLargePagesIndividualAllocation        = false                                  {pd product} {ergonomic}

Logging:
Log output configuration:
 #0: stdout all=warning uptime,level,tags foldmultilines=false
 #1: stderr all=off uptime,level,tags foldmultilines=false

Environment Variables:
JAVA_HOME=C:\Users\Zeeshan Akhtar\AppData\Local\Programs\Eclipse Adoptium\jdk-17.0.11.9-hotspot\
PATH=C:\Program Files\Common Files\Oracle\Java\javapath;C:\Program Files\Eclipse Adoptium\jdk-21.0.3.9-hotspot\bin;C:\Windows\system32;C:\Windows;C:\Windows\System32\Wbem;C:\Windows\System32\WindowsPowerShell\v1.0\;C:\Windows\System32\OpenSSH\;C:\Program Files\dotnet\;C:\Program Files\Java\jdk-22\bin;C:\Program Files\Git\cmd;C:\Program Files\Java\jdk-22\bin;C:\Program Files\MySQL\MySQL Shell 8.0\bin\;C:\Program Files\Java\jdk-22\bin;C:\Users\Zeeshan Akhtar\AppData\Local\Programs\Microsoft VS Code\bin
USERNAME=Zeeshan Akhtar
OS=Windows_NT
PROCESSOR_IDENTIFIER=Intel64 Family 6 Model 154 Stepping 3, GenuineIntel
TMP=C:\Users\ZEESHA~1\AppData\Local\Temp
TEMP=C:\Users\ZEESHA~1\AppData\Local\Temp




Periodic native trim disabled

---------------  S Y S T E M  ---------------

OS:
 Windows 11 , 64 bit Build 22000 (10.0.22000.2538)
OS uptime: 6 days 23:00 hours
Hyper-V role detected

CPU: total 16 (initial active 16) (8 cores per cpu, 2 threads per core) family 6 model 154 stepping 3 microcode 0x434, cx8, cmov, fxsr, ht, mmx, 3dnowpref, sse, sse2, sse3, ssse3, sse4.1, sse4.2, popcnt, lzcnt, tsc, tscinvbit, avx, avx2, aes, erms, clmul, bmi1, bmi2, adx, sha, fma, vzeroupper, clflush, clflushopt, clwb, hv, serialize, rdtscp, rdpid, fsrm, f16c, cet_ibt, cet_ss
Processor Information for processor 0
  Max Mhz: 1700, Current Mhz: 1700, Mhz Limit: 1190
Processor Information for processor 1
  Max Mhz: 1700, Current Mhz: 1700, Mhz Limit: 1190
Processor Information for processor 2
  Max Mhz: 1700, Current Mhz: 1700, Mhz Limit: 1700
Processor Information for processor 3
  Max Mhz: 1700, Current Mhz: 1700, Mhz Limit: 1700
Processor Information for processor 4
  Max Mhz: 1700, Current Mhz: 1700, Mhz Limit: 1700
Processor Information for processor 5
  Max Mhz: 1700, Current Mhz: 1700, Mhz Limit: 1700
Processor Information for processor 6
  Max Mhz: 1700, Current Mhz: 1700, Mhz Limit: 1700
Processor Information for processor 7
  Max Mhz: 1700, Current Mhz: 1700, Mhz Limit: 1700
Processor Information for processor 8
  Max Mhz: 1700, Current Mhz: 1200, Mhz Limit: 1190
Processor Information for processor 9
  Max Mhz: 1700, Current Mhz: 1200, Mhz Limit: 1190
Processor Information for processor 10
  Max Mhz: 1700, Current Mhz: 1200, Mhz Limit: 1190
Processor Information for processor 11
  Max Mhz: 1700, Current Mhz: 1200, Mhz Limit: 1190
Processor Information for processor 12
  Max Mhz: 1700, Current Mhz: 1200, Mhz Limit: 1190
Processor Information for processor 13
  Max Mhz: 1700, Current Mhz: 1200, Mhz Limit: 1190
Processor Information for processor 14
  Max Mhz: 1700, Current Mhz: 1200, Mhz Limit: 1190
Processor Information for processor 15
  Max Mhz: 1700, Current Mhz: 1200, Mhz Limit: 1190

Memory: 4k page, system-wide physical 16068M (3602M free)
TotalPageFile size 42780M (AvailPageFile size 0M)
current process WorkingSet (physical memory assigned to process): 52M, peak: 138M
current process commit charge ("private bytes"): 383M, peak: 401M

vm_info: Java HotSpot(TM) 64-Bit Server VM (22.0.2+9-70) for windows-amd64 JRE (22.0.2+9-70), built on 2024-06-04T16:52:23Z by "mach5one" with MS VC++ 17.6 (VS2022)

END.
