#
# There is insufficient memory for the Java Runtime Environment to continue.
# Native memory allocation (malloc) failed to allocate 32744 bytes. Error detail: Chunk::new
# Possible reasons:
#   The system is out of physical RAM or swap space
#   This process is running with CompressedOops enabled, and the Java Heap may be blocking the growth of the native heap
# Possible solutions:
#   Reduce memory load on the system
#   Increase physical memory or swap space
#   Check if swap backing store is full
#   Decrease Java heap size (-Xmx/-Xms)
#   Decrease number of Java threads
#   Decrease Java thread stack sizes (-Xss)
#   Set larger code cache with -XX:ReservedCodeCacheSize=
#   JVM is running with Zero Based Compressed Oops mode in which the Java heap is
#     placed in the first 32GB address space. The Java Heap base address is the
#     maximum limit for the native heap growth. Please use -XX:HeapBaseMinAddress
#     to set the Java Heap base and to place the Java Heap above 32GB virtual address.
# This output file may be truncated or incomplete.
#
#  Out of Memory Error (arena.cpp:150), pid=4828, tid=33244
#
# JRE version: Java(TM) SE Runtime Environment (22.0.2+9) (build 22.0.2+9-70)
# Java VM: Java HotSpot(TM) 64-Bit Server VM (22.0.2+9-70, mixed mode, sharing, tiered, compressed oops, compressed class ptrs, g1 gc, windows-amd64)
# No core dump will be written. Minidumps are not enabled by default on client versions of Windows
#

---------------  S U M M A R Y ------------

Command Line: -Dfile.encoding=UTF-8 --module-path=C:\Users\Zeeshan Akhtar\OneDrive\Documents\NetBeansProjects\AirlineManagementSystem\build\classes airlinemanagementsystem.Login

Host: 12th Gen Intel(R) Core(TM) i5-1240P, 16 cores, 15G,  Windows 11 , 64 bit Build 22000 (10.0.22000.2538)
Time: Sat Aug 17 00:57:31 2024 India Standard Time elapsed time: 4018.238795 seconds (0d 1h 6m 58s)

---------------  T H R E A D  ---------------

Current thread (0x0000019b7f721f00):  JavaThread "C2 CompilerThread0" daemon [_thread_in_native, id=33244, stack(0x0000000e64a00000,0x0000000e64b00000) (1024K)]


Current CompileTask:
C2:4018238 4571   !   4       java.awt.Component::firePropertyChange (59 bytes)

Stack: [0x0000000e64a00000,0x0000000e64b00000]
Native frames: (J=compiled Java code, j=interpreted, Vv=VM code, C=native code)
V  [jvm.dll+0x6e26e9]  (no source info available)
V  [jvm.dll+0x875753]  (no source info available)
V  [jvm.dll+0x877b7e]  (no source info available)
V  [jvm.dll+0x878253]  (no source info available)
V  [jvm.dll+0x27fc86]  (no source info available)
V  [jvm.dll+0xc3d0f]  (no source info available)
V  [jvm.dll+0xc3f6b]  (no source info available)
V  [jvm.dll+0x60c0cc]  (no source info available)
V  [jvm.dll+0x250c92]  (no source info available)
V  [jvm.dll+0x248d0e]  (no source info available)
V  [jvm.dll+0x246da6]  (no source info available)
V  [jvm.dll+0x1c4e80]  (no source info available)
V  [jvm.dll+0x2568f3]  (no source info available)
V  [jvm.dll+0x254baa]  (no source info available)
V  [jvm.dll+0x3f57a6]  (no source info available)
V  [jvm.dll+0x81dc0b]  (no source info available)
V  [jvm.dll+0x6e0d85]  (no source info available)
C  [ucrtbase.dll+0x26c0c]  (no source info available)
C  [KERNEL32.DLL+0x153e0]  (no source info available)
C  [ntdll.dll+0x485b]  (no source info available)


---------------  P R O C E S S  ---------------

Threads class SMR info:
_java_thread_list=0x0000019b60d73270, length=17, elements={
0x0000019b7f711cd0, 0x0000019b7f713740, 0x0000019b7f716e90, 0x0000019b7f7185e0,
0x0000019b7f719780, 0x0000019b7f71aab0, 0x0000019b7f721f00, 0x0000019b7f726650,
0x0000019b194a3420, 0x0000019b195ca1f0, 0x0000019b1973cde0, 0x0000019b19743b60,
0x0000019b1978acb0, 0x0000019b5f05e0d0, 0x0000019b791e9500, 0x0000019b5f2a6730,
0x0000019b195189d0
}

Java Threads: ( => current thread )
  0x0000019b7f711cd0 JavaThread "Reference Handler"          daemon [_thread_blocked, id=23488, stack(0x0000000e64400000,0x0000000e64500000) (1024K)]
  0x0000019b7f713740 JavaThread "Finalizer"                  daemon [_thread_blocked, id=11352, stack(0x0000000e64500000,0x0000000e64600000) (1024K)]
  0x0000019b7f716e90 JavaThread "Signal Dispatcher"          daemon [_thread_blocked, id=41660, stack(0x0000000e64600000,0x0000000e64700000) (1024K)]
  0x0000019b7f7185e0 JavaThread "Attach Listener"            daemon [_thread_blocked, id=43480, stack(0x0000000e64700000,0x0000000e64800000) (1024K)]
  0x0000019b7f719780 JavaThread "Service Thread"             daemon [_thread_blocked, id=28520, stack(0x0000000e64800000,0x0000000e64900000) (1024K)]
  0x0000019b7f71aab0 JavaThread "Monitor Deflation Thread"   daemon [_thread_blocked, id=4660, stack(0x0000000e64900000,0x0000000e64a00000) (1024K)]
=>0x0000019b7f721f00 JavaThread "C2 CompilerThread0"         daemon [_thread_in_native, id=33244, stack(0x0000000e64a00000,0x0000000e64b00000) (1024K)]
  0x0000019b7f726650 JavaThread "C1 CompilerThread0"         daemon [_thread_blocked, id=47560, stack(0x0000000e64b00000,0x0000000e64c00000) (1024K)]
  0x0000019b194a3420 JavaThread "Common-Cleaner"             daemon [_thread_blocked, id=16912, stack(0x0000000e64c00000,0x0000000e64d00000) (1024K)]
  0x0000019b195ca1f0 JavaThread "Notification Thread"        daemon [_thread_blocked, id=39000, stack(0x0000000e64f00000,0x0000000e65000000) (1024K)]
  0x0000019b1973cde0 JavaThread "Java2D Disposer"            daemon [_thread_blocked, id=38020, stack(0x0000000e65000000,0x0000000e65100000) (1024K)]
  0x0000019b19743b60 JavaThread "AWT-Shutdown"                      [_thread_blocked, id=38168, stack(0x0000000e65100000,0x0000000e65200000) (1024K)]
  0x0000019b1978acb0 JavaThread "AWT-Windows"                daemon [_thread_in_native, id=22208, stack(0x0000000e65200000,0x0000000e65300000) (1024K)]
  0x0000019b5f05e0d0 JavaThread "AWT-EventQueue-0"                  [_thread_blocked, id=1908, stack(0x0000000e65300000,0x0000000e65400000) (1024K)]
  0x0000019b791e9500 JavaThread "DestroyJavaVM"                     [_thread_blocked, id=5228, stack(0x0000000e63c00000,0x0000000e63d00000) (1024K)]
  0x0000019b5f2a6730 JavaThread "TimerQueue"                 daemon [_thread_blocked, id=48072, stack(0x0000000e65700000,0x0000000e65800000) (1024K)]
  0x0000019b195189d0 JavaThread "mysql-cj-abandoned-connection-cleanup" daemon [_thread_blocked, id=49448, stack(0x0000000e64d00000,0x0000000e64e00000) (1024K)]
Total: 17

Other Threads:
  0x0000019b7f6f0ab0 VMThread "VM Thread"                           [id=47768, stack(0x0000000e64300000,0x0000000e64400000) (1024K)]
  0x0000019b7f6d6490 WatcherThread "VM Periodic Task Thread"        [id=14288, stack(0x0000000e64200000,0x0000000e64300000) (1024K)]
  0x0000019b792528a0 WorkerThread "GC Thread#0"                     [id=26356, stack(0x0000000e63d00000,0x0000000e63e00000) (1024K)]
  0x0000019b7f6f15c0 WorkerThread "GC Thread#1"                     [id=41568, stack(0x0000000e65e00000,0x0000000e65f00000) (1024K)]
  0x0000019b7f6f1d20 WorkerThread "GC Thread#2"                     [id=1356, stack(0x0000000e65f00000,0x0000000e66000000) (1024K)]
  0x0000019b7f6f0350 WorkerThread "GC Thread#3"                     [id=15176, stack(0x0000000e66000000,0x0000000e66100000) (1024K)]
  0x0000019b7f6f0700 WorkerThread "GC Thread#4"                     [id=46996, stack(0x0000000e66100000,0x0000000e66200000) (1024K)]
  0x0000019b7f6f1210 WorkerThread "GC Thread#5"                     [id=47080, stack(0x0000000e66200000,0x0000000e66300000) (1024K)]
  0x0000019b61980060 WorkerThread "GC Thread#6"                     [id=7992, stack(0x0000000e66300000,0x0000000e66400000) (1024K)]
  0x0000019b6197e2e0 WorkerThread "GC Thread#7"                     [id=14984, stack(0x0000000e66400000,0x0000000e66500000) (1024K)]
  0x0000019b6197f1a0 WorkerThread "GC Thread#8"                     [id=38512, stack(0x0000000e66500000,0x0000000e66600000) (1024K)]
  0x0000019b6197f550 WorkerThread "GC Thread#9"                     [id=49244, stack(0x0000000e66600000,0x0000000e66700000) (1024K)]
  0x0000019b6197e690 WorkerThread "GC Thread#10"                    [id=18692, stack(0x0000000e66700000,0x0000000e66800000) (1024K)]
  0x0000019b6197f900 WorkerThread "GC Thread#11"                    [id=35228, stack(0x0000000e66800000,0x0000000e66900000) (1024K)]
  0x0000019b6197ea40 WorkerThread "GC Thread#12"                    [id=18864, stack(0x0000000e66900000,0x0000000e66a00000) (1024K)]
  0x0000019b792633a0 ConcurrentGCThread "G1 Main Marker"            [id=29676, stack(0x0000000e63e00000,0x0000000e63f00000) (1024K)]
  0x0000019b79264060 WorkerThread "G1 Conc#0"                       [id=29400, stack(0x0000000e63f00000,0x0000000e64000000) (1024K)]
  0x0000019b6197edf0 WorkerThread "G1 Conc#1"                       [id=2768, stack(0x0000000e65800000,0x0000000e65900000) (1024K)]
  0x0000019b6197c560 WorkerThread "G1 Conc#2"                       [id=21752, stack(0x0000000e65900000,0x0000000e65a00000) (1024K)]
  0x0000019b7f5a8d70 ConcurrentGCThread "G1 Refine#0"               [id=45584, stack(0x0000000e64000000,0x0000000e64100000) (1024K)]
  0x0000019b7f5aa900 ConcurrentGCThread "G1 Service"                [id=26080, stack(0x0000000e64100000,0x0000000e64200000) (1024K)]
Total: 21

Threads with active compile tasks:
C2 CompilerThread0  4018289 4571   !   4       java.awt.Component::firePropertyChange (59 bytes)
Total: 1

VM state: not at safepoint (normal execution)

VM Mutex/Monitor currently owned by a thread: None

Heap address: 0x0000000704e00000, size: 4018 MB, Compressed Oops mode: Zero based, Oop shift amount: 3

CDS archive(s) mapped at: [0x0000019b1a000000-0x0000019b1ac60000-0x0000019b1ac60000), size 12976128, SharedBaseAddress: 0x0000019b1a000000, ArchiveRelocationMode: 1.
Compressed class space mapped at: 0x0000019b1b000000-0x0000019b5b000000, reserved size: 1073741824
Narrow klass base: 0x0000019b1a000000, Narrow klass shift: 0, Narrow klass range: 0x41000000

GC Precious Log:
 CardTable entry size: 512
 Card Set container configuration: InlinePtr #cards 4 size 8 Array Of Cards #cards 16 size 48 Howl #buckets 8 coarsen threshold 3686 Howl Bitmap #cards 512 size 80 coarsen threshold 460 Card regions per heap region 1 cards per card region 4096
 CPUs: 16 total, 16 available
 Memory: 16068M
 Large Page Support: Disabled
 NUMA Support: Disabled
 Compressed Oops: Enabled (Zero based)
 Heap Region Size: 2M
 Heap Min Capacity: 8M
 Heap Initial Capacity: 252M
 Heap Max Capacity: 4018M
 Pre-touch: Disabled
 Parallel Workers: 13
 Concurrent Workers: 3
 Concurrent Refinement Workers: 13
 Periodic GC: Disabled

Heap:
 garbage-first heap   total reserved 4114432K, committed 122880K, used 60033K [0x0000000704e00000, 0x0000000800000000)
  region size 2048K, 14 young (28672K), 2 survivors (4096K)
 Metaspace       used 22428K, committed 22784K, reserved 1114112K
  class space    used 2517K, committed 2688K, reserved 1048576K

Heap Regions: E=young(eden), S=young(survivor), O=old, HS=humongous(starts), HC=humongous(continues), CS=collection set, F=free, TAMS=top-at-mark-start, PB=parsable bottom
|   0|0x0000000704e00000, 0x0000000705000000, 0x0000000705000000|100%|HS|  |TAMS 0x0000000704e00000| PB 0x0000000704e00000| Complete |  0
|   1|0x0000000705000000, 0x0000000705200000, 0x0000000705200000|100%| O|  |TAMS 0x0000000705000000| PB 0x0000000705000000| Untracked |  0
|   2|0x0000000705200000, 0x0000000705400000, 0x0000000705400000|100%|HS|  |TAMS 0x0000000705200000| PB 0x0000000705200000| Complete |  0
|   3|0x0000000705400000, 0x0000000705600000, 0x0000000705600000|100%|HC|  |TAMS 0x0000000705400000| PB 0x0000000705400000| Complete |  0
|   4|0x0000000705600000, 0x0000000705800000, 0x0000000705800000|100%|HC|  |TAMS 0x0000000705600000| PB 0x0000000705600000| Complete |  0
|   5|0x0000000705800000, 0x0000000705a00000, 0x0000000705a00000|100%|HC|  |TAMS 0x0000000705800000| PB 0x0000000705800000| Complete |  0
|   6|0x0000000705a00000, 0x0000000705c00000, 0x0000000705c00000|100%|HS|  |TAMS 0x0000000705a00000| PB 0x0000000705a00000| Complete |  0
|   7|0x0000000705c00000, 0x0000000705e00000, 0x0000000705e00000|100%|HC|  |TAMS 0x0000000705c00000| PB 0x0000000705c00000| Complete |  0
|   8|0x0000000705e00000, 0x0000000706000000, 0x0000000706000000|100%|HC|  |TAMS 0x0000000705e00000| PB 0x0000000705e00000| Complete |  0
|   9|0x0000000706000000, 0x0000000706200000, 0x0000000706200000|100%|HC|  |TAMS 0x0000000706000000| PB 0x0000000706000000| Complete |  0
|  10|0x0000000706200000, 0x0000000706400000, 0x0000000706400000|100%|HC|  |TAMS 0x0000000706200000| PB 0x0000000706200000| Complete |  0
|  11|0x0000000706400000, 0x0000000706600000, 0x0000000706600000|100%|HC|  |TAMS 0x0000000706400000| PB 0x0000000706400000| Complete |  0
|  12|0x0000000706600000, 0x0000000706800000, 0x0000000706800000|100%|HC|  |TAMS 0x0000000706600000| PB 0x0000000706600000| Complete |  0
|  13|0x0000000706800000, 0x0000000706a00000, 0x0000000706a00000|100%|HC|  |TAMS 0x0000000706800000| PB 0x0000000706800000| Complete |  0
|  14|0x0000000706a00000, 0x0000000706c00000, 0x0000000706c00000|100%| O|  |TAMS 0x0000000706a00000| PB 0x0000000706a00000| Untracked |  0
|  15|0x0000000706c00000, 0x0000000706d380e0, 0x0000000706e00000| 60%| O|Cm|TAMS 0x0000000706c00000| PB 0x0000000706c00000| Complete |  0
|  16|0x0000000706e00000, 0x0000000707000000, 0x0000000707000000|100%|HS|  |TAMS 0x0000000706e00000| PB 0x0000000706e00000| Complete |  0
|  17|0x0000000707000000, 0x0000000707000000, 0x0000000707200000|  0%| F|  |TAMS 0x0000000707000000| PB 0x0000000707000000| Untracked |  0
|  18|0x0000000707200000, 0x0000000707200000, 0x0000000707400000|  0%| F|  |TAMS 0x0000000707200000| PB 0x0000000707200000| Untracked |  0
|  19|0x0000000707400000, 0x0000000707400000, 0x0000000707600000|  0%| F|  |TAMS 0x0000000707400000| PB 0x0000000707400000| Untracked |  0
|  20|0x0000000707600000, 0x0000000707600000, 0x0000000707800000|  0%| F|  |TAMS 0x0000000707600000| PB 0x0000000707600000| Untracked |  0
|  21|0x0000000707800000, 0x0000000707800000, 0x0000000707a00000|  0%| F|  |TAMS 0x0000000707800000| PB 0x0000000707800000| Untracked |  0
|  22|0x0000000707a00000, 0x0000000707a00000, 0x0000000707c00000|  0%| F|  |TAMS 0x0000000707a00000| PB 0x0000000707a00000| Untracked |  0
|  23|0x0000000707c00000, 0x0000000707c00000, 0x0000000707e00000|  0%| F|  |TAMS 0x0000000707c00000| PB 0x0000000707c00000| Untracked |  0
|  24|0x0000000707e00000, 0x0000000707e00000, 0x0000000708000000|  0%| F|  |TAMS 0x0000000707e00000| PB 0x0000000707e00000| Untracked |  0
|  25|0x0000000708000000, 0x0000000708000000, 0x0000000708200000|  0%| F|  |TAMS 0x0000000708000000| PB 0x0000000708000000| Untracked |  0
|  26|0x0000000708200000, 0x0000000708200000, 0x0000000708400000|  0%| F|  |TAMS 0x0000000708200000| PB 0x0000000708200000| Untracked |  0
|  27|0x0000000708400000, 0x0000000708400000, 0x0000000708600000|  0%| F|  |TAMS 0x0000000708400000| PB 0x0000000708400000| Untracked |  0
|  28|0x0000000708600000, 0x0000000708600000, 0x0000000708800000|  0%| F|  |TAMS 0x0000000708600000| PB 0x0000000708600000| Untracked |  0
|  29|0x0000000708800000, 0x0000000708800000, 0x0000000708a00000|  0%| F|  |TAMS 0x0000000708800000| PB 0x0000000708800000| Untracked |  0
|  30|0x0000000708a00000, 0x0000000708a00000, 0x0000000708c00000|  0%| F|  |TAMS 0x0000000708a00000| PB 0x0000000708a00000| Untracked |  0
|  31|0x0000000708c00000, 0x0000000708c00000, 0x0000000708e00000|  0%| F|  |TAMS 0x0000000708c00000| PB 0x0000000708c00000| Untracked |  0
|  32|0x0000000708e00000, 0x0000000708e00000, 0x0000000709000000|  0%| F|  |TAMS 0x0000000708e00000| PB 0x0000000708e00000| Untracked |  0
|  33|0x0000000709000000, 0x0000000709000000, 0x0000000709200000|  0%| F|  |TAMS 0x0000000709000000| PB 0x0000000709000000| Untracked |  0
|  34|0x0000000709200000, 0x0000000709200000, 0x0000000709400000|  0%| F|  |TAMS 0x0000000709200000| PB 0x0000000709200000| Untracked |  0
|  35|0x0000000709400000, 0x0000000709400000, 0x0000000709600000|  0%| F|  |TAMS 0x0000000709400000| PB 0x0000000709400000| Untracked |  0
|  36|0x0000000709600000, 0x0000000709600000, 0x0000000709800000|  0%| F|  |TAMS 0x0000000709600000| PB 0x0000000709600000| Untracked |  0
|  37|0x0000000709800000, 0x0000000709800000, 0x0000000709a00000|  0%| F|  |TAMS 0x0000000709800000| PB 0x0000000709800000| Untracked |  0
|  38|0x0000000709a00000, 0x0000000709a00000, 0x0000000709c00000|  0%| F|  |TAMS 0x0000000709a00000| PB 0x0000000709a00000| Untracked |  0
|  39|0x0000000709c00000, 0x0000000709c00000, 0x0000000709e00000|  0%| F|  |TAMS 0x0000000709c00000| PB 0x0000000709c00000| Untracked |  0
|  40|0x0000000709e00000, 0x0000000709e00000, 0x000000070a000000|  0%| F|  |TAMS 0x0000000709e00000| PB 0x0000000709e00000| Untracked |  0
|  41|0x000000070a000000, 0x000000070a000000, 0x000000070a200000|  0%| F|  |TAMS 0x000000070a000000| PB 0x000000070a000000| Untracked |  0
|  42|0x000000070a200000, 0x000000070a200000, 0x000000070a400000|  0%| F|  |TAMS 0x000000070a200000| PB 0x000000070a200000| Untracked |  0
|  43|0x000000070a400000, 0x000000070a400000, 0x000000070a600000|  0%| F|  |TAMS 0x000000070a400000| PB 0x000000070a400000| Untracked |  0
|  44|0x000000070a600000, 0x000000070a600000, 0x000000070a800000|  0%| F|  |TAMS 0x000000070a600000| PB 0x000000070a600000| Untracked |  0
|  45|0x000000070a800000, 0x000000070a800000, 0x000000070aa00000|  0%| F|  |TAMS 0x000000070a800000| PB 0x000000070a800000| Untracked |  0
|  46|0x000000070aa00000, 0x000000070aac5998, 0x000000070ac00000| 38%| E|  |TAMS 0x000000070aa00000| PB 0x000000070aa00000| Complete |  0
|  47|0x000000070ac00000, 0x000000070ae00000, 0x000000070ae00000|100%| E|CS|TAMS 0x000000070ac00000| PB 0x000000070ac00000| Complete |  0
|  48|0x000000070ae00000, 0x000000070b000000, 0x000000070b000000|100%| E|CS|TAMS 0x000000070ae00000| PB 0x000000070ae00000| Complete |  0
|  49|0x000000070b000000, 0x000000070b200000, 0x000000070b200000|100%| E|CS|TAMS 0x000000070b000000| PB 0x000000070b000000| Complete |  0
|  50|0x000000070b200000, 0x000000070b400000, 0x000000070b400000|100%| E|CS|TAMS 0x000000070b200000| PB 0x000000070b200000| Complete |  0
|  51|0x000000070b400000, 0x000000070b600000, 0x000000070b600000|100%| E|CS|TAMS 0x000000070b400000| PB 0x000000070b400000| Complete |  0
|  52|0x000000070b600000, 0x000000070b800000, 0x000000070b800000|100%| E|CS|TAMS 0x000000070b600000| PB 0x000000070b600000| Complete |  0
|  53|0x000000070b800000, 0x000000070ba00000, 0x000000070ba00000|100%| E|CS|TAMS 0x000000070b800000| PB 0x000000070b800000| Complete |  0
|  54|0x000000070ba00000, 0x000000070bc00000, 0x000000070bc00000|100%| E|CS|TAMS 0x000000070ba00000| PB 0x000000070ba00000| Complete |  0
|  55|0x000000070bc00000, 0x000000070be00000, 0x000000070be00000|100%| E|CS|TAMS 0x000000070bc00000| PB 0x000000070bc00000| Complete |  0
|  56|0x000000070be00000, 0x000000070c000000, 0x000000070c000000|100%| E|CS|TAMS 0x000000070be00000| PB 0x000000070be00000| Complete |  0
| 106|0x0000000712200000, 0x0000000712368320, 0x0000000712400000| 70%| S|CS|TAMS 0x0000000712200000| PB 0x0000000712200000| Complete |  0
| 107|0x0000000712400000, 0x0000000712600000, 0x0000000712600000|100%| S|CS|TAMS 0x0000000712400000| PB 0x0000000712400000| Complete |  0
| 125|0x0000000714800000, 0x0000000714a00000, 0x0000000714a00000|100%| E|CS|TAMS 0x0000000714800000| PB 0x0000000714800000| Complete |  0

Card table byte_map: [0x0000019b7a310000,0x0000019b7aaf0000] _byte_map_base: 0x0000019b76ae9000

Marking Bits: (CMBitMap*) 0x0000019b79252fb0
 Bits: [0x0000019b7aaf0000, 0x0000019b7e9b8000)

Polling page: 0x0000019b789b0000

Metaspace:

Usage:
  Non-class:     19.45 MB used.
      Class:      2.46 MB used.
       Both:     21.90 MB used.

Virtual space:
  Non-class space:       64.00 MB reserved,      19.62 MB ( 31%) committed,  1 nodes.
      Class space:        1.00 GB reserved,       2.62 MB ( <1%) committed,  1 nodes.
             Both:        1.06 GB reserved,      22.25 MB (  2%) committed. 

Chunk freelists:
   Non-Class:  12.42 MB
       Class:  13.23 MB
        Both:  25.66 MB

MaxMetaspaceSize: unlimited
CompressedClassSpaceSize: 1.00 GB
Initial GC threshold: 21.00 MB
Current GC threshold: 35.31 MB
CDS: on
 - commit_granule_bytes: 65536.
 - commit_granule_words: 8192.
 - virtual_space_node_default_size: 8388608.
 - enlarge_chunks_in_place: 1.
 - use_allocation_guard: 0.


Internal statistics:

num_allocs_failed_limit: 3.
num_arena_births: 262.
num_arena_deaths: 0.
num_vsnodes_births: 2.
num_vsnodes_deaths: 0.
num_space_committed: 356.
num_space_uncommitted: 0.
num_chunks_returned_to_freelist: 3.
num_chunks_taken_from_freelist: 504.
num_chunk_merges: 0.
num_chunk_splits: 298.
num_chunks_enlarged: 141.
num_inconsistent_stats: 0.

CodeHeap 'non-profiled nmethods': size=119168Kb used=2015Kb max_used=2015Kb free=117153Kb
 bounds [0x0000019b0fe30000, 0x0000019b100a0000, 0x0000019b17290000]
CodeHeap 'profiled nmethods': size=119104Kb used=9500Kb max_used=9500Kb free=109603Kb
 bounds [0x0000019b08290000, 0x0000019b08be0000, 0x0000019b0f6e0000]
CodeHeap 'non-nmethods': size=7488Kb used=1800Kb max_used=3506Kb free=5687Kb
 bounds [0x0000019b0f6e0000, 0x0000019b0faa0000, 0x0000019b0fe30000]
 total_blobs=5382 nmethods=4570 adapters=716
 compilation: enabled
              stopped_count=0, restarted_count=0
 full_count=0

Compilation events (20 events):
Event: 1237.916 Thread 0x0000019b7f726650 nmethod 4561 0x0000019b08bd1b10 code [0x0000019b08bd1da0, 0x0000019b08bd2848]
Event: 1272.996 Thread 0x0000019b7f726650 4562   !   3       com.mysql.cj.jdbc.AbandonedConnectionCleanupThread::checkThreadContextClassLoader (20 bytes)
Event: 1272.997 Thread 0x0000019b7f726650 nmethod 4562 0x0000019b08bd2c90 code [0x0000019b08bd2ea0, 0x0000019b08bd3508]
Event: 1403.194 Thread 0x0000019b7f726650 4563       3       java.lang.Thread::getContextClassLoader (30 bytes)
Event: 1403.194 Thread 0x0000019b7f726650 nmethod 4563 0x0000019b08bd3810 code [0x0000019b08bd39c0, 0x0000019b08bd3c18]
Event: 4018.229 Thread 0x0000019b7f726650 4564       3       java.util.WeakHashMap$HashIterator::hasNext (95 bytes)
Event: 4018.229 Thread 0x0000019b7f726650 nmethod 4564 0x0000019b08bd3d10 code [0x0000019b08bd3ee0, 0x0000019b08bd4468]
Event: 4018.230 Thread 0x0000019b7f726650 4565       3       java.util.WeakHashMap$KeyIterator::next (8 bytes)
Event: 4018.230 Thread 0x0000019b7f726650 nmethod 4565 0x0000019b08bd4610 code [0x0000019b08bd47e0, 0x0000019b08bd4b80]
Event: 4018.230 Thread 0x0000019b7f726650 4566       3       java.util.WeakHashMap$HashIterator::nextEntry (81 bytes)
Event: 4018.230 Thread 0x0000019b7f726650 nmethod 4566 0x0000019b08bd4c90 code [0x0000019b08bd4e80, 0x0000019b08bd53c8]
Event: 4018.230 Thread 0x0000019b7f726650 4567       3       java.util.WeakHashMap$Entry::getKey (8 bytes)
Event: 4018.230 Thread 0x0000019b7f726650 nmethod 4567 0x0000019b08bd5590 code [0x0000019b08bd5740, 0x0000019b08bd59b8]
Event: 4018.230 Thread 0x0000019b7f726650 4568       3       java.util.WeakHashMap::unmaskNull (13 bytes)
Event: 4018.230 Thread 0x0000019b7f726650 nmethod 4568 0x0000019b08bd5a90 code [0x0000019b08bd5c20, 0x0000019b08bd5d68]
Event: 4018.230 Thread 0x0000019b7f726650 4569       3       sun.awt.image.VolatileSurfaceManager::displayChanged (102 bytes)
Event: 4018.231 Thread 0x0000019b7f726650 nmethod 4569 0x0000019b08bd5e10 code [0x0000019b08bd6040, 0x0000019b08bd6a10]
Event: 4018.231 Thread 0x0000019b7f726650 4570       3       sun.awt.image.SunVolatileImage::updateGraphicsConfig (25 bytes)
Event: 4018.231 Thread 0x0000019b7f721f00 4571   !   4       java.awt.Component::firePropertyChange (59 bytes)
Event: 4018.231 Thread 0x0000019b7f726650 nmethod 4570 0x0000019b08bd6c90 code [0x0000019b08bd6e40, 0x0000019b08bd7110]

GC Heap History (4 events):
Event: 10.177 GC heap before
{Heap before GC invocations=0 (full 0):
 garbage-first heap   total reserved 4114432K, committed 258048K, used 26624K [0x0000000704e00000, 0x0000000800000000)
  region size 2048K, 12 young (24576K), 0 survivors (0K)
 Metaspace       used 16839K, committed 17152K, reserved 1114112K
  class space    used 1891K, committed 2048K, reserved 1048576K
}
Event: 10.186 GC heap after
{Heap after GC invocations=1 (full 0):
 garbage-first heap   total reserved 4114432K, committed 258048K, used 7153K [0x0000000704e00000, 0x0000000800000000)
  region size 2048K, 2 young (4096K), 2 survivors (4096K)
 Metaspace       used 16839K, committed 17152K, reserved 1114112K
  class space    used 1891K, committed 2048K, reserved 1048576K
}
Event: 70.902 GC heap before
{Heap before GC invocations=1 (full 0):
 garbage-first heap   total reserved 4114432K, committed 258048K, used 62449K [0x0000000704e00000, 0x0000000800000000)
  region size 2048K, 18 young (36864K), 2 survivors (4096K)
 Metaspace       used 21298K, committed 21504K, reserved 1114112K
  class space    used 2435K, committed 2560K, reserved 1048576K
}
Event: 70.913 GC heap after
{Heap after GC invocations=2 (full 0):
 garbage-first heap   total reserved 4114432K, committed 258048K, used 35457K [0x0000000704e00000, 0x0000000800000000)
  region size 2048K, 2 young (4096K), 2 survivors (4096K)
 Metaspace       used 21298K, committed 21504K, reserved 1114112K
  class space    used 2435K, committed 2560K, reserved 1048576K
}

Dll operation events (13 events):
Event: 0.008 Loaded shared library C:\Program Files\Java\jdk-22\bin\java.dll
Event: 0.034 Loaded shared library C:\Program Files\Java\jdk-22\bin\jsvml.dll
Event: 0.059 Loaded shared library C:\Program Files\Java\jdk-22\bin\net.dll
Event: 0.060 Loaded shared library C:\Program Files\Java\jdk-22\bin\nio.dll
Event: 0.076 Loaded shared library C:\Program Files\Java\jdk-22\bin\zip.dll
Event: 0.090 Loaded shared library C:\Program Files\Java\jdk-22\bin\jimage.dll
Event: 0.104 Loaded shared library C:\Program Files\Java\jdk-22\bin\awt.dll
Event: 0.290 Loaded shared library C:\Program Files\Java\jdk-22\bin\freetype.dll
Event: 0.291 Loaded shared library C:\Program Files\Java\jdk-22\bin\fontmanager.dll
Event: 9.541 Loaded shared library C:\Program Files\Java\jdk-22\bin\extnet.dll
Event: 9.828 Loaded shared library C:\Program Files\Java\jdk-22\bin\sunmscapi.dll
Event: 10.233 Loaded shared library C:\Program Files\Java\jdk-22\bin\javajpeg.dll
Event: 70.732 Loaded shared library C:\Program Files\Java\jdk-22\bin\verify.dll

Deoptimization events (20 events):
Event: 218.753 Thread 0x0000019b5f05e0d0 Uncommon trap: trap_request=0xffffffde fr.pc=0x0000019b1000ac38 relative=0x0000000000000118
Event: 218.753 Thread 0x0000019b5f05e0d0 Uncommon trap: reason=class_check action=maybe_recompile pc=0x0000019b1000ac38 method=jdk.internal.misc.Unsafe.allocateUninitializedArray(Ljava/lang/Class;I)Ljava/lang/Object; @ 51 c2
Event: 218.753 Thread 0x0000019b5f05e0d0 DEOPT PACKING pc=0x0000019b1000ac38 sp=0x0000000e653fe4c0
Event: 218.753 Thread 0x0000019b5f05e0d0 DEOPT UNPACKING pc=0x0000019b0f7346a2 sp=0x0000000e653fe438 mode 2
Event: 218.753 Thread 0x0000019b5f05e0d0 Uncommon trap: trap_request=0xffffffde fr.pc=0x0000019b1000ac38 relative=0x0000000000000118
Event: 218.753 Thread 0x0000019b5f05e0d0 Uncommon trap: reason=class_check action=maybe_recompile pc=0x0000019b1000ac38 method=jdk.internal.misc.Unsafe.allocateUninitializedArray(Ljava/lang/Class;I)Ljava/lang/Object; @ 51 c2
Event: 218.753 Thread 0x0000019b5f05e0d0 DEOPT PACKING pc=0x0000019b1000ac38 sp=0x0000000e653fe4c0
Event: 218.753 Thread 0x0000019b5f05e0d0 DEOPT UNPACKING pc=0x0000019b0f7346a2 sp=0x0000000e653fe438 mode 2
Event: 218.754 Thread 0x0000019b5f05e0d0 Uncommon trap: trap_request=0xffffffde fr.pc=0x0000019b1000ac38 relative=0x0000000000000118
Event: 218.754 Thread 0x0000019b5f05e0d0 Uncommon trap: reason=class_check action=maybe_recompile pc=0x0000019b1000ac38 method=jdk.internal.misc.Unsafe.allocateUninitializedArray(Ljava/lang/Class;I)Ljava/lang/Object; @ 51 c2
Event: 218.754 Thread 0x0000019b5f05e0d0 DEOPT PACKING pc=0x0000019b1000ac38 sp=0x0000000e653fe4c0
Event: 218.754 Thread 0x0000019b5f05e0d0 DEOPT UNPACKING pc=0x0000019b0f7346a2 sp=0x0000000e653fe438 mode 2
Event: 224.914 Thread 0x0000019b5f05e0d0 Uncommon trap: trap_request=0xffffff45 fr.pc=0x0000019b0ffaed58 relative=0x0000000000003458
Event: 224.914 Thread 0x0000019b5f05e0d0 Uncommon trap: reason=unstable_if action=reinterpret pc=0x0000019b0ffaed58 method=java.awt.EventQueue.coalesceMouseEvent(Ljava/awt/event/MouseEvent;)Z @ 30 c2
Event: 224.914 Thread 0x0000019b5f05e0d0 DEOPT PACKING pc=0x0000019b0ffaed58 sp=0x0000000e653ff4c0
Event: 224.914 Thread 0x0000019b5f05e0d0 DEOPT UNPACKING pc=0x0000019b0f7346a2 sp=0x0000000e653ff1c0 mode 2
Event: 306.802 Thread 0x0000019b1978acb0 Uncommon trap: trap_request=0xffffff45 fr.pc=0x0000019b1001812c relative=0x0000000000000ccc
Event: 306.802 Thread 0x0000019b1978acb0 Uncommon trap: reason=unstable_if action=reinterpret pc=0x0000019b1001812c method=java.util.concurrent.locks.AbstractQueuedSynchronizer.acquire(Ljava/util/concurrent/locks/AbstractQueuedSynchronizer$Node;IZZZJ)I @ 22 c2
Event: 306.802 Thread 0x0000019b1978acb0 DEOPT PACKING pc=0x0000019b1001812c sp=0x0000000e652fe2f0
Event: 306.802 Thread 0x0000019b1978acb0 DEOPT UNPACKING pc=0x0000019b0f7346a2 sp=0x0000000e652fe2c8 mode 2

Classes loaded (20 events):
Event: 157.686 Loading class sun/awt/geom/PathConsumer2D done
Event: 157.686 Loading class sun/java2d/pipe/ShapeSpanIterator done
Event: 157.687 Loading class java/awt/geom/Path2D$Double$TxIterator
Event: 157.687 Loading class java/awt/geom/Path2D$Iterator
Event: 157.687 Loading class java/awt/geom/Path2D$Iterator done
Event: 157.687 Loading class java/awt/geom/Path2D$Double$TxIterator done
Event: 157.690 Loading class java/awt/geom/Path2D$Float$TxIterator
Event: 157.690 Loading class java/awt/geom/Path2D$Float$TxIterator done
Event: 160.522 Loading class javax/swing/Popup$DefaultFrame
Event: 160.522 Loading class javax/swing/Popup$DefaultFrame done
Event: 160.522 Loading class javax/swing/PopupFactory$HeavyWeightPopup$1
Event: 160.522 Loading class javax/swing/PopupFactory$HeavyWeightPopup$1 done
Event: 160.529 Loading class java/awt/KeyboardFocusManager$4
Event: 160.529 Loading class java/awt/KeyboardFocusManager$4 done
Event: 4018.228 Loading class java/util/WeakHashMap$KeyIterator
Event: 4018.228 Loading class java/util/WeakHashMap$HashIterator
Event: 4018.229 Loading class java/util/WeakHashMap$HashIterator done
Event: 4018.229 Loading class java/util/WeakHashMap$KeyIterator done
Event: 4018.230 Loading class javax/swing/RepaintManager$DisplayChangedRunnable
Event: 4018.230 Loading class javax/swing/RepaintManager$DisplayChangedRunnable done

Classes unloaded (0 events):
No events

Classes redefined (0 events):
No events

Internal exceptions (20 events):
Event: 0.184 Thread 0x0000019b791e9500 Exception <a 'java/lang/NoSuchMethodError'{0x000000071422a918}: 'java.lang.Object java.lang.invoke.DirectMethodHandle$Holder.newInvokeSpecial(java.lang.Object, java.lang.Object, java.lang.Object, java.lang.Object, java.lang.Object)'> (0x000000071422a918) 
thrown [s\open\src\hotspot\share\interpreter\linkResolver.cpp, line 774]
Event: 0.189 Thread 0x0000019b791e9500 Exception <a 'java/lang/NoSuchMethodError'{0x0000000714257230}: 'java.lang.Object java.lang.invoke.DirectMethodHandle$Holder.invokeStatic(java.lang.Object, int, java.lang.Object)'> (0x0000000714257230) 
thrown [s\open\src\hotspot\share\interpreter\linkResolver.cpp, line 774]
Event: 0.209 Thread 0x0000019b791e9500 Exception <a 'java/lang/ClassNotFoundException'{0x00000007142f9558}: com/sun/swing/internal/plaf/metal/resources/spi/metalProvider> (0x00000007142f9558) 
thrown [s\open\src\hotspot\share\classfile\systemDictionary.cpp, line 313]
Event: 0.210 Thread 0x0000019b791e9500 Exception <a 'java/lang/ClassNotFoundException'{0x00000007142fd508}: com/sun/swing/internal/plaf/basic/resources/spi/basicProvider> (0x00000007142fd508) 
thrown [s\open\src\hotspot\share\classfile\systemDictionary.cpp, line 313]
Event: 0.220 Thread 0x0000019b791e9500 Exception <a 'java/lang/NoSuchMethodError'{0x000000071431cba8}: 'int java.lang.invoke.Invokers$Holder.invokeExact_MT(java.lang.Object, java.lang.Object)'> (0x000000071431cba8) 
thrown [s\open\src\hotspot\share\interpreter\linkResolver.cpp, line 774]
Event: 0.267 Thread 0x0000019b1978acb0 Exception <a 'java/lang/NoSuchMethodError'{0x000000071457f8e8}: 'void java.lang.invoke.DirectMethodHandle$Holder.invokeVirtual(java.lang.Object, java.lang.Object)'> (0x000000071457f8e8) 
thrown [s\open\src\hotspot\share\interpreter\linkResolver.cpp, line 774]
Event: 0.286 Thread 0x0000019b791e9500 Exception <a 'java/lang/NoSuchMethodError'{0x000000071436baa8}: 'void java.lang.invoke.DirectMethodHandle$Holder.invokeStaticInit(java.lang.Object)'> (0x000000071436baa8) 
thrown [s\open\src\hotspot\share\interpreter\linkResolver.cpp, line 774]
Event: 9.393 Thread 0x0000019b5f05e0d0 Exception <a 'java/lang/NoSuchMethodError'{0x0000000713e0fb90}: 'void java.lang.invoke.DirectMethodHandle$Holder.invokeStatic(java.lang.Object, java.lang.Object)'> (0x0000000713e0fb90) 
thrown [s\open\src\hotspot\share\interpreter\linkResolver.cpp, line 774]
Event: 9.427 Thread 0x0000019b5f05e0d0 Exception <a 'java/lang/NoSuchMethodError'{0x0000000713f40280}: 'java.lang.Object java.lang.invoke.DirectMethodHandle$Holder.invokeInterface(java.lang.Object, java.lang.Object)'> (0x0000000713f40280) 
thrown [s\open\src\hotspot\share\interpreter\linkResolver.cpp, line 774]
Event: 9.449 Thread 0x0000019b5f05e0d0 Exception <a 'java/lang/NoSuchMethodError'{0x0000000713c33f20}: 'void java.lang.invoke.DirectMethodHandle$Holder.invokeStatic(java.lang.Object, java.lang.Object, java.lang.Object)'> (0x0000000713c33f20) 
thrown [s\open\src\hotspot\share\interpreter\linkResolver.cpp, line 774]
Event: 9.450 Thread 0x0000019b5f05e0d0 Exception <a 'java/lang/NoSuchMethodError'{0x0000000713c3d148}: 'java.lang.Object java.lang.invoke.DirectMethodHandle$Holder.invokeVirtual(java.lang.Object, java.lang.Object, java.lang.Object)'> (0x0000000713c3d148) 
thrown [s\open\src\hotspot\share\interpreter\linkResolver.cpp, line 774]
Event: 9.633 Thread 0x0000019b5f05e0d0 Exception <a 'java/lang/NoSuchMethodError'{0x0000000713922410}: 'void java.lang.invoke.DirectMethodHandle$Holder.invokeStaticInit(java.lang.Object, java.lang.Object)'> (0x0000000713922410) 
thrown [s\open\src\hotspot\share\interpreter\linkResolver.cpp, line 774]
Event: 9.721 Thread 0x0000019b5f05e0d0 Exception <a 'sun/nio/fs/WindowsException'{0x0000000713661ed8}> (0x0000000713661ed8) 
thrown [s\open\src\hotspot\share\prims\jni.cpp, line 520]
Event: 9.773 Thread 0x0000019b5f05e0d0 Exception <a 'java/lang/NoSuchMethodError'{0x0000000713708118}: 'java.lang.Object java.lang.invoke.DirectMethodHandle$Holder.invokeStaticInit(java.lang.Object, int, int, int, int)'> (0x0000000713708118) 
thrown [s\open\src\hotspot\share\interpreter\linkResolver.cpp, line 774]
Event: 9.797 Thread 0x0000019b5f05e0d0 Exception <a 'java/lang/NoSuchMethodError'{0x00000007137c8f40}: 'java.lang.Object java.lang.invoke.DirectMethodHandle$Holder.invokeStaticInit(java.lang.Object, java.lang.Object, int, int, int, int)'> (0x00000007137c8f40) 
thrown [s\open\src\hotspot\share\interpreter\linkResolver.cpp, line 774]
Event: 10.217 Thread 0x0000019b5f457420 Implicit null exception at 0x0000019b0fe9eea4 to 0x0000019b0fe9f518
Event: 10.217 Thread 0x0000019b5f457420 Implicit null exception at 0x0000019b0fe9e220 to 0x0000019b0fe9e884
Event: 10.235 Thread 0x0000019b5f457420 Exception <a 'java/lang/NoSuchMethodError'{0x0000000714601b08}: 'java.lang.Object java.lang.invoke.DirectMethodHandle$Holder.newInvokeSpecial(java.lang.Object, java.lang.Object, java.lang.Object, int, int, int, int, int)'> (0x0000000714601b08) 
thrown [s\open\src\hotspot\share\interpreter\linkResolver.cpp, line 774]
Event: 65.008 Thread 0x0000019b5f05e0d0 Exception <a 'java/lang/NoSuchMethodError'{0x0000000712b8df88}: 'int java.lang.invoke.DirectMethodHandle$Holder.invokeStatic(java.lang.Object)'> (0x0000000712b8df88) 
thrown [s\open\src\hotspot\share\interpreter\linkResolver.cpp, line 774]
Event: 123.809 Thread 0x0000019b5f05e0d0 Exception <a 'java/lang/NoSuchMethodError'{0x000000070bd7f090}: 'void java.lang.invoke.DirectMethodHandle$Holder.invokeSpecial(java.lang.Object, java.lang.Object, java.lang.Object, java.lang.Object, java.lang.Object)'> (0x000000070bd7f090) 
thrown [s\open\src\hotspot\share\interpreter\linkResolver.cpp, line 774]

ZGC Phase Switch (0 events):
No events

VM Operations (20 events):
Event: 300.541 Executing VM operation: Cleanup
Event: 300.541 Executing VM operation: Cleanup done
Event: 300.541 Executing VM operation: RendezvousGCThreads
Event: 300.541 Executing VM operation: RendezvousGCThreads done
Event: 301.545 Executing VM operation: Cleanup
Event: 301.545 Executing VM operation: Cleanup done
Event: 306.569 Executing VM operation: Cleanup
Event: 306.569 Executing VM operation: Cleanup done
Event: 307.572 Executing VM operation: Cleanup
Event: 307.572 Executing VM operation: Cleanup done
Event: 360.717 Executing VM operation: HandshakeAllThreads (HandshakeForDeflation)
Event: 360.717 Executing VM operation: HandshakeAllThreads (HandshakeForDeflation) done
Event: 360.717 Executing VM operation: RendezvousGCThreads
Event: 360.717 Executing VM operation: RendezvousGCThreads done
Event: 597.309 Executing VM operation: Cleanup
Event: 597.309 Executing VM operation: Cleanup done
Event: 1023.186 Executing VM operation: Cleanup
Event: 1023.186 Executing VM operation: Cleanup done
Event: 1178.252 Executing VM operation: Cleanup
Event: 1178.252 Executing VM operation: Cleanup done

Memory protections (0 events):
No events

Nmethod flushes (0 events):
No events

Events (20 events):
Event: 146.314 Thread 0x0000019b7f726650 Thread added: 0x0000019b5f24e8a0
Event: 147.268 Thread 0x0000019b5f24e8a0 Thread exited: 0x0000019b5f24e8a0
Event: 157.595 Thread 0x0000019b7f726650 Thread added: 0x0000019b60c83cd0
Event: 157.695 Thread 0x0000019b60c83cd0 Thread added: 0x0000019b5f5e9c10
Event: 158.329 Thread 0x0000019b5f5e9c10 Thread exited: 0x0000019b5f5e9c10
Event: 158.329 Thread 0x0000019b60c83cd0 Thread exited: 0x0000019b60c83cd0
Event: 205.005 Thread 0x0000019b7f726650 Thread added: 0x0000019b5f42ecf0
Event: 205.849 Thread 0x0000019b5f42ecf0 Thread exited: 0x0000019b5f42ecf0
Event: 207.297 Thread 0x0000019b7f726650 Thread added: 0x0000019b5f58f380
Event: 207.297 Thread 0x0000019b7f726650 Thread added: 0x0000019b5f58fa40
Event: 209.302 Thread 0x0000019b5f58fa40 Thread exited: 0x0000019b5f58fa40
Event: 214.350 Thread 0x0000019b5f58f380 Thread exited: 0x0000019b5f58f380
Event: 298.770 Thread 0x0000019b7f726650 Thread added: 0x0000019b615e55b0
Event: 298.770 Thread 0x0000019b7f726650 Thread added: 0x0000019b615e5c70
Event: 298.770 Thread 0x0000019b7f726650 Thread added: 0x0000019b615e9ec0
Event: 299.451 Thread 0x0000019b615e9ec0 Thread exited: 0x0000019b615e9ec0
Event: 299.808 Thread 0x0000019b615e5c70 Thread exited: 0x0000019b615e5c70
Event: 302.594 Thread 0x0000019b615e55b0 Thread exited: 0x0000019b615e55b0
Event: 307.504 Thread 0x0000019b7f726650 Thread added: 0x0000019b615eae20
Event: 312.516 Thread 0x0000019b615eae20 Thread exited: 0x0000019b615eae20


Dynamic libraries:
0x00007ff7cc6e0000 - 0x00007ff7cc6f0000 	C:\Program Files\Java\jdk-22\bin\java.exe
0x00007ffbb7aa0000 - 0x00007ffbb7ca9000 	C:\Windows\SYSTEM32\ntdll.dll
0x00007ffbb6a10000 - 0x00007ffbb6acd000 	C:\Windows\System32\KERNEL32.DLL
0x00007ffbb5470000 - 0x00007ffbb57f4000 	C:\Windows\System32\KERNELBASE.dll
0x00007ffbb1d30000 - 0x00007ffbb1dc2000 	C:\Windows\SYSTEM32\apphelp.dll
0x00007ffbb51e0000 - 0x00007ffbb52f1000 	C:\Windows\System32\ucrtbase.dll
0x00007ffbacb40000 - 0x00007ffbacb5b000 	C:\Program Files\Java\jdk-22\bin\VCRUNTIME140.dll
0x00007ffb9ef20000 - 0x00007ffb9ef37000 	C:\Program Files\Java\jdk-22\bin\jli.dll
0x00007ffbb6760000 - 0x00007ffbb690d000 	C:\Windows\System32\USER32.dll
0x00007ffb97f00000 - 0x00007ffb981a5000 	C:\Windows\WinSxS\amd64_microsoft.windows.common-controls_6595b64144ccf1df_6.0.22000.120_none_9d947278b86cc467\COMCTL32.dll
0x00007ffbb58c0000 - 0x00007ffbb58e6000 	C:\Windows\System32\win32u.dll
0x00007ffbb5b30000 - 0x00007ffbb5bd3000 	C:\Windows\System32\msvcrt.dll
0x00007ffbb7010000 - 0x00007ffbb703a000 	C:\Windows\System32\GDI32.dll
0x00007ffbb50c0000 - 0x00007ffbb51de000 	C:\Windows\System32\gdi32full.dll
0x00007ffbb4fa0000 - 0x00007ffbb503d000 	C:\Windows\System32\msvcp_win.dll
0x00007ffbb62a0000 - 0x00007ffbb62d1000 	C:\Windows\System32\IMM32.DLL
0x00007ffbacb30000 - 0x00007ffbacb3c000 	C:\Program Files\Java\jdk-22\bin\vcruntime140_1.dll
0x00007ffb9e690000 - 0x00007ffb9e71e000 	C:\Program Files\Java\jdk-22\bin\msvcp140.dll
0x00007ffb4fae0000 - 0x00007ffb50829000 	C:\Program Files\Java\jdk-22\bin\server\jvm.dll
0x00007ffbb6f60000 - 0x00007ffbb700e000 	C:\Windows\System32\ADVAPI32.dll
0x00007ffbb6970000 - 0x00007ffbb6a0e000 	C:\Windows\System32\sechost.dll
0x00007ffbb70f0000 - 0x00007ffbb7211000 	C:\Windows\System32\RPCRT4.dll
0x00007ffbb79f0000 - 0x00007ffbb7a5f000 	C:\Windows\System32\WS2_32.dll
0x00007ffbb4ba0000 - 0x00007ffbb4bed000 	C:\Windows\SYSTEM32\POWRPROF.dll
0x00007ffbb2960000 - 0x00007ffbb2993000 	C:\Windows\SYSTEM32\WINMM.dll
0x00007ffb9d1a0000 - 0x00007ffb9d1aa000 	C:\Windows\SYSTEM32\VERSION.dll
0x00007ffbb49f0000 - 0x00007ffbb4a03000 	C:\Windows\SYSTEM32\UMPDC.dll
0x00007ffbb3ff0000 - 0x00007ffbb4008000 	C:\Windows\SYSTEM32\kernel.appcore.dll
0x00007ffba91d0000 - 0x00007ffba91da000 	C:\Program Files\Java\jdk-22\bin\jimage.dll
0x00007ffbb26a0000 - 0x00007ffbb28c1000 	C:\Windows\SYSTEM32\DBGHELP.DLL
0x00007ffbb2900000 - 0x00007ffbb2931000 	C:\Windows\SYSTEM32\dbgcore.DLL
0x00007ffbb5040000 - 0x00007ffbb50bf000 	C:\Windows\System32\bcryptPrimitives.dll
0x00007ffb9ef00000 - 0x00007ffb9ef1e000 	C:\Program Files\Java\jdk-22\bin\java.dll
0x00007ffbb7220000 - 0x00007ffbb79e5000 	C:\Windows\System32\SHELL32.dll
0x00007ffbb60d0000 - 0x00007ffbb626a000 	C:\Windows\System32\ole32.dll
0x00007ffbb5cc0000 - 0x00007ffbb6036000 	C:\Windows\System32\combase.dll
0x00007ffbb2fc0000 - 0x00007ffbb3822000 	C:\Windows\SYSTEM32\windows.storage.dll
0x00007ffbb2e50000 - 0x00007ffbb2fb7000 	C:\Windows\SYSTEM32\wintypes.dll
0x00007ffbb6b40000 - 0x00007ffbb6c2a000 	C:\Windows\System32\SHCORE.dll
0x00007ffbb6de0000 - 0x00007ffbb6e3d000 	C:\Windows\System32\shlwapi.dll
0x00007ffbb4e60000 - 0x00007ffbb4e85000 	C:\Windows\SYSTEM32\profapi.dll
0x00007ffb9db40000 - 0x00007ffb9dc17000 	C:\Program Files\Java\jdk-22\bin\jsvml.dll
0x00007ffba91b0000 - 0x00007ffba91c0000 	C:\Program Files\Java\jdk-22\bin\net.dll
0x00007ffbb44c0000 - 0x00007ffbb4527000 	C:\Windows\system32\mswsock.dll
0x00007ffb9ee00000 - 0x00007ffb9ee16000 	C:\Program Files\Java\jdk-22\bin\nio.dll
0x00007ffb9ede0000 - 0x00007ffb9edf7000 	C:\Program Files\Java\jdk-22\bin\zip.dll
0x00007ffb75aa0000 - 0x00007ffb75c2e000 	C:\Program Files\Java\jdk-22\bin\awt.dll
0x00007ffbb5be0000 - 0x00007ffbb5cb6000 	C:\Windows\System32\OLEAUT32.dll
0x00007ffbb2180000 - 0x00007ffbb21af000 	C:\Windows\system32\DWMAPI.DLL
0x00007ffbb1ee0000 - 0x00007ffbb1f8c000 	C:\Windows\system32\uxtheme.dll
0x00007ffb765e0000 - 0x00007ffb766e1000 	C:\Windows\system32\opengl32.dll
0x00007ffb9e860000 - 0x00007ffb9e88d000 	C:\Windows\SYSTEM32\GLU32.dll
0x00007ffbb1ff0000 - 0x00007ffbb2028000 	C:\Windows\SYSTEM32\dxcore.dll
0x00007ffbb6cc0000 - 0x00007ffbb6ddd000 	C:\Windows\System32\MSCTF.dll
0x00007ffb9e460000 - 0x00007ffb9e4e7000 	C:\Program Files\Java\jdk-22\bin\freetype.dll
0x00007ffb737d0000 - 0x00007ffb738a7000 	C:\Program Files\Java\jdk-22\bin\fontmanager.dll
0x00007ffbb7040000 - 0x00007ffbb70ef000 	C:\Windows\System32\clbcatq.dll
0x00007ffbad610000 - 0x00007ffbad7be000 	C:\Windows\SYSTEM32\WindowsCodecs.dll
0x00007ffb9c920000 - 0x00007ffb9c97d000 	C:\Windows\system32\dataexchange.dll
0x00007ffbac8b0000 - 0x00007ffbacb15000 	C:\Windows\system32\twinapi.appcore.dll
0x00007ffb9bb20000 - 0x00007ffb9bc4c000 	C:\Windows\SYSTEM32\textinputframework.dll
0x00007ffbb1a40000 - 0x00007ffbb1b71000 	C:\Windows\SYSTEM32\CoreMessaging.dll
0x00007ffbae720000 - 0x00007ffbaea8d000 	C:\Windows\SYSTEM32\CoreUIComponents.dll
0x00007ffbb4700000 - 0x00007ffbb470c000 	C:\Windows\SYSTEM32\CRYPTBASE.DLL
0x00007ffbb3aa0000 - 0x00007ffbb3b87000 	C:\Windows\SYSTEM32\DNSAPI.dll
0x00007ffbb3a70000 - 0x00007ffbb3a9d000 	C:\Windows\SYSTEM32\IPHLPAPI.DLL
0x00007ffbb5960000 - 0x00007ffbb5969000 	C:\Windows\System32\NSI.dll
0x00007ffbaaa70000 - 0x00007ffbaaa7a000 	C:\Windows\System32\rasadhlp.dll
0x00007ffbab3c0000 - 0x00007ffbab441000 	C:\Windows\System32\fwpuclnt.dll
0x00007ffba3cf0000 - 0x00007ffba3cf9000 	C:\Program Files\Java\jdk-22\bin\extnet.dll
0x00007ffbb4710000 - 0x00007ffbb4728000 	C:\Windows\SYSTEM32\CRYPTSP.dll
0x00007ffbb3ed0000 - 0x00007ffbb3f05000 	C:\Windows\system32\rsaenh.dll
0x00007ffbb45b0000 - 0x00007ffbb45dc000 	C:\Windows\SYSTEM32\USERENV.dll
0x00007ffbb4880000 - 0x00007ffbb48a7000 	C:\Windows\SYSTEM32\bcrypt.dll
0x00007ffb9ec30000 - 0x00007ffb9ec3e000 	C:\Program Files\Java\jdk-22\bin\sunmscapi.dll
0x00007ffbb5300000 - 0x00007ffbb5462000 	C:\Windows\System32\CRYPT32.dll
0x00007ffbb4850000 - 0x00007ffbb4878000 	C:\Windows\SYSTEM32\ncrypt.dll
0x00007ffbb4810000 - 0x00007ffbb4847000 	C:\Windows\SYSTEM32\NTASN1.dll
0x00007ffb98790000 - 0x00007ffb987be000 	C:\Program Files\Java\jdk-22\bin\javajpeg.dll
0x00007ffba3d80000 - 0x00007ffba3d90000 	C:\Program Files\Java\jdk-22\bin\verify.dll

dbghelp: loaded successfully - version: 4.0.5 - missing functions: none
symbol engine: initialized successfully - sym options: 0x614 - pdb path: .;C:\Program Files\Java\jdk-22\bin;C:\Windows\SYSTEM32;C:\Windows\WinSxS\amd64_microsoft.windows.common-controls_6595b64144ccf1df_6.0.22000.120_none_9d947278b86cc467;C:\Program Files\Java\jdk-22\bin\server

VM Arguments:
jvm_args: -Dfile.encoding=UTF-8 --module-path=C:\Users\Zeeshan Akhtar\OneDrive\Documents\NetBeansProjects\AirlineManagementSystem\build\classes 
java_command: airlinemanagementsystem.Login
java_class_path (initial): C:\Users\Zeeshan Akhtar\Downloads\mysql-connector-java-8.0.28.jar;C:\Users\Zeeshan Akhtar\Downloads\rs2xml.jar;C:\Users\Zeeshan Akhtar\Downloads\jcalendar-tz-1.3.3-4.jar;C:\Users\Zeeshan Akhtar\OneDrive\Documents\NetBeansProjects\AirlineManagementSystem\build\classes
Launcher Type: SUN_STANDARD

[Global flags]
     intx CICompilerCount                          = 12                                        {product} {ergonomic}
     uint ConcGCThreads                            = 3                                         {product} {ergonomic}
     uint G1ConcRefinementThreads                  = 13                                        {product} {ergonomic}
   size_t G1HeapRegionSize                         = 2097152                                   {product} {ergonomic}
   size_t InitialHeapSize                          = 264241152                                 {product} {ergonomic}
   size_t MarkStackSize                            = 4194304                                   {product} {ergonomic}
   size_t MaxHeapSize                              = 4213178368                                {product} {ergonomic}
   size_t MaxNewSize                               = 2527068160                                {product} {ergonomic}
   size_t MinHeapDeltaBytes                        = 2097152                                   {product} {ergonomic}
   size_t MinHeapSize                              = 8388608                                   {product} {ergonomic}
    uintx NonNMethodCodeHeapSize                   = 7602480                                {pd product} {ergonomic}
    uintx NonProfiledCodeHeapSize                  = 122027880                              {pd product} {ergonomic}
    uintx ProfiledCodeHeapSize                     = 122027880                              {pd product} {ergonomic}
    uintx ReservedCodeCacheSize                    = 251658240                              {pd product} {ergonomic}
     bool SegmentedCodeCache                       = true                                      {product} {ergonomic}
   size_t SoftMaxHeapSize                          = 4213178368                             {manageable} {ergonomic}
     bool UseCompressedOops                        = true                           {product lp64_product} {ergonomic}
     bool UseG1GC                                  = true                                      {product} {ergonomic}
     bool UseLargePagesIndividualAllocation        = false                                  {pd product} {ergonomic}

Logging:
Log output configuration:
 #0: stdout all=warning uptime,level,tags foldmultilines=false
 #1: stderr all=off uptime,level,tags foldmultilines=false

Environment Variables:
JAVA_HOME=C:\Users\Zeeshan Akhtar\AppData\Local\Programs\Eclipse Adoptium\jdk-17.0.11.9-hotspot\
PATH=C:\Program Files\Common Files\Oracle\Java\javapath;C:\Program Files\Eclipse Adoptium\jdk-21.0.3.9-hotspot\bin;C:\Windows\system32;C:\Windows;C:\Windows\System32\Wbem;C:\Windows\System32\WindowsPowerShell\v1.0\;C:\Windows\System32\OpenSSH\;C:\Program Files\dotnet\;C:\Program Files\Java\jdk-22\bin;C:\Program Files\Git\cmd;C:\Program Files\Java\jdk-22\bin;C:\Program Files\MySQL\MySQL Shell 8.0\bin\;C:\Program Files\Java\jdk-22\bin;C:\Users\Zeeshan Akhtar\AppData\Local\Programs\Microsoft VS Code\bin
USERNAME=Zeeshan Akhtar
OS=Windows_NT
PROCESSOR_IDENTIFIER=Intel64 Family 6 Model 154 Stepping 3, GenuineIntel
TMP=C:\Users\ZEESHA~1\AppData\Local\Temp
TEMP=C:\Users\ZEESHA~1\AppData\Local\Temp




Periodic native trim disabled

---------------  S Y S T E M  ---------------

OS:
 Windows 11 , 64 bit Build 22000 (10.0.22000.2538)
OS uptime: 6 days 23:00 hours
Hyper-V role detected

CPU: total 16 (initial active 16) (8 cores per cpu, 2 threads per core) family 6 model 154 stepping 3 microcode 0x434, cx8, cmov, fxsr, ht, mmx, 3dnowpref, sse, sse2, sse3, ssse3, sse4.1, sse4.2, popcnt, lzcnt, tsc, tscinvbit, avx, avx2, aes, erms, clmul, bmi1, bmi2, adx, sha, fma, vzeroupper, clflush, clflushopt, clwb, hv, serialize, rdtscp, rdpid, fsrm, f16c, cet_ibt, cet_ss
Processor Information for processor 0
  Max Mhz: 1700, Current Mhz: 1700, Mhz Limit: 1190
Processor Information for processor 1
  Max Mhz: 1700, Current Mhz: 1700, Mhz Limit: 1190
Processor Information for processor 2
  Max Mhz: 1700, Current Mhz: 1700, Mhz Limit: 1700
Processor Information for processor 3
  Max Mhz: 1700, Current Mhz: 1700, Mhz Limit: 1700
Processor Information for processor 4
  Max Mhz: 1700, Current Mhz: 1700, Mhz Limit: 1700
Processor Information for processor 5
  Max Mhz: 1700, Current Mhz: 1700, Mhz Limit: 1700
Processor Information for processor 6
  Max Mhz: 1700, Current Mhz: 1700, Mhz Limit: 1700
Processor Information for processor 7
  Max Mhz: 1700, Current Mhz: 1700, Mhz Limit: 1700
Processor Information for processor 8
  Max Mhz: 1700, Current Mhz: 1200, Mhz Limit: 1190
Processor Information for processor 9
  Max Mhz: 1700, Current Mhz: 1200, Mhz Limit: 1190
Processor Information for processor 10
  Max Mhz: 1700, Current Mhz: 1200, Mhz Limit: 1190
Processor Information for processor 11
  Max Mhz: 1700, Current Mhz: 1200, Mhz Limit: 1190
Processor Information for processor 12
  Max Mhz: 1700, Current Mhz: 1200, Mhz Limit: 1190
Processor Information for processor 13
  Max Mhz: 1700, Current Mhz: 1200, Mhz Limit: 1190
Processor Information for processor 14
  Max Mhz: 1700, Current Mhz: 1200, Mhz Limit: 1190
Processor Information for processor 15
  Max Mhz: 1700, Current Mhz: 1200, Mhz Limit: 1190

Memory: 4k page, system-wide physical 16068M (3770M free)
TotalPageFile size 42780M (AvailPageFile size 0M)
current process WorkingSet (physical memory assigned to process): 144M, peak: 168M
current process commit charge ("private bytes"): 260M, peak: 404M

vm_info: Java HotSpot(TM) 64-Bit Server VM (22.0.2+9-70) for windows-amd64 JRE (22.0.2+9-70), built on 2024-06-04T16:52:23Z by "mach5one" with MS VC++ 17.6 (VS2022)

END.
