#
# There is insufficient memory for the Java Runtime Environment to continue.
# Native memory allocation (malloc) failed to allocate 968976 bytes. Error detail: Chunk::new
# Possible reasons:
#   The system is out of physical RAM or swap space
#   This process is running with CompressedOops enabled, and the Java Heap may be blocking the growth of the native heap
# Possible solutions:
#   Reduce memory load on the system
#   Increase physical memory or swap space
#   Check if swap backing store is full
#   Decrease Java heap size (-Xmx/-Xms)
#   Decrease number of Java threads
#   Decrease Java thread stack sizes (-Xss)
#   Set larger code cache with -XX:ReservedCodeCacheSize=
#   JVM is running with Zero Based Compressed Oops mode in which the Java heap is
#     placed in the first 32GB address space. The Java Heap base address is the
#     maximum limit for the native heap growth. Please use -XX:HeapBaseMinAddress
#     to set the Java Heap base and to place the Java Heap above 32GB virtual address.
# This output file may be truncated or incomplete.
#
#  Out of Memory Error (arena.cpp:150), pid=30980, tid=26692
#
# JRE version: Java(TM) SE Runtime Environment (22.0.2+9) (build 22.0.2+9-70)
# Java VM: Java HotSpot(TM) 64-Bit Server VM (22.0.2+9-70, mixed mode, sharing, tiered, compressed oops, compressed class ptrs, g1 gc, windows-amd64)
# No core dump will be written. Minidumps are not enabled by default on client versions of Windows
#

---------------  S U M M A R Y ------------

Command Line: -Dfile.encoding=UTF-8 --module-path=C:\Users\Zeeshan Akhtar\OneDrive\Documents\NetBeansProjects\AirlineManagementSystem\build\classes airlinemanagementsystem.BoardingPass

Host: 12th Gen Intel(R) Core(TM) i5-1240P, 16 cores, 15G,  Windows 11 , 64 bit Build 22000 (10.0.22000.2538)
Time: Sat Aug 17 00:57:14 2024 India Standard Time elapsed time: 0.617698 seconds (0d 0h 0m 0s)

---------------  T H R E A D  ---------------

Current thread (0x0000017fcb186270):  JavaThread "C2 CompilerThread1" daemon [_thread_in_native, id=26692, stack(0x00000049d9300000,0x00000049d9400000) (1024K)]


Current CompileTask:
C2:617 1375       4       sun.security.ec.ECOperations::setDouble (463 bytes)

Stack: [0x00000049d9300000,0x00000049d9400000]
Native frames: (J=compiled Java code, j=interpreted, Vv=VM code, C=native code)
V  [jvm.dll+0x6e26e9]  (no source info available)
V  [jvm.dll+0x875753]  (no source info available)
V  [jvm.dll+0x877b7e]  (no source info available)
V  [jvm.dll+0x878253]  (no source info available)
V  [jvm.dll+0x27fc86]  (no source info available)
V  [jvm.dll+0xc3d0f]  (no source info available)
V  [jvm.dll+0xc3f6b]  (no source info available)
V  [jvm.dll+0x3bb442]  (no source info available)
V  [jvm.dll+0x1df4ac]  (no source info available)
V  [jvm.dll+0x24793c]  (no source info available)
V  [jvm.dll+0x246e9f]  (no source info available)
V  [jvm.dll+0x1c4e80]  (no source info available)
V  [jvm.dll+0x2568f3]  (no source info available)
V  [jvm.dll+0x254baa]  (no source info available)
V  [jvm.dll+0x3f57a6]  (no source info available)
V  [jvm.dll+0x81dc0b]  (no source info available)
V  [jvm.dll+0x6e0d85]  (no source info available)
C  [ucrtbase.dll+0x26c0c]  (no source info available)
C  [KERNEL32.DLL+0x153e0]  (no source info available)
C  [ntdll.dll+0x485b]  (no source info available)


---------------  P R O C E S S  ---------------

Threads class SMR info:
_java_thread_list=0x0000017fcba8df30, length=24, elements={
0x0000017fe38a9480, 0x0000017fcb00cd60, 0x0000017fcb00e7d0, 0x0000017fcb0119e0,
0x0000017fcb012440, 0x0000017fcb012ea0, 0x0000017fcb013900, 0x0000017fcb0167d0,
0x0000017fcb0191b0, 0x0000017fcb129650, 0x0000017fcb1357e0, 0x0000017fcb157890,
0x0000017fcb186270, 0x0000017fcb20da60, 0x0000017fcb430ea0, 0x0000017fcb4347f0,
0x0000017fcb43e950, 0x0000017fcb4593a0, 0x0000017fcb4b9e60, 0x0000017fcbb766d0,
0x0000017fcb999430, 0x0000017fcb69ec20, 0x0000017fcb797b20, 0x0000017fcbb72c50
}

Java Threads: ( => current thread )
  0x0000017fe38a9480 JavaThread "main"                              [_thread_in_vm, id=43636, stack(0x00000049d8000000,0x00000049d8100000) (1024K)]
  0x0000017fcb00cd60 JavaThread "Reference Handler"          daemon [_thread_blocked, id=48500, stack(0x00000049d8800000,0x00000049d8900000) (1024K)]
  0x0000017fcb00e7d0 JavaThread "Finalizer"                  daemon [_thread_blocked, id=48932, stack(0x00000049d8900000,0x00000049d8a00000) (1024K)]
  0x0000017fcb0119e0 JavaThread "Signal Dispatcher"          daemon [_thread_blocked, id=10260, stack(0x00000049d8a00000,0x00000049d8b00000) (1024K)]
  0x0000017fcb012440 JavaThread "Attach Listener"            daemon [_thread_blocked, id=44416, stack(0x00000049d8b00000,0x00000049d8c00000) (1024K)]
  0x0000017fcb012ea0 JavaThread "Service Thread"             daemon [_thread_blocked, id=29772, stack(0x00000049d8c00000,0x00000049d8d00000) (1024K)]
  0x0000017fcb013900 JavaThread "Monitor Deflation Thread"   daemon [_thread_blocked, id=45300, stack(0x00000049d8d00000,0x00000049d8e00000) (1024K)]
  0x0000017fcb0167d0 JavaThread "C2 CompilerThread0"         daemon [_thread_in_native, id=41836, stack(0x00000049d8e00000,0x00000049d8f00000) (1024K)]
  0x0000017fcb0191b0 JavaThread "C1 CompilerThread0"         daemon [_thread_blocked, id=3472, stack(0x00000049d8f00000,0x00000049d9000000) (1024K)]
  0x0000017fcb129650 JavaThread "Common-Cleaner"             daemon [_thread_blocked, id=27696, stack(0x00000049d9000000,0x00000049d9100000) (1024K)]
  0x0000017fcb1357e0 JavaThread "C1 CompilerThread1"         daemon [_thread_blocked, id=31268, stack(0x00000049d9100000,0x00000049d9200000) (1024K)]
  0x0000017fcb157890 JavaThread "C1 CompilerThread2"         daemon [_thread_blocked, id=22296, stack(0x00000049d9200000,0x00000049d9300000) (1024K)]
=>0x0000017fcb186270 JavaThread "C2 CompilerThread1"         daemon [_thread_in_native, id=26692, stack(0x00000049d9300000,0x00000049d9400000) (1024K)]
  0x0000017fcb20da60 JavaThread "Notification Thread"        daemon [_thread_blocked, id=12968, stack(0x00000049d9400000,0x00000049d9500000) (1024K)]
  0x0000017fcb430ea0 JavaThread "Java2D Disposer"            daemon [_thread_blocked, id=20188, stack(0x00000049d9500000,0x00000049d9600000) (1024K)]
  0x0000017fcb4347f0 JavaThread "AWT-Shutdown"                      [_thread_blocked, id=46524, stack(0x00000049d9600000,0x00000049d9700000) (1024K)]
  0x0000017fcb43e950 JavaThread "AWT-Windows"                daemon [_thread_in_native, id=7688, stack(0x00000049d9700000,0x00000049d9800000) (1024K)]
  0x0000017fcb4593a0 JavaThread "mysql-cj-abandoned-connection-cleanup" daemon [_thread_blocked, id=14056, stack(0x00000049d9800000,0x00000049d9900000) (1024K)]
  0x0000017fcb4b9e60 JavaThread "C2 CompilerThread2"         daemon [_thread_blocked, id=45364, stack(0x00000049d9900000,0x00000049d9a00000) (1024K)]
  0x0000017fcbb766d0 JavaThread "C1 CompilerThread3"         daemon [_thread_blocked, id=18436, stack(0x00000049d9a00000,0x00000049d9b00000) (1024K)]
  0x0000017fcb999430 JavaThread "C2 CompilerThread3"         daemon [_thread_in_native, id=14264, stack(0x00000049d9b00000,0x00000049d9c00000) (1024K)]
  0x0000017fcb69ec20 JavaThread "C2 CompilerThread4"         daemon [_thread_in_native, id=41432, stack(0x00000049d9c00000,0x00000049d9d00000) (1024K)]
  0x0000017fcb797b20 JavaThread "C2 CompilerThread5"         daemon [_thread_blocked, id=14292, stack(0x00000049d9d00000,0x00000049d9e00000) (1024K)]
  0x0000017fcbb72c50 JavaThread "C2 CompilerThread6"         daemon [_thread_in_native, id=9788, stack(0x00000049d9e00000,0x00000049d9f00000) (1024K)]
Total: 24

Other Threads:
  0x0000017ffe84cd50 VMThread "VM Thread"                           [id=39300, stack(0x00000049d8700000,0x00000049d8800000) (1024K)]
  0x0000017ffe8330f0 WatcherThread "VM Periodic Task Thread"        [id=41008, stack(0x00000049d8600000,0x00000049d8700000) (1024K)]
  0x0000017fe3912820 WorkerThread "GC Thread#0"                     [id=48820, stack(0x00000049d8100000,0x00000049d8200000) (1024K)]
  0x0000017fe3961010 ConcurrentGCThread "G1 Main Marker"            [id=17812, stack(0x00000049d8200000,0x00000049d8300000) (1024K)]
  0x0000017fe3962130 WorkerThread "G1 Conc#0"                       [id=30020, stack(0x00000049d8300000,0x00000049d8400000) (1024K)]
  0x0000017ffe707ab0 ConcurrentGCThread "G1 Refine#0"               [id=44756, stack(0x00000049d8400000,0x00000049d8500000) (1024K)]
  0x0000017ffe709640 ConcurrentGCThread "G1 Service"                [id=18332, stack(0x00000049d8500000,0x00000049d8600000) (1024K)]
Total: 7

Threads with active compile tasks:
C2 CompilerThread0  651 1731       4       sun.util.locale.BaseLocale::hashCode (67 bytes)
C2 CompilerThread1  651 1375       4       sun.security.ec.ECOperations::setDouble (463 bytes)
C2 CompilerThread3  651 1729       4       java.lang.ref.SoftReference::get (29 bytes)
C2 CompilerThread4  651 1732   !   4       java.lang.ref.ReferenceQueue::poll (40 bytes)
C2 CompilerThread6  651 1727       4       sun.util.locale.BaseLocale::getInstance (150 bytes)
Total: 5

VM state: not at safepoint (normal execution)

VM Mutex/Monitor currently owned by a thread: None

Heap address: 0x0000000704e00000, size: 4018 MB, Compressed Oops mode: Zero based, Oop shift amount: 3

CDS archive(s) mapped at: [0x0000017f86000000-0x0000017f86c60000-0x0000017f86c60000), size 12976128, SharedBaseAddress: 0x0000017f86000000, ArchiveRelocationMode: 1.
Compressed class space mapped at: 0x0000017f87000000-0x0000017fc7000000, reserved size: 1073741824
Narrow klass base: 0x0000017f86000000, Narrow klass shift: 0, Narrow klass range: 0x41000000

GC Precious Log:
 CardTable entry size: 512
 Card Set container configuration: InlinePtr #cards 4 size 8 Array Of Cards #cards 16 size 48 Howl #buckets 8 coarsen threshold 3686 Howl Bitmap #cards 512 size 80 coarsen threshold 460 Card regions per heap region 1 cards per card region 4096
 CPUs: 16 total, 16 available
 Memory: 16068M
 Large Page Support: Disabled
 NUMA Support: Disabled
 Compressed Oops: Enabled (Zero based)
 Heap Region Size: 2M
 Heap Min Capacity: 8M
 Heap Initial Capacity: 252M
 Heap Max Capacity: 4018M
 Pre-touch: Disabled
 Parallel Workers: 13
 Concurrent Workers: 3
 Concurrent Refinement Workers: 13
 Periodic GC: Disabled

Heap:
 garbage-first heap   total reserved 4114432K, committed 258048K, used 20480K [0x0000000704e00000, 0x0000000800000000)
  region size 2048K, 12 young (24576K), 0 survivors (0K)
 Metaspace       used 14542K, committed 14848K, reserved 1114112K
  class space    used 1654K, committed 1792K, reserved 1048576K

Heap Regions: E=young(eden), S=young(survivor), O=old, HS=humongous(starts), HC=humongous(continues), CS=collection set, F=free, TAMS=top-at-mark-start, PB=parsable bottom
|   0|0x0000000704e00000, 0x0000000704e00000, 0x0000000705000000|  0%| F|  |TAMS 0x0000000704e00000| PB 0x0000000704e00000| Untracked |  0
|   1|0x0000000705000000, 0x0000000705000000, 0x0000000705200000|  0%| F|  |TAMS 0x0000000705000000| PB 0x0000000705000000| Untracked |  0
|   2|0x0000000705200000, 0x0000000705200000, 0x0000000705400000|  0%| F|  |TAMS 0x0000000705200000| PB 0x0000000705200000| Untracked |  0
|   3|0x0000000705400000, 0x0000000705400000, 0x0000000705600000|  0%| F|  |TAMS 0x0000000705400000| PB 0x0000000705400000| Untracked |  0
|   4|0x0000000705600000, 0x0000000705600000, 0x0000000705800000|  0%| F|  |TAMS 0x0000000705600000| PB 0x0000000705600000| Untracked |  0
|   5|0x0000000705800000, 0x0000000705800000, 0x0000000705a00000|  0%| F|  |TAMS 0x0000000705800000| PB 0x0000000705800000| Untracked |  0
|   6|0x0000000705a00000, 0x0000000705a00000, 0x0000000705c00000|  0%| F|  |TAMS 0x0000000705a00000| PB 0x0000000705a00000| Untracked |  0
|   7|0x0000000705c00000, 0x0000000705c00000, 0x0000000705e00000|  0%| F|  |TAMS 0x0000000705c00000| PB 0x0000000705c00000| Untracked |  0
|   8|0x0000000705e00000, 0x0000000705e00000, 0x0000000706000000|  0%| F|  |TAMS 0x0000000705e00000| PB 0x0000000705e00000| Untracked |  0
|   9|0x0000000706000000, 0x0000000706000000, 0x0000000706200000|  0%| F|  |TAMS 0x0000000706000000| PB 0x0000000706000000| Untracked |  0
|  10|0x0000000706200000, 0x0000000706200000, 0x0000000706400000|  0%| F|  |TAMS 0x0000000706200000| PB 0x0000000706200000| Untracked |  0
|  11|0x0000000706400000, 0x0000000706400000, 0x0000000706600000|  0%| F|  |TAMS 0x0000000706400000| PB 0x0000000706400000| Untracked |  0
|  12|0x0000000706600000, 0x0000000706600000, 0x0000000706800000|  0%| F|  |TAMS 0x0000000706600000| PB 0x0000000706600000| Untracked |  0
|  13|0x0000000706800000, 0x0000000706800000, 0x0000000706a00000|  0%| F|  |TAMS 0x0000000706800000| PB 0x0000000706800000| Untracked |  0
|  14|0x0000000706a00000, 0x0000000706a00000, 0x0000000706c00000|  0%| F|  |TAMS 0x0000000706a00000| PB 0x0000000706a00000| Untracked |  0
|  15|0x0000000706c00000, 0x0000000706c00000, 0x0000000706e00000|  0%| F|  |TAMS 0x0000000706c00000| PB 0x0000000706c00000| Untracked |  0
|  16|0x0000000706e00000, 0x0000000706e00000, 0x0000000707000000|  0%| F|  |TAMS 0x0000000706e00000| PB 0x0000000706e00000| Untracked |  0
|  17|0x0000000707000000, 0x0000000707000000, 0x0000000707200000|  0%| F|  |TAMS 0x0000000707000000| PB 0x0000000707000000| Untracked |  0
|  18|0x0000000707200000, 0x0000000707200000, 0x0000000707400000|  0%| F|  |TAMS 0x0000000707200000| PB 0x0000000707200000| Untracked |  0
|  19|0x0000000707400000, 0x0000000707400000, 0x0000000707600000|  0%| F|  |TAMS 0x0000000707400000| PB 0x0000000707400000| Untracked |  0
|  20|0x0000000707600000, 0x0000000707600000, 0x0000000707800000|  0%| F|  |TAMS 0x0000000707600000| PB 0x0000000707600000| Untracked |  0
|  21|0x0000000707800000, 0x0000000707800000, 0x0000000707a00000|  0%| F|  |TAMS 0x0000000707800000| PB 0x0000000707800000| Untracked |  0
|  22|0x0000000707a00000, 0x0000000707a00000, 0x0000000707c00000|  0%| F|  |TAMS 0x0000000707a00000| PB 0x0000000707a00000| Untracked |  0
|  23|0x0000000707c00000, 0x0000000707c00000, 0x0000000707e00000|  0%| F|  |TAMS 0x0000000707c00000| PB 0x0000000707c00000| Untracked |  0
|  24|0x0000000707e00000, 0x0000000707e00000, 0x0000000708000000|  0%| F|  |TAMS 0x0000000707e00000| PB 0x0000000707e00000| Untracked |  0
|  25|0x0000000708000000, 0x0000000708000000, 0x0000000708200000|  0%| F|  |TAMS 0x0000000708000000| PB 0x0000000708000000| Untracked |  0
|  26|0x0000000708200000, 0x0000000708200000, 0x0000000708400000|  0%| F|  |TAMS 0x0000000708200000| PB 0x0000000708200000| Untracked |  0
|  27|0x0000000708400000, 0x0000000708400000, 0x0000000708600000|  0%| F|  |TAMS 0x0000000708400000| PB 0x0000000708400000| Untracked |  0
|  28|0x0000000708600000, 0x0000000708600000, 0x0000000708800000|  0%| F|  |TAMS 0x0000000708600000| PB 0x0000000708600000| Untracked |  0
|  29|0x0000000708800000, 0x0000000708800000, 0x0000000708a00000|  0%| F|  |TAMS 0x0000000708800000| PB 0x0000000708800000| Untracked |  0
|  30|0x0000000708a00000, 0x0000000708a00000, 0x0000000708c00000|  0%| F|  |TAMS 0x0000000708a00000| PB 0x0000000708a00000| Untracked |  0
|  31|0x0000000708c00000, 0x0000000708c00000, 0x0000000708e00000|  0%| F|  |TAMS 0x0000000708c00000| PB 0x0000000708c00000| Untracked |  0
|  32|0x0000000708e00000, 0x0000000708e00000, 0x0000000709000000|  0%| F|  |TAMS 0x0000000708e00000| PB 0x0000000708e00000| Untracked |  0
|  33|0x0000000709000000, 0x0000000709000000, 0x0000000709200000|  0%| F|  |TAMS 0x0000000709000000| PB 0x0000000709000000| Untracked |  0
|  34|0x0000000709200000, 0x0000000709200000, 0x0000000709400000|  0%| F|  |TAMS 0x0000000709200000| PB 0x0000000709200000| Untracked |  0
|  35|0x0000000709400000, 0x0000000709400000, 0x0000000709600000|  0%| F|  |TAMS 0x0000000709400000| PB 0x0000000709400000| Untracked |  0
|  36|0x0000000709600000, 0x0000000709600000, 0x0000000709800000|  0%| F|  |TAMS 0x0000000709600000| PB 0x0000000709600000| Untracked |  0
|  37|0x0000000709800000, 0x0000000709800000, 0x0000000709a00000|  0%| F|  |TAMS 0x0000000709800000| PB 0x0000000709800000| Untracked |  0
|  38|0x0000000709a00000, 0x0000000709a00000, 0x0000000709c00000|  0%| F|  |TAMS 0x0000000709a00000| PB 0x0000000709a00000| Untracked |  0
|  39|0x0000000709c00000, 0x0000000709c00000, 0x0000000709e00000|  0%| F|  |TAMS 0x0000000709c00000| PB 0x0000000709c00000| Untracked |  0
|  40|0x0000000709e00000, 0x0000000709e00000, 0x000000070a000000|  0%| F|  |TAMS 0x0000000709e00000| PB 0x0000000709e00000| Untracked |  0
|  41|0x000000070a000000, 0x000000070a000000, 0x000000070a200000|  0%| F|  |TAMS 0x000000070a000000| PB 0x000000070a000000| Untracked |  0
|  42|0x000000070a200000, 0x000000070a200000, 0x000000070a400000|  0%| F|  |TAMS 0x000000070a200000| PB 0x000000070a200000| Untracked |  0
|  43|0x000000070a400000, 0x000000070a400000, 0x000000070a600000|  0%| F|  |TAMS 0x000000070a400000| PB 0x000000070a400000| Untracked |  0
|  44|0x000000070a600000, 0x000000070a600000, 0x000000070a800000|  0%| F|  |TAMS 0x000000070a600000| PB 0x000000070a600000| Untracked |  0
|  45|0x000000070a800000, 0x000000070a800000, 0x000000070aa00000|  0%| F|  |TAMS 0x000000070a800000| PB 0x000000070a800000| Untracked |  0
|  46|0x000000070aa00000, 0x000000070aa00000, 0x000000070ac00000|  0%| F|  |TAMS 0x000000070aa00000| PB 0x000000070aa00000| Untracked |  0
|  47|0x000000070ac00000, 0x000000070ac00000, 0x000000070ae00000|  0%| F|  |TAMS 0x000000070ac00000| PB 0x000000070ac00000| Untracked |  0
|  48|0x000000070ae00000, 0x000000070ae00000, 0x000000070b000000|  0%| F|  |TAMS 0x000000070ae00000| PB 0x000000070ae00000| Untracked |  0
|  49|0x000000070b000000, 0x000000070b000000, 0x000000070b200000|  0%| F|  |TAMS 0x000000070b000000| PB 0x000000070b000000| Untracked |  0
|  50|0x000000070b200000, 0x000000070b200000, 0x000000070b400000|  0%| F|  |TAMS 0x000000070b200000| PB 0x000000070b200000| Untracked |  0
|  51|0x000000070b400000, 0x000000070b400000, 0x000000070b600000|  0%| F|  |TAMS 0x000000070b400000| PB 0x000000070b400000| Untracked |  0
|  52|0x000000070b600000, 0x000000070b600000, 0x000000070b800000|  0%| F|  |TAMS 0x000000070b600000| PB 0x000000070b600000| Untracked |  0
|  53|0x000000070b800000, 0x000000070b800000, 0x000000070ba00000|  0%| F|  |TAMS 0x000000070b800000| PB 0x000000070b800000| Untracked |  0
|  54|0x000000070ba00000, 0x000000070ba00000, 0x000000070bc00000|  0%| F|  |TAMS 0x000000070ba00000| PB 0x000000070ba00000| Untracked |  0
|  55|0x000000070bc00000, 0x000000070bc00000, 0x000000070be00000|  0%| F|  |TAMS 0x000000070bc00000| PB 0x000000070bc00000| Untracked |  0
|  56|0x000000070be00000, 0x000000070be00000, 0x000000070c000000|  0%| F|  |TAMS 0x000000070be00000| PB 0x000000070be00000| Untracked |  0
|  57|0x000000070c000000, 0x000000070c000000, 0x000000070c200000|  0%| F|  |TAMS 0x000000070c000000| PB 0x000000070c000000| Untracked |  0
|  58|0x000000070c200000, 0x000000070c200000, 0x000000070c400000|  0%| F|  |TAMS 0x000000070c200000| PB 0x000000070c200000| Untracked |  0
|  59|0x000000070c400000, 0x000000070c400000, 0x000000070c600000|  0%| F|  |TAMS 0x000000070c400000| PB 0x000000070c400000| Untracked |  0
|  60|0x000000070c600000, 0x000000070c600000, 0x000000070c800000|  0%| F|  |TAMS 0x000000070c600000| PB 0x000000070c600000| Untracked |  0
|  61|0x000000070c800000, 0x000000070c800000, 0x000000070ca00000|  0%| F|  |TAMS 0x000000070c800000| PB 0x000000070c800000| Untracked |  0
|  62|0x000000070ca00000, 0x000000070ca00000, 0x000000070cc00000|  0%| F|  |TAMS 0x000000070ca00000| PB 0x000000070ca00000| Untracked |  0
|  63|0x000000070cc00000, 0x000000070cc00000, 0x000000070ce00000|  0%| F|  |TAMS 0x000000070cc00000| PB 0x000000070cc00000| Untracked |  0
|  64|0x000000070ce00000, 0x000000070ce00000, 0x000000070d000000|  0%| F|  |TAMS 0x000000070ce00000| PB 0x000000070ce00000| Untracked |  0
|  65|0x000000070d000000, 0x000000070d000000, 0x000000070d200000|  0%| F|  |TAMS 0x000000070d000000| PB 0x000000070d000000| Untracked |  0
|  66|0x000000070d200000, 0x000000070d200000, 0x000000070d400000|  0%| F|  |TAMS 0x000000070d200000| PB 0x000000070d200000| Untracked |  0
|  67|0x000000070d400000, 0x000000070d400000, 0x000000070d600000|  0%| F|  |TAMS 0x000000070d400000| PB 0x000000070d400000| Untracked |  0
|  68|0x000000070d600000, 0x000000070d600000, 0x000000070d800000|  0%| F|  |TAMS 0x000000070d600000| PB 0x000000070d600000| Untracked |  0
|  69|0x000000070d800000, 0x000000070d800000, 0x000000070da00000|  0%| F|  |TAMS 0x000000070d800000| PB 0x000000070d800000| Untracked |  0
|  70|0x000000070da00000, 0x000000070da00000, 0x000000070dc00000|  0%| F|  |TAMS 0x000000070da00000| PB 0x000000070da00000| Untracked |  0
|  71|0x000000070dc00000, 0x000000070dc00000, 0x000000070de00000|  0%| F|  |TAMS 0x000000070dc00000| PB 0x000000070dc00000| Untracked |  0
|  72|0x000000070de00000, 0x000000070de00000, 0x000000070e000000|  0%| F|  |TAMS 0x000000070de00000| PB 0x000000070de00000| Untracked |  0
|  73|0x000000070e000000, 0x000000070e000000, 0x000000070e200000|  0%| F|  |TAMS 0x000000070e000000| PB 0x000000070e000000| Untracked |  0
|  74|0x000000070e200000, 0x000000070e200000, 0x000000070e400000|  0%| F|  |TAMS 0x000000070e200000| PB 0x000000070e200000| Untracked |  0
|  75|0x000000070e400000, 0x000000070e400000, 0x000000070e600000|  0%| F|  |TAMS 0x000000070e400000| PB 0x000000070e400000| Untracked |  0
|  76|0x000000070e600000, 0x000000070e600000, 0x000000070e800000|  0%| F|  |TAMS 0x000000070e600000| PB 0x000000070e600000| Untracked |  0
|  77|0x000000070e800000, 0x000000070e800000, 0x000000070ea00000|  0%| F|  |TAMS 0x000000070e800000| PB 0x000000070e800000| Untracked |  0
|  78|0x000000070ea00000, 0x000000070ea00000, 0x000000070ec00000|  0%| F|  |TAMS 0x000000070ea00000| PB 0x000000070ea00000| Untracked |  0
|  79|0x000000070ec00000, 0x000000070ec00000, 0x000000070ee00000|  0%| F|  |TAMS 0x000000070ec00000| PB 0x000000070ec00000| Untracked |  0
|  80|0x000000070ee00000, 0x000000070ee00000, 0x000000070f000000|  0%| F|  |TAMS 0x000000070ee00000| PB 0x000000070ee00000| Untracked |  0
|  81|0x000000070f000000, 0x000000070f000000, 0x000000070f200000|  0%| F|  |TAMS 0x000000070f000000| PB 0x000000070f000000| Untracked |  0
|  82|0x000000070f200000, 0x000000070f200000, 0x000000070f400000|  0%| F|  |TAMS 0x000000070f200000| PB 0x000000070f200000| Untracked |  0
|  83|0x000000070f400000, 0x000000070f400000, 0x000000070f600000|  0%| F|  |TAMS 0x000000070f400000| PB 0x000000070f400000| Untracked |  0
|  84|0x000000070f600000, 0x000000070f600000, 0x000000070f800000|  0%| F|  |TAMS 0x000000070f600000| PB 0x000000070f600000| Untracked |  0
|  85|0x000000070f800000, 0x000000070f800000, 0x000000070fa00000|  0%| F|  |TAMS 0x000000070f800000| PB 0x000000070f800000| Untracked |  0
|  86|0x000000070fa00000, 0x000000070fa00000, 0x000000070fc00000|  0%| F|  |TAMS 0x000000070fa00000| PB 0x000000070fa00000| Untracked |  0
|  87|0x000000070fc00000, 0x000000070fc00000, 0x000000070fe00000|  0%| F|  |TAMS 0x000000070fc00000| PB 0x000000070fc00000| Untracked |  0
|  88|0x000000070fe00000, 0x000000070fe00000, 0x0000000710000000|  0%| F|  |TAMS 0x000000070fe00000| PB 0x000000070fe00000| Untracked |  0
|  89|0x0000000710000000, 0x0000000710000000, 0x0000000710200000|  0%| F|  |TAMS 0x0000000710000000| PB 0x0000000710000000| Untracked |  0
|  90|0x0000000710200000, 0x0000000710200000, 0x0000000710400000|  0%| F|  |TAMS 0x0000000710200000| PB 0x0000000710200000| Untracked |  0
|  91|0x0000000710400000, 0x0000000710400000, 0x0000000710600000|  0%| F|  |TAMS 0x0000000710400000| PB 0x0000000710400000| Untracked |  0
|  92|0x0000000710600000, 0x0000000710600000, 0x0000000710800000|  0%| F|  |TAMS 0x0000000710600000| PB 0x0000000710600000| Untracked |  0
|  93|0x0000000710800000, 0x0000000710800000, 0x0000000710a00000|  0%| F|  |TAMS 0x0000000710800000| PB 0x0000000710800000| Untracked |  0
|  94|0x0000000710a00000, 0x0000000710a00000, 0x0000000710c00000|  0%| F|  |TAMS 0x0000000710a00000| PB 0x0000000710a00000| Untracked |  0
|  95|0x0000000710c00000, 0x0000000710c00000, 0x0000000710e00000|  0%| F|  |TAMS 0x0000000710c00000| PB 0x0000000710c00000| Untracked |  0
|  96|0x0000000710e00000, 0x0000000710e00000, 0x0000000711000000|  0%| F|  |TAMS 0x0000000710e00000| PB 0x0000000710e00000| Untracked |  0
|  97|0x0000000711000000, 0x0000000711000000, 0x0000000711200000|  0%| F|  |TAMS 0x0000000711000000| PB 0x0000000711000000| Untracked |  0
|  98|0x0000000711200000, 0x0000000711200000, 0x0000000711400000|  0%| F|  |TAMS 0x0000000711200000| PB 0x0000000711200000| Untracked |  0
|  99|0x0000000711400000, 0x0000000711400000, 0x0000000711600000|  0%| F|  |TAMS 0x0000000711400000| PB 0x0000000711400000| Untracked |  0
| 100|0x0000000711600000, 0x0000000711600000, 0x0000000711800000|  0%| F|  |TAMS 0x0000000711600000| PB 0x0000000711600000| Untracked |  0
| 101|0x0000000711800000, 0x0000000711800000, 0x0000000711a00000|  0%| F|  |TAMS 0x0000000711800000| PB 0x0000000711800000| Untracked |  0
| 102|0x0000000711a00000, 0x0000000711a00000, 0x0000000711c00000|  0%| F|  |TAMS 0x0000000711a00000| PB 0x0000000711a00000| Untracked |  0
| 103|0x0000000711c00000, 0x0000000711c00000, 0x0000000711e00000|  0%| F|  |TAMS 0x0000000711c00000| PB 0x0000000711c00000| Untracked |  0
| 104|0x0000000711e00000, 0x0000000711e00000, 0x0000000712000000|  0%| F|  |TAMS 0x0000000711e00000| PB 0x0000000711e00000| Untracked |  0
| 105|0x0000000712000000, 0x0000000712000000, 0x0000000712200000|  0%| F|  |TAMS 0x0000000712000000| PB 0x0000000712000000| Untracked |  0
| 106|0x0000000712200000, 0x0000000712200000, 0x0000000712400000|  0%| F|  |TAMS 0x0000000712200000| PB 0x0000000712200000| Untracked |  0
| 107|0x0000000712400000, 0x0000000712400000, 0x0000000712600000|  0%| F|  |TAMS 0x0000000712400000| PB 0x0000000712400000| Untracked |  0
| 108|0x0000000712600000, 0x0000000712600000, 0x0000000712800000|  0%| F|  |TAMS 0x0000000712600000| PB 0x0000000712600000| Untracked |  0
| 109|0x0000000712800000, 0x0000000712800000, 0x0000000712a00000|  0%| F|  |TAMS 0x0000000712800000| PB 0x0000000712800000| Untracked |  0
| 110|0x0000000712a00000, 0x0000000712a00000, 0x0000000712c00000|  0%| F|  |TAMS 0x0000000712a00000| PB 0x0000000712a00000| Untracked |  0
| 111|0x0000000712c00000, 0x0000000712c00000, 0x0000000712e00000|  0%| F|  |TAMS 0x0000000712c00000| PB 0x0000000712c00000| Untracked |  0
| 112|0x0000000712e00000, 0x0000000712e00000, 0x0000000713000000|  0%| F|  |TAMS 0x0000000712e00000| PB 0x0000000712e00000| Untracked |  0
| 113|0x0000000713000000, 0x0000000713000000, 0x0000000713200000|  0%| F|  |TAMS 0x0000000713000000| PB 0x0000000713000000| Untracked |  0
| 114|0x0000000713200000, 0x000000071327ae28, 0x0000000713400000| 24%| E|  |TAMS 0x0000000713200000| PB 0x0000000713200000| Complete |  0
| 115|0x0000000713400000, 0x0000000713600000, 0x0000000713600000|100%| E|CS|TAMS 0x0000000713400000| PB 0x0000000713400000| Complete |  0
| 116|0x0000000713600000, 0x0000000713800000, 0x0000000713800000|100%| E|CS|TAMS 0x0000000713600000| PB 0x0000000713600000| Complete |  0
| 117|0x0000000713800000, 0x0000000713a00000, 0x0000000713a00000|100%| E|CS|TAMS 0x0000000713800000| PB 0x0000000713800000| Complete |  0
| 118|0x0000000713a00000, 0x0000000713c00000, 0x0000000713c00000|100%| E|CS|TAMS 0x0000000713a00000| PB 0x0000000713a00000| Complete |  0
| 119|0x0000000713c00000, 0x0000000713e00000, 0x0000000713e00000|100%| E|CS|TAMS 0x0000000713c00000| PB 0x0000000713c00000| Complete |  0
| 120|0x0000000713e00000, 0x0000000714000000, 0x0000000714000000|100%| E|  |TAMS 0x0000000713e00000| PB 0x0000000713e00000| Complete |  0
| 121|0x0000000714000000, 0x0000000714200000, 0x0000000714200000|100%| E|CS|TAMS 0x0000000714000000| PB 0x0000000714000000| Complete |  0
| 122|0x0000000714200000, 0x0000000714400000, 0x0000000714400000|100%| E|CS|TAMS 0x0000000714200000| PB 0x0000000714200000| Complete |  0
| 123|0x0000000714400000, 0x0000000714600000, 0x0000000714600000|100%| E|CS|TAMS 0x0000000714400000| PB 0x0000000714400000| Complete |  0
| 124|0x0000000714600000, 0x0000000714800000, 0x0000000714800000|100%| E|CS|TAMS 0x0000000714600000| PB 0x0000000714600000| Complete |  0
| 125|0x0000000714800000, 0x0000000714a00000, 0x0000000714a00000|100%| E|CS|TAMS 0x0000000714800000| PB 0x0000000714800000| Complete |  0

Card table byte_map: [0x0000017ffdb90000,0x0000017ffe370000] _byte_map_base: 0x0000017ffa369000

Marking Bits: (CMBitMap*) 0x0000017fe3912f30
 Bits: [0x0000017f80000000, 0x0000017f83ec8000)

Polling page: 0x0000017fe3970000

Metaspace:

Usage:
  Non-class:     12.63 MB used.
      Class:      1.62 MB used.
       Both:     14.25 MB used.

Virtual space:
  Non-class space:       64.00 MB reserved,      12.75 MB ( 20%) committed,  1 nodes.
      Class space:        1.00 GB reserved,       1.75 MB ( <1%) committed,  1 nodes.
             Both:        1.06 GB reserved,      14.50 MB (  1%) committed. 

Chunk freelists:
   Non-Class:  2.52 MB
       Class:  14.16 MB
        Both:  16.67 MB

MaxMetaspaceSize: unlimited
CompressedClassSpaceSize: 1.00 GB
Initial GC threshold: 21.00 MB
Current GC threshold: 21.00 MB
CDS: on
 - commit_granule_bytes: 65536.
 - commit_granule_words: 8192.
 - virtual_space_node_default_size: 8388608.
 - enlarge_chunks_in_place: 1.
 - use_allocation_guard: 0.


Internal statistics:

num_allocs_failed_limit: 0.
num_arena_births: 158.
num_arena_deaths: 0.
num_vsnodes_births: 2.
num_vsnodes_deaths: 0.
num_space_committed: 232.
num_space_uncommitted: 0.
num_chunks_returned_to_freelist: 0.
num_chunks_taken_from_freelist: 321.
num_chunk_merges: 0.
num_chunk_splits: 199.
num_chunks_enlarged: 129.
num_inconsistent_stats: 0.

CodeHeap 'non-profiled nmethods': size=119168Kb used=562Kb max_used=562Kb free=118605Kb
 bounds [0x0000017ff4fa0000, 0x0000017ff5210000, 0x0000017ffc400000]
CodeHeap 'profiled nmethods': size=119104Kb used=3103Kb max_used=3103Kb free=116000Kb
 bounds [0x0000017fed400000, 0x0000017fed710000, 0x0000017ff4850000]
CodeHeap 'non-nmethods': size=7488Kb used=3298Kb max_used=3304Kb free=4189Kb
 bounds [0x0000017ff4850000, 0x0000017ff4b90000, 0x0000017ff4fa0000]
 total_blobs=2384 nmethods=1731 adapters=553
 compilation: enabled
              stopped_count=0, restarted_count=0
 full_count=0

Compilation events (20 events):
Event: 0.614 Thread 0x0000017fcb1357e0 1637       3       sun.util.locale.LocaleObjectCache::cleanStaleEntries (34 bytes)
Event: 0.614 Thread 0x0000017fcb1357e0 nmethod 1637 0x0000017fed6c4690 code [0x0000017fed6c4860, 0x0000017fed6c4cc8]
Event: 0.614 Thread 0x0000017fcb1357e0 1638       1       sun.util.locale.LanguageTag::getLanguage (5 bytes)
Event: 0.615 Thread 0x0000017fcb157890 nmethod 1634 0x0000017fed6c4e10 code [0x0000017fed6c5080, 0x0000017fed6c5aa8]
Event: 0.615 Thread 0x0000017fcb1357e0 nmethod 1638 0x0000017ff5024f90 code [0x0000017ff5025120, 0x0000017ff50251f0]
Event: 0.615 Thread 0x0000017fcb1357e0 1644       3       sun.util.locale.LocaleUtils::toUpperString (95 bytes)
Event: 0.615 Thread 0x0000017fcb157890 1646       3       sun.util.locale.StringTokenIterator::nextDelimiter (116 bytes)
Event: 0.615 Thread 0x0000017fcbb766d0 nmethod 1636 0x0000017fed6c5e90 code [0x0000017fed6c6140, 0x0000017fed6c72b8]
Event: 0.615 Thread 0x0000017fcbb766d0 1647       3       sun.util.locale.LocaleUtils::isAlphaString (33 bytes)
Event: 0.615 Thread 0x0000017fcb797b20 1651       4       java.util.HashMap::get (19 bytes)
Event: 0.615 Thread 0x0000017fcb0191b0 nmethod 1633 0x0000017fed6c7710 code [0x0000017fed6c7b00, 0x0000017fed6c9a20]
Event: 0.615 Thread 0x0000017fcb0191b0 1639       1       sun.util.locale.LanguageTag::getScript (5 bytes)
Event: 0.615 Thread 0x0000017fcbb766d0 nmethod 1647 0x0000017fed6ca690 code [0x0000017fed6ca8c0, 0x0000017fed6cb168]
Event: 0.615 Thread 0x0000017fcbb766d0 1640       1       sun.util.locale.LanguageTag::getRegion (5 bytes)
Event: 0.615 Thread 0x0000017fcb0191b0 nmethod 1639 0x0000017ff5025290 code [0x0000017ff5025420, 0x0000017ff50254f0]
Event: 0.615 Thread 0x0000017fcb0191b0 1641       1       sun.util.locale.LanguageTag::getPrivateuse (5 bytes)
Event: 0.616 Thread 0x0000017fcb0191b0 nmethod 1641 0x0000017ff5025590 code [0x0000017ff5025720, 0x0000017ff50257f0]
Event: 0.616 Thread 0x0000017fcbb766d0 nmethod 1640 0x0000017ff5025890 code [0x0000017ff5025a20, 0x0000017ff5025af0]
Event: 0.616 Thread 0x0000017fcb0191b0 1642       3       sun.util.locale.InternalLocaleBuilder::clearExtensions (50 bytes)
Event: 0.616 Thread 0x0000017fcbb766d0 1643       3       sun.util.locale.LocaleUtils::isEmpty (19 bytes)

GC Heap History (0 events):
No events

Dll operation events (9 events):
Event: 0.007 Loaded shared library C:\Program Files\Java\jdk-22\bin\java.dll
Event: 0.033 Loaded shared library C:\Program Files\Java\jdk-22\bin\jsvml.dll
Event: 0.054 Loaded shared library C:\Program Files\Java\jdk-22\bin\net.dll
Event: 0.056 Loaded shared library C:\Program Files\Java\jdk-22\bin\nio.dll
Event: 0.070 Loaded shared library C:\Program Files\Java\jdk-22\bin\zip.dll
Event: 0.081 Loaded shared library C:\Program Files\Java\jdk-22\bin\jimage.dll
Event: 0.091 Loaded shared library C:\Program Files\Java\jdk-22\bin\awt.dll
Event: 0.302 Loaded shared library C:\Program Files\Java\jdk-22\bin\extnet.dll
Event: 0.450 Loaded shared library C:\Program Files\Java\jdk-22\bin\sunmscapi.dll

Deoptimization events (20 events):
Event: 0.457 Thread 0x0000017fe38a9480 Uncommon trap: trap_request=0xffffff45 fr.pc=0x0000017ff5000238 relative=0x0000000000000278
Event: 0.457 Thread 0x0000017fe38a9480 Uncommon trap: reason=unstable_if action=reinterpret pc=0x0000017ff5000238 method=java.util.HashMap.putVal(ILjava/lang/Object;Ljava/lang/Object;ZZ)Ljava/lang/Object; @ 162 c2
Event: 0.457 Thread 0x0000017fe38a9480 DEOPT PACKING pc=0x0000017ff5000238 sp=0x00000049d80fc2e0
Event: 0.457 Thread 0x0000017fe38a9480 DEOPT UNPACKING pc=0x0000017ff48a46a2 sp=0x00000049d80fc218 mode 2
Event: 0.461 Thread 0x0000017fe38a9480 Uncommon trap: trap_request=0xffffff45 fr.pc=0x0000017ff4fc8db0 relative=0x0000000000000190
Event: 0.461 Thread 0x0000017fe38a9480 Uncommon trap: reason=unstable_if action=reinterpret pc=0x0000017ff4fc8db0 method=jdk.internal.util.ArraysSupport.vectorizedHashCode(Ljava/lang/Object;IIII)I @ 2 c2
Event: 0.461 Thread 0x0000017fe38a9480 DEOPT PACKING pc=0x0000017ff4fc8db0 sp=0x00000049d80fc1f0
Event: 0.461 Thread 0x0000017fe38a9480 DEOPT UNPACKING pc=0x0000017ff48a46a2 sp=0x00000049d80fc1a0 mode 2
Event: 0.571 Thread 0x0000017fe38a9480 Uncommon trap: trap_request=0xffffffde fr.pc=0x0000017ff50039a8 relative=0x0000000000000a68
Event: 0.571 Thread 0x0000017fe38a9480 Uncommon trap: reason=class_check action=maybe_recompile pc=0x0000017ff50039a8 method=java.util.HashMap.putVal(ILjava/lang/Object;Ljava/lang/Object;ZZ)Ljava/lang/Object; @ 253 c2
Event: 0.571 Thread 0x0000017fe38a9480 DEOPT PACKING pc=0x0000017ff50039a8 sp=0x00000049d80fdfa0
Event: 0.571 Thread 0x0000017fe38a9480 DEOPT UNPACKING pc=0x0000017ff48a46a2 sp=0x00000049d80fdf40 mode 2
Event: 0.571 Thread 0x0000017fe38a9480 Uncommon trap: trap_request=0xffffffde fr.pc=0x0000017ff50039a8 relative=0x0000000000000a68
Event: 0.571 Thread 0x0000017fe38a9480 Uncommon trap: reason=class_check action=maybe_recompile pc=0x0000017ff50039a8 method=java.util.HashMap.putVal(ILjava/lang/Object;Ljava/lang/Object;ZZ)Ljava/lang/Object; @ 253 c2
Event: 0.571 Thread 0x0000017fe38a9480 DEOPT PACKING pc=0x0000017ff50039a8 sp=0x00000049d80fdfa0
Event: 0.571 Thread 0x0000017fe38a9480 DEOPT UNPACKING pc=0x0000017ff48a46a2 sp=0x00000049d80fdf40 mode 2
Event: 0.594 Thread 0x0000017fe38a9480 Uncommon trap: trap_request=0xffffff6e fr.pc=0x0000017ff501e00c relative=0x000000000000044c
Event: 0.594 Thread 0x0000017fe38a9480 Uncommon trap: reason=loop_limit_check action=maybe_recompile pc=0x0000017ff501e00c method=java.lang.StringLatin1.indexOf([BI[BII)I @ 37 c2
Event: 0.594 Thread 0x0000017fe38a9480 DEOPT PACKING pc=0x0000017ff501e00c sp=0x00000049d80fef60
Event: 0.594 Thread 0x0000017fe38a9480 DEOPT UNPACKING pc=0x0000017ff48a46a2 sp=0x00000049d80feec0 mode 2

Classes loaded (20 events):
Event: 0.563 Loading class javax/security/sasl/SaslException
Event: 0.563 Loading class javax/security/sasl/SaslException done
Event: 0.563 Loading class javax/security/auth/callback/UnsupportedCallbackException
Event: 0.563 Loading class javax/security/auth/callback/UnsupportedCallbackException done
Event: 0.563 Loading class javax/security/auth/login/Configuration
Event: 0.563 Loading class javax/security/auth/login/Configuration done
Event: 0.564 Loading class javax/security/auth/callback/Callback
Event: 0.564 Loading class javax/security/auth/callback/Callback done
Event: 0.564 Loading class sun/invoke/util/VerifyAccess$1
Event: 0.564 Loading class sun/invoke/util/VerifyAccess$1 done
Event: 0.570 Loading class sun/security/ssl/PostHandshakeContext
Event: 0.570 Loading class sun/security/ssl/PostHandshakeContext done
Event: 0.570 Loading class sun/security/ssl/NewSessionTicket$T13NewSessionTicketMessage
Event: 0.570 Loading class sun/security/ssl/NewSessionTicket$NewSessionTicketMessage
Event: 0.570 Loading class sun/security/ssl/NewSessionTicket$NewSessionTicketMessage done
Event: 0.570 Loading class sun/security/ssl/NewSessionTicket$T13NewSessionTicketMessage done
Event: 0.592 Loading class java/util/TimerTask
Event: 0.592 Loading class java/util/TimerTask done
Event: 0.594 Loading class java/util/NoSuchElementException
Event: 0.594 Loading class java/util/NoSuchElementException done

Classes unloaded (0 events):
No events

Classes redefined (0 events):
No events

Internal exceptions (20 events):
Event: 0.056 Thread 0x0000017fe38a9480 Exception <a 'sun/nio/fs/WindowsException'{0x000000071462e420}> (0x000000071462e420) 
thrown [s\open\src\hotspot\share\prims\jni.cpp, line 520]
Event: 0.058 Thread 0x0000017fe38a9480 Exception <a 'sun/nio/fs/WindowsException'{0x0000000714630cf0}> (0x0000000714630cf0) 
thrown [s\open\src\hotspot\share\prims\jni.cpp, line 520]
Event: 0.085 Thread 0x0000017fe38a9480 Exception <a 'java/lang/ClassNotFoundException'{0x0000000714402fb0}: sun/awt/resources/spi/awtProvider> (0x0000000714402fb0) 
thrown [s\open\src\hotspot\share\classfile\systemDictionary.cpp, line 313]
Event: 0.099 Thread 0x0000017fe38a9480 Exception <a 'java/io/FileNotFoundException'{0x0000000714456c28}> (0x0000000714456c28) 
thrown [s\open\src\hotspot\share\prims\jni.cpp, line 520]
Event: 0.104 Thread 0x0000017fe38a9480 Exception <a 'java/io/FileNotFoundException'{0x00000007144fff20}> (0x00000007144fff20) 
thrown [s\open\src\hotspot\share\prims\jni.cpp, line 520]
Event: 0.153 Thread 0x0000017fe38a9480 Exception <a 'java/lang/NoSuchMethodError'{0x000000071428e530}: 'void java.lang.invoke.DirectMethodHandle$Holder.invokeSpecial(java.lang.Object, java.lang.Object, java.lang.Object)'> (0x000000071428e530) 
thrown [s\open\src\hotspot\share\interpreter\linkResolver.cpp, line 774]
Event: 0.159 Thread 0x0000017fe38a9480 Exception <a 'java/lang/NoSuchMethodError'{0x00000007142b4878}: 'java.lang.Object java.lang.invoke.DirectMethodHandle$Holder.newInvokeSpecial(java.lang.Object, java.lang.Object, java.lang.Object, java.lang.Object, java.lang.Object)'> (0x00000007142b4878) 
thrown [s\open\src\hotspot\share\interpreter\linkResolver.cpp, line 774]
Event: 0.162 Thread 0x0000017fe38a9480 Exception <a 'java/lang/NoSuchMethodError'{0x00000007142e1190}: 'java.lang.Object java.lang.invoke.DirectMethodHandle$Holder.invokeStatic(java.lang.Object, int, java.lang.Object)'> (0x00000007142e1190) 
thrown [s\open\src\hotspot\share\interpreter\linkResolver.cpp, line 774]
Event: 0.176 Thread 0x0000017fe38a9480 Exception <a 'java/lang/ClassNotFoundException'{0x0000000714383300}: com/sun/swing/internal/plaf/metal/resources/spi/metalProvider> (0x0000000714383300) 
thrown [s\open\src\hotspot\share\classfile\systemDictionary.cpp, line 313]
Event: 0.176 Thread 0x0000017fe38a9480 Exception <a 'java/lang/ClassNotFoundException'{0x00000007143872b0}: com/sun/swing/internal/plaf/basic/resources/spi/basicProvider> (0x00000007143872b0) 
thrown [s\open\src\hotspot\share\classfile\systemDictionary.cpp, line 313]
Event: 0.183 Thread 0x0000017fe38a9480 Exception <a 'java/lang/NoSuchMethodError'{0x00000007143a6950}: 'int java.lang.invoke.Invokers$Holder.invokeExact_MT(java.lang.Object, java.lang.Object)'> (0x00000007143a6950) 
thrown [s\open\src\hotspot\share\interpreter\linkResolver.cpp, line 774]
Event: 0.207 Thread 0x0000017fe38a9480 Exception <a 'java/lang/NoSuchMethodError'{0x00000007143efff8}: 'void java.lang.invoke.DirectMethodHandle$Holder.invokeStatic(java.lang.Object, java.lang.Object)'> (0x00000007143efff8) 
thrown [s\open\src\hotspot\share\interpreter\linkResolver.cpp, line 774]
Event: 0.226 Thread 0x0000017fe38a9480 Exception <a 'java/lang/NoSuchMethodError'{0x000000071411bfd8}: 'java.lang.Object java.lang.invoke.DirectMethodHandle$Holder.invokeInterface(java.lang.Object, java.lang.Object)'> (0x000000071411bfd8) 
thrown [s\open\src\hotspot\share\interpreter\linkResolver.cpp, line 774]
Event: 0.245 Thread 0x0000017fe38a9480 Exception <a 'java/lang/NoSuchMethodError'{0x0000000714199a50}: 'void java.lang.invoke.DirectMethodHandle$Holder.invokeStatic(java.lang.Object, java.lang.Object, java.lang.Object)'> (0x0000000714199a50) 
thrown [s\open\src\hotspot\share\interpreter\linkResolver.cpp, line 774]
Event: 0.247 Thread 0x0000017fe38a9480 Exception <a 'java/lang/NoSuchMethodError'{0x00000007141a29c8}: 'java.lang.Object java.lang.invoke.DirectMethodHandle$Holder.invokeVirtual(java.lang.Object, java.lang.Object, java.lang.Object)'> (0x00000007141a29c8) 
thrown [s\open\src\hotspot\share\interpreter\linkResolver.cpp, line 774]
Event: 0.349 Thread 0x0000017fe38a9480 Exception <a 'java/lang/NoSuchMethodError'{0x0000000713a8c490}: 'void java.lang.invoke.DirectMethodHandle$Holder.invokeStaticInit(java.lang.Object, java.lang.Object)'> (0x0000000713a8c490) 
thrown [s\open\src\hotspot\share\interpreter\linkResolver.cpp, line 774]
Event: 0.396 Thread 0x0000017fe38a9480 Exception <a 'sun/nio/fs/WindowsException'{0x0000000713832ab0}> (0x0000000713832ab0) 
thrown [s\open\src\hotspot\share\prims\jni.cpp, line 520]
Event: 0.423 Thread 0x0000017fe38a9480 Exception <a 'java/lang/NoSuchMethodError'{0x00000007138d93d0}: 'java.lang.Object java.lang.invoke.DirectMethodHandle$Holder.invokeStaticInit(java.lang.Object, int, int, int, int)'> (0x00000007138d93d0) 
thrown [s\open\src\hotspot\share\interpreter\linkResolver.cpp, line 774]
Event: 0.436 Thread 0x0000017fe38a9480 Exception <a 'java/lang/NoSuchMethodError'{0x0000000713998ea0}: 'java.lang.Object java.lang.invoke.DirectMethodHandle$Holder.invokeStaticInit(java.lang.Object, java.lang.Object, int, int, int, int)'> (0x0000000713998ea0) 
thrown [s\open\src\hotspot\share\interpreter\linkResolver.cpp, line 774]
Event: 0.532 Thread 0x0000017fe38a9480 Exception <a 'java/lang/NoSuchMethodError'{0x000000071370fe98}: 'void java.lang.invoke.DirectMethodHandle$Holder.invokeVirtual(java.lang.Object, java.lang.Object)'> (0x000000071370fe98) 
thrown [s\open\src\hotspot\share\interpreter\linkResolver.cpp, line 774]

ZGC Phase Switch (0 events):
No events

VM Operations (12 events):
Event: 0.058 Executing VM operation: HandshakeAllThreads (Deoptimize)
Event: 0.058 Executing VM operation: HandshakeAllThreads (Deoptimize) done
Event: 0.109 Executing VM operation: HandshakeAllThreads (Deoptimize)
Event: 0.109 Executing VM operation: HandshakeAllThreads (Deoptimize) done
Event: 0.196 Executing VM operation: HandshakeAllThreads (Deoptimize)
Event: 0.196 Executing VM operation: HandshakeAllThreads (Deoptimize) done
Event: 0.215 Executing VM operation: HandshakeAllThreads (Deoptimize)
Event: 0.215 Executing VM operation: HandshakeAllThreads (Deoptimize) done
Event: 0.384 Executing VM operation: HandshakeAllThreads (Deoptimize)
Event: 0.384 Executing VM operation: HandshakeAllThreads (Deoptimize) done
Event: 0.416 Executing VM operation: ICBufferFull
Event: 0.416 Executing VM operation: ICBufferFull done

Memory protections (0 events):
No events

Nmethod flushes (0 events):
No events

Events (20 events):
Event: 0.030 Thread 0x0000017fe38a9480 Thread added: 0x0000017fcb012440
Event: 0.031 Thread 0x0000017fe38a9480 Thread added: 0x0000017fcb012ea0
Event: 0.031 Thread 0x0000017fe38a9480 Thread added: 0x0000017fcb013900
Event: 0.031 Thread 0x0000017fe38a9480 Thread added: 0x0000017fcb0167d0
Event: 0.031 Thread 0x0000017fe38a9480 Thread added: 0x0000017fcb0191b0
Event: 0.047 Thread 0x0000017fe38a9480 Thread added: 0x0000017fcb129650
Event: 0.051 Thread 0x0000017fcb0191b0 Thread added: 0x0000017fcb1357e0
Event: 0.060 Thread 0x0000017fcb0191b0 Thread added: 0x0000017fcb157890
Event: 0.062 Thread 0x0000017fcb1357e0 Thread added: 0x0000017fcb186270
Event: 0.065 Thread 0x0000017fe38a9480 Thread added: 0x0000017fcb20da60
Event: 0.134 Thread 0x0000017fe38a9480 Thread added: 0x0000017fcb430ea0
Event: 0.134 Thread 0x0000017fe38a9480 Thread added: 0x0000017fcb4347f0
Event: 0.135 Thread 0x0000017fe38a9480 Thread added: 0x0000017fcb43e950
Event: 0.207 Thread 0x0000017fe38a9480 Thread added: 0x0000017fcb4593a0
Event: 0.238 Thread 0x0000017fcb0191b0 Thread added: 0x0000017fcb4b9e60
Event: 0.322 Thread 0x0000017fcb0191b0 Thread added: 0x0000017fcbb766d0
Event: 0.494 Thread 0x0000017fcb0167d0 Thread added: 0x0000017fcb999430
Event: 0.497 Thread 0x0000017fcb1357e0 Thread added: 0x0000017fcb69ec20
Event: 0.497 Thread 0x0000017fcb1357e0 Thread added: 0x0000017fcb797b20
Event: 0.501 Thread 0x0000017fcb157890 Thread added: 0x0000017fcbb72c50


Dynamic libraries:
0x00007ff7cc6e0000 - 0x00007ff7cc6f0000 	C:\Program Files\Java\jdk-22\bin\java.exe
0x00007ffbb7aa0000 - 0x00007ffbb7ca9000 	C:\Windows\SYSTEM32\ntdll.dll
0x00007ffbb6a10000 - 0x00007ffbb6acd000 	C:\Windows\System32\KERNEL32.DLL
0x00007ffbb5470000 - 0x00007ffbb57f4000 	C:\Windows\System32\KERNELBASE.dll
0x00007ffbb1d30000 - 0x00007ffbb1dc2000 	C:\Windows\SYSTEM32\apphelp.dll
0x00007ffbb51e0000 - 0x00007ffbb52f1000 	C:\Windows\System32\ucrtbase.dll
0x00007ffbacb40000 - 0x00007ffbacb5b000 	C:\Program Files\Java\jdk-22\bin\VCRUNTIME140.dll
0x00007ffb9ef20000 - 0x00007ffb9ef37000 	C:\Program Files\Java\jdk-22\bin\jli.dll
0x00007ffbb6760000 - 0x00007ffbb690d000 	C:\Windows\System32\USER32.dll
0x00007ffbb58c0000 - 0x00007ffbb58e6000 	C:\Windows\System32\win32u.dll
0x00007ffbb7010000 - 0x00007ffbb703a000 	C:\Windows\System32\GDI32.dll
0x00007ffb97f00000 - 0x00007ffb981a5000 	C:\Windows\WinSxS\amd64_microsoft.windows.common-controls_6595b64144ccf1df_6.0.22000.120_none_9d947278b86cc467\COMCTL32.dll
0x00007ffbb50c0000 - 0x00007ffbb51de000 	C:\Windows\System32\gdi32full.dll
0x00007ffbb4fa0000 - 0x00007ffbb503d000 	C:\Windows\System32\msvcp_win.dll
0x00007ffbb5b30000 - 0x00007ffbb5bd3000 	C:\Windows\System32\msvcrt.dll
0x00007ffbb62a0000 - 0x00007ffbb62d1000 	C:\Windows\System32\IMM32.DLL
0x00007ffbacb30000 - 0x00007ffbacb3c000 	C:\Program Files\Java\jdk-22\bin\vcruntime140_1.dll
0x00007ffb9e690000 - 0x00007ffb9e71e000 	C:\Program Files\Java\jdk-22\bin\msvcp140.dll
0x00007ffb4fae0000 - 0x00007ffb50829000 	C:\Program Files\Java\jdk-22\bin\server\jvm.dll
0x00007ffbb6f60000 - 0x00007ffbb700e000 	C:\Windows\System32\ADVAPI32.dll
0x00007ffbb6970000 - 0x00007ffbb6a0e000 	C:\Windows\System32\sechost.dll
0x00007ffbb70f0000 - 0x00007ffbb7211000 	C:\Windows\System32\RPCRT4.dll
0x00007ffbb79f0000 - 0x00007ffbb7a5f000 	C:\Windows\System32\WS2_32.dll
0x00007ffbb4ba0000 - 0x00007ffbb4bed000 	C:\Windows\SYSTEM32\POWRPROF.dll
0x00007ffbb2960000 - 0x00007ffbb2993000 	C:\Windows\SYSTEM32\WINMM.dll
0x00007ffb9d1a0000 - 0x00007ffb9d1aa000 	C:\Windows\SYSTEM32\VERSION.dll
0x00007ffbb49f0000 - 0x00007ffbb4a03000 	C:\Windows\SYSTEM32\UMPDC.dll
0x00007ffbb3ff0000 - 0x00007ffbb4008000 	C:\Windows\SYSTEM32\kernel.appcore.dll
0x00007ffba91d0000 - 0x00007ffba91da000 	C:\Program Files\Java\jdk-22\bin\jimage.dll
0x00007ffbb26a0000 - 0x00007ffbb28c1000 	C:\Windows\SYSTEM32\DBGHELP.DLL
0x00007ffbb2900000 - 0x00007ffbb2931000 	C:\Windows\SYSTEM32\dbgcore.DLL
0x00007ffbb5040000 - 0x00007ffbb50bf000 	C:\Windows\System32\bcryptPrimitives.dll
0x00007ffb9ef00000 - 0x00007ffb9ef1e000 	C:\Program Files\Java\jdk-22\bin\java.dll
0x00007ffbb7220000 - 0x00007ffbb79e5000 	C:\Windows\System32\SHELL32.dll
0x00007ffbb60d0000 - 0x00007ffbb626a000 	C:\Windows\System32\ole32.dll
0x00007ffbb5cc0000 - 0x00007ffbb6036000 	C:\Windows\System32\combase.dll
0x00007ffbb2fc0000 - 0x00007ffbb3822000 	C:\Windows\SYSTEM32\windows.storage.dll
0x00007ffbb2e50000 - 0x00007ffbb2fb7000 	C:\Windows\SYSTEM32\wintypes.dll
0x00007ffbb6b40000 - 0x00007ffbb6c2a000 	C:\Windows\System32\SHCORE.dll
0x00007ffbb6de0000 - 0x00007ffbb6e3d000 	C:\Windows\System32\shlwapi.dll
0x00007ffbb4e60000 - 0x00007ffbb4e85000 	C:\Windows\SYSTEM32\profapi.dll
0x00007ffb9db40000 - 0x00007ffb9dc17000 	C:\Program Files\Java\jdk-22\bin\jsvml.dll
0x00007ffba91b0000 - 0x00007ffba91c0000 	C:\Program Files\Java\jdk-22\bin\net.dll
0x00007ffbb44c0000 - 0x00007ffbb4527000 	C:\Windows\system32\mswsock.dll
0x00007ffb9ee00000 - 0x00007ffb9ee16000 	C:\Program Files\Java\jdk-22\bin\nio.dll
0x00007ffb9ede0000 - 0x00007ffb9edf7000 	C:\Program Files\Java\jdk-22\bin\zip.dll
0x00007ffb75aa0000 - 0x00007ffb75c2e000 	C:\Program Files\Java\jdk-22\bin\awt.dll
0x00007ffbb5be0000 - 0x00007ffbb5cb6000 	C:\Windows\System32\OLEAUT32.dll
0x00007ffbb2180000 - 0x00007ffbb21af000 	C:\Windows\system32\DWMAPI.DLL
0x00007ffbb1ee0000 - 0x00007ffbb1f8c000 	C:\Windows\system32\uxtheme.dll
0x00007ffb765e0000 - 0x00007ffb766e1000 	C:\Windows\system32\opengl32.dll
0x00007ffb9e860000 - 0x00007ffb9e88d000 	C:\Windows\SYSTEM32\GLU32.dll
0x00007ffbb1ff0000 - 0x00007ffbb2028000 	C:\Windows\SYSTEM32\dxcore.dll
0x00007ffbb6cc0000 - 0x00007ffbb6ddd000 	C:\Windows\System32\MSCTF.dll
0x00007ffbb3aa0000 - 0x00007ffbb3b87000 	C:\Windows\SYSTEM32\DNSAPI.dll
0x00007ffbb3a70000 - 0x00007ffbb3a9d000 	C:\Windows\SYSTEM32\IPHLPAPI.DLL
0x00007ffbb5960000 - 0x00007ffbb5969000 	C:\Windows\System32\NSI.dll
0x00007ffbaaa70000 - 0x00007ffbaaa7a000 	C:\Windows\System32\rasadhlp.dll
0x00007ffbab3c0000 - 0x00007ffbab441000 	C:\Windows\System32\fwpuclnt.dll
0x00007ffba3cf0000 - 0x00007ffba3cf9000 	C:\Program Files\Java\jdk-22\bin\extnet.dll
0x00007ffbb4710000 - 0x00007ffbb4728000 	C:\Windows\SYSTEM32\CRYPTSP.dll
0x00007ffbb3ed0000 - 0x00007ffbb3f05000 	C:\Windows\system32\rsaenh.dll
0x00007ffbb45b0000 - 0x00007ffbb45dc000 	C:\Windows\SYSTEM32\USERENV.dll
0x00007ffbb4880000 - 0x00007ffbb48a7000 	C:\Windows\SYSTEM32\bcrypt.dll
0x00007ffbb4700000 - 0x00007ffbb470c000 	C:\Windows\SYSTEM32\CRYPTBASE.dll
0x00007ffb9ec30000 - 0x00007ffb9ec3e000 	C:\Program Files\Java\jdk-22\bin\sunmscapi.dll
0x00007ffbb5300000 - 0x00007ffbb5462000 	C:\Windows\System32\CRYPT32.dll
0x00007ffbb4850000 - 0x00007ffbb4878000 	C:\Windows\SYSTEM32\ncrypt.dll
0x00007ffbb4810000 - 0x00007ffbb4847000 	C:\Windows\SYSTEM32\NTASN1.dll
0x00007ffba3d80000 - 0x00007ffba3d90000 	C:\Program Files\Java\jdk-22\bin\verify.dll

dbghelp: loaded successfully - version: 4.0.5 - missing functions: none
symbol engine: initialized successfully - sym options: 0x614 - pdb path: .;C:\Program Files\Java\jdk-22\bin;C:\Windows\SYSTEM32;C:\Windows\WinSxS\amd64_microsoft.windows.common-controls_6595b64144ccf1df_6.0.22000.120_none_9d947278b86cc467;C:\Program Files\Java\jdk-22\bin\server

VM Arguments:
jvm_args: -Dfile.encoding=UTF-8 --module-path=C:\Users\Zeeshan Akhtar\OneDrive\Documents\NetBeansProjects\AirlineManagementSystem\build\classes 
java_command: airlinemanagementsystem.BoardingPass
java_class_path (initial): C:\Users\Zeeshan Akhtar\Downloads\mysql-connector-java-8.0.28.jar;C:\Users\Zeeshan Akhtar\Downloads\rs2xml.jar;C:\Users\Zeeshan Akhtar\Downloads\jcalendar-tz-1.3.3-4.jar;C:\Users\Zeeshan Akhtar\OneDrive\Documents\NetBeansProjects\AirlineManagementSystem\build\classes
Launcher Type: SUN_STANDARD

[Global flags]
     intx CICompilerCount                          = 12                                        {product} {ergonomic}
     uint ConcGCThreads                            = 3                                         {product} {ergonomic}
     uint G1ConcRefinementThreads                  = 13                                        {product} {ergonomic}
   size_t G1HeapRegionSize                         = 2097152                                   {product} {ergonomic}
   size_t InitialHeapSize                          = 264241152                                 {product} {ergonomic}
   size_t MarkStackSize                            = 4194304                                   {product} {ergonomic}
   size_t MaxHeapSize                              = 4213178368                                {product} {ergonomic}
   size_t MaxNewSize                               = 2527068160                                {product} {ergonomic}
   size_t MinHeapDeltaBytes                        = 2097152                                   {product} {ergonomic}
   size_t MinHeapSize                              = 8388608                                   {product} {ergonomic}
    uintx NonNMethodCodeHeapSize                   = 7602480                                {pd product} {ergonomic}
    uintx NonProfiledCodeHeapSize                  = 122027880                              {pd product} {ergonomic}
    uintx ProfiledCodeHeapSize                     = 122027880                              {pd product} {ergonomic}
    uintx ReservedCodeCacheSize                    = 251658240                              {pd product} {ergonomic}
     bool SegmentedCodeCache                       = true                                      {product} {ergonomic}
   size_t SoftMaxHeapSize                          = 4213178368                             {manageable} {ergonomic}
     bool UseCompressedOops                        = true                           {product lp64_product} {ergonomic}
     bool UseG1GC                                  = true                                      {product} {ergonomic}
     bool UseLargePagesIndividualAllocation        = false                                  {pd product} {ergonomic}

Logging:
Log output configuration:
 #0: stdout all=warning uptime,level,tags foldmultilines=false
 #1: stderr all=off uptime,level,tags foldmultilines=false

Environment Variables:
JAVA_HOME=C:\Users\Zeeshan Akhtar\AppData\Local\Programs\Eclipse Adoptium\jdk-17.0.11.9-hotspot\
PATH=C:\Program Files\Common Files\Oracle\Java\javapath;C:\Program Files\Eclipse Adoptium\jdk-21.0.3.9-hotspot\bin;C:\Windows\system32;C:\Windows;C:\Windows\System32\Wbem;C:\Windows\System32\WindowsPowerShell\v1.0\;C:\Windows\System32\OpenSSH\;C:\Program Files\dotnet\;C:\Program Files\Java\jdk-22\bin;C:\Program Files\Git\cmd;C:\Program Files\Java\jdk-22\bin;C:\Program Files\MySQL\MySQL Shell 8.0\bin\;C:\Program Files\Java\jdk-22\bin;C:\Users\Zeeshan Akhtar\AppData\Local\Programs\Microsoft VS Code\bin
USERNAME=Zeeshan Akhtar
OS=Windows_NT
PROCESSOR_IDENTIFIER=Intel64 Family 6 Model 154 Stepping 3, GenuineIntel
TMP=C:\Users\ZEESHA~1\AppData\Local\Temp
TEMP=C:\Users\ZEESHA~1\AppData\Local\Temp




Periodic native trim disabled

---------------  S Y S T E M  ---------------

OS:
 Windows 11 , 64 bit Build 22000 (10.0.22000.2538)
OS uptime: 6 days 23:00 hours
Hyper-V role detected

CPU: total 16 (initial active 16) (8 cores per cpu, 2 threads per core) family 6 model 154 stepping 3 microcode 0x434, cx8, cmov, fxsr, ht, mmx, 3dnowpref, sse, sse2, sse3, ssse3, sse4.1, sse4.2, popcnt, lzcnt, tsc, tscinvbit, avx, avx2, aes, erms, clmul, bmi1, bmi2, adx, sha, fma, vzeroupper, clflush, clflushopt, clwb, hv, serialize, rdtscp, rdpid, fsrm, f16c, cet_ibt, cet_ss
Processor Information for processor 0
  Max Mhz: 1700, Current Mhz: 1700, Mhz Limit: 1190
Processor Information for processor 1
  Max Mhz: 1700, Current Mhz: 1700, Mhz Limit: 1190
Processor Information for processor 2
  Max Mhz: 1700, Current Mhz: 1700, Mhz Limit: 1700
Processor Information for processor 3
  Max Mhz: 1700, Current Mhz: 1700, Mhz Limit: 1700
Processor Information for processor 4
  Max Mhz: 1700, Current Mhz: 1700, Mhz Limit: 1700
Processor Information for processor 5
  Max Mhz: 1700, Current Mhz: 1700, Mhz Limit: 1700
Processor Information for processor 6
  Max Mhz: 1700, Current Mhz: 1700, Mhz Limit: 1700
Processor Information for processor 7
  Max Mhz: 1700, Current Mhz: 1700, Mhz Limit: 1700
Processor Information for processor 8
  Max Mhz: 1700, Current Mhz: 1200, Mhz Limit: 1190
Processor Information for processor 9
  Max Mhz: 1700, Current Mhz: 1200, Mhz Limit: 1190
Processor Information for processor 10
  Max Mhz: 1700, Current Mhz: 1200, Mhz Limit: 1190
Processor Information for processor 11
  Max Mhz: 1700, Current Mhz: 1200, Mhz Limit: 1190
Processor Information for processor 12
  Max Mhz: 1700, Current Mhz: 1200, Mhz Limit: 1190
Processor Information for processor 13
  Max Mhz: 1700, Current Mhz: 1200, Mhz Limit: 1190
Processor Information for processor 14
  Max Mhz: 1700, Current Mhz: 1200, Mhz Limit: 1190
Processor Information for processor 15
  Max Mhz: 1700, Current Mhz: 1200, Mhz Limit: 1190

Memory: 4k page, system-wide physical 16068M (3981M free)
TotalPageFile size 42780M (AvailPageFile size 4M)
current process WorkingSet (physical memory assigned to process): 103M, peak: 103M
current process commit charge ("private bytes"): 389M, peak: 389M

vm_info: Java HotSpot(TM) 64-Bit Server VM (22.0.2+9-70) for windows-amd64 JRE (22.0.2+9-70), built on 2024-06-04T16:52:23Z by "mach5one" with MS VC++ 17.6 (VS2022)

END.
